

================================================================
== Vivado HLS Report for 'fir'
================================================================
* Date:           Mon Jun 14 14:59:43 2021

* Version:        2018.2 (Build 2258646 on Thu Jun 14 20:25:20 MDT 2018)
* Project:        hls1-fir
* Solution:       solution2
* Product family: zynq
* Target device:  xc7z020clg400-1


================================================================
== Performance Estimates
================================================================
+ Timing (ns): 
    * Summary: 
    +--------+-------+----------+------------+
    |  Clock | Target| Estimated| Uncertainty|
    +--------+-------+----------+------------+
    |ap_clk  |  10.00|     8.710|        1.25|
    +--------+-------+----------+------------+

+ Latency (clock cycles): 
    * Summary: 
    +-----+-----+-----+-----+---------+
    |  Latency  |  Interval | Pipeline|
    | min | max | min | max |   Type  |
    +-----+-----+-----+-----+---------+
    |    1|    1|    1|    1|   none  |
    +-----+-----+-----+-----+---------+

    + Detail: 
        * Instance: 
        N/A

        * Loop: 
        N/A

============================================================
+ Verbose Summary: Synthesis Manager
============================================================
InlineROM: 1
ExposeGlobal: 0
============================================================
+ Verbose Summary: CDFG Model
============================================================
IsTopModel: 1
ResetActiveHigh: 1
IsCombinational: 0
IsDatapathOnly: 0
HasWiredReturn: 1
HasMFsm: 0
HasVarLatency: 1
IsPipeline: 0
IsRtlPipelined: 0
IsInstanceOverlapped: 0
IsDontTouch: 0
HasImplIP: 0
IsGatedGlobalClock: 0


============================================================
+ Verbose Summary: Schedule
============================================================
* Number of FSM states : 2
* Pipeline : 0
* Dataflow Pipeline: 0

* FSM state transitions: 
1 --> 
	2  / true
2 --> 

* FSM state operations: 

State 1 <SV = 0> <Delay = 8.71>
ST_1 : Operation 3 [1/1] (0.00ns)   --->   "%data = load i8* @shift_reg_6, align 1" [fir.c:59]   --->   Operation 3 'load' 'data' <Predicate = true> <Delay = 0.00>
ST_1 : Operation 4 [1/1] (0.00ns)   --->   "%acc1 = call i11 @_ssdm_op_BitConcatenate.i11.i8.i3(i8 %data, i3 0)" [fir.c:61]   --->   Operation 4 'bitconcatenate' 'acc1' <Predicate = true> <Delay = 0.00>
ST_1 : Operation 5 [1/1] (0.00ns)   --->   "%data_1 = load i8* @shift_reg_5, align 1" [fir.c:63]   --->   Operation 5 'load' 'data_1' <Predicate = true> <Delay = 0.00>
ST_1 : Operation 6 [1/1] (0.00ns)   --->   "store i8 %data_1, i8* @shift_reg_6, align 1" [fir.c:63]   --->   Operation 6 'store' <Predicate = true> <Delay = 0.00>
ST_1 : Operation 7 [1/1] (0.00ns)   --->   "%tmp_2 = zext i8 %data_1 to i12" [fir.c:65]   --->   Operation 7 'zext' 'tmp_2' <Predicate = true> <Delay = 0.00>
ST_1 : Operation 8 [1/1] (0.00ns)   --->   "%p_shl4 = call i11 @_ssdm_op_BitConcatenate.i11.i8.i3(i8 %data_1, i3 0)" [fir.c:65]   --->   Operation 8 'bitconcatenate' 'p_shl4' <Predicate = true> <Delay = 0.00>
ST_1 : Operation 9 [1/1] (0.00ns)   --->   "%p_shl4_cast = zext i11 %p_shl4 to i12" [fir.c:65]   --->   Operation 9 'zext' 'p_shl4_cast' <Predicate = true> <Delay = 0.00>
ST_1 : Operation 10 [1/1] (1.63ns)   --->   "%mul = sub i12 %p_shl4_cast, %tmp_2" [fir.c:65]   --->   Operation 10 'sub' 'mul' <Predicate = true> <Delay = 1.63> <Core = "AddSub">   --->   Core 14 'AddSub' <Latency = 0> <II = 1> <Delay = 1.81> <FuncUnit> <Opcode : 'add' 'sub'> <InPorts = 2> <OutPorts = 1>
ST_1 : Operation 11 [1/1] (0.00ns)   --->   "%tmp_4 = zext i11 %acc1 to i13" [fir.c:66]   --->   Operation 11 'zext' 'tmp_4' <Predicate = true> <Delay = 0.00>
ST_1 : Operation 12 [1/1] (0.00ns)   --->   "%tmp_5 = zext i12 %mul to i13" [fir.c:66]   --->   Operation 12 'zext' 'tmp_5' <Predicate = true> <Delay = 0.00>
ST_1 : Operation 13 [1/1] (1.54ns)   --->   "%acc2 = add i13 %tmp_5, %tmp_4" [fir.c:66]   --->   Operation 13 'add' 'acc2' <Predicate = true> <Delay = 1.54> <Core = "AddSub">   --->   Core 14 'AddSub' <Latency = 0> <II = 1> <Delay = 1.81> <FuncUnit> <Opcode : 'add' 'sub'> <InPorts = 2> <OutPorts = 1>
ST_1 : Operation 14 [1/1] (0.00ns)   --->   "%data_2 = load i8* @shift_reg_4, align 1" [fir.c:68]   --->   Operation 14 'load' 'data_2' <Predicate = true> <Delay = 0.00>
ST_1 : Operation 15 [1/1] (0.00ns)   --->   "store i8 %data_2, i8* @shift_reg_5, align 1" [fir.c:68]   --->   Operation 15 'store' <Predicate = true> <Delay = 0.00>
ST_1 : Operation 16 [1/1] (0.00ns)   --->   "%p_shl2 = call i11 @_ssdm_op_BitConcatenate.i11.i8.i3(i8 %data_2, i3 0)" [fir.c:70]   --->   Operation 16 'bitconcatenate' 'p_shl2' <Predicate = true> <Delay = 0.00>
ST_1 : Operation 17 [1/1] (0.00ns)   --->   "%p_shl2_cast = zext i11 %p_shl2 to i12" [fir.c:70]   --->   Operation 17 'zext' 'p_shl2_cast' <Predicate = true> <Delay = 0.00>
ST_1 : Operation 18 [1/1] (0.00ns)   --->   "%p_shl3 = call i9 @_ssdm_op_BitConcatenate.i9.i8.i1(i8 %data_2, i1 false)" [fir.c:70]   --->   Operation 18 'bitconcatenate' 'p_shl3' <Predicate = true> <Delay = 0.00>
ST_1 : Operation 19 [1/1] (0.00ns)   --->   "%p_shl3_cast = zext i9 %p_shl3 to i12" [fir.c:70]   --->   Operation 19 'zext' 'p_shl3_cast' <Predicate = true> <Delay = 0.00>
ST_1 : Operation 20 [1/1] (1.63ns)   --->   "%mul_1 = sub i12 %p_shl2_cast, %p_shl3_cast" [fir.c:70]   --->   Operation 20 'sub' 'mul_1' <Predicate = true> <Delay = 1.63> <Core = "AddSub">   --->   Core 14 'AddSub' <Latency = 0> <II = 1> <Delay = 1.81> <FuncUnit> <Opcode : 'add' 'sub'> <InPorts = 2> <OutPorts = 1>
ST_1 : Operation 21 [1/1] (0.00ns)   --->   "%tmp_9 = zext i13 %acc2 to i14" [fir.c:71]   --->   Operation 21 'zext' 'tmp_9' <Predicate = true> <Delay = 0.00>
ST_1 : Operation 22 [1/1] (0.00ns)   --->   "%tmp_s = zext i12 %mul_1 to i14" [fir.c:71]   --->   Operation 22 'zext' 'tmp_s' <Predicate = true> <Delay = 0.00>
ST_1 : Operation 23 [1/1] (1.67ns)   --->   "%acc3 = add i14 %tmp_s, %tmp_9" [fir.c:71]   --->   Operation 23 'add' 'acc3' <Predicate = true> <Delay = 1.67> <Core = "AddSub">   --->   Core 14 'AddSub' <Latency = 0> <II = 1> <Delay = 1.81> <FuncUnit> <Opcode : 'add' 'sub'> <InPorts = 2> <OutPorts = 1>
ST_1 : Operation 24 [1/1] (0.00ns)   --->   "%data_3 = load i8* @shift_reg_3, align 1" [fir.c:73]   --->   Operation 24 'load' 'data_3' <Predicate = true> <Delay = 0.00>
ST_1 : Operation 25 [1/1] (0.00ns)   --->   "store i8 %data_3, i8* @shift_reg_4, align 1" [fir.c:73]   --->   Operation 25 'store' <Predicate = true> <Delay = 0.00>
ST_1 : Operation 26 [1/1] (0.00ns)   --->   "%tmp_1_cast2 = zext i8 %data_3 to i11" [fir.c:75]   --->   Operation 26 'zext' 'tmp_1_cast2' <Predicate = true> <Delay = 0.00>
ST_1 : Operation 27 [1/1] (0.00ns)   --->   "%p_shl1 = call i10 @_ssdm_op_BitConcatenate.i10.i8.i2(i8 %data_3, i2 0)" [fir.c:75]   --->   Operation 27 'bitconcatenate' 'p_shl1' <Predicate = true> <Delay = 0.00>
ST_1 : Operation 28 [1/1] (0.00ns)   --->   "%p_shl1_cast = zext i10 %p_shl1 to i11" [fir.c:75]   --->   Operation 28 'zext' 'p_shl1_cast' <Predicate = true> <Delay = 0.00>
ST_1 : Operation 29 [1/1] (1.73ns)   --->   "%mul_2 = add i11 %tmp_1_cast2, %p_shl1_cast" [fir.c:75]   --->   Operation 29 'add' 'mul_2' <Predicate = true> <Delay = 1.73> <Core = "AddSub">   --->   Core 14 'AddSub' <Latency = 0> <II = 1> <Delay = 1.81> <FuncUnit> <Opcode : 'add' 'sub'> <InPorts = 2> <OutPorts = 1>
ST_1 : Operation 30 [1/1] (0.00ns)   --->   "%tmp_6_cast = zext i11 %mul_2 to i14" [fir.c:76]   --->   Operation 30 'zext' 'tmp_6_cast' <Predicate = true> <Delay = 0.00>
ST_1 : Operation 31 [1/1] (0.00ns) (grouped into TernaryAdder)   --->   "%acc4 = add i14 %tmp_6_cast, %acc3" [fir.c:76]   --->   Operation 31 'add' 'acc4' <Predicate = true> <Delay = 0.00> <Core = "TAddSub">   --->   Core 80 'TAddSub' <Latency = 0> <II = 1> <Delay = 1.93> <IPBlock> <Opcode : 'add' 'sub'> <InPorts = 3> <OutPorts = 1> <Sync> <CReg>
ST_1 : Operation 32 [1/1] (0.00ns)   --->   "%data_4 = load i8* @shift_reg_2, align 1" [fir.c:78]   --->   Operation 32 'load' 'data_4' <Predicate = true> <Delay = 0.00>
ST_1 : Operation 33 [1/1] (0.00ns)   --->   "store i8 %data_4, i8* @shift_reg_3, align 1" [fir.c:78]   --->   Operation 33 'store' <Predicate = true> <Delay = 0.00>
ST_1 : Operation 34 [1/1] (0.00ns)   --->   "%mul_3 = call i10 @_ssdm_op_BitConcatenate.i10.i8.i2(i8 %data_4, i2 0)" [fir.c:80]   --->   Operation 34 'bitconcatenate' 'mul_3' <Predicate = true> <Delay = 0.00>
ST_1 : Operation 35 [1/1] (0.00ns)   --->   "%tmp_11_cast = zext i10 %mul_3 to i14" [fir.c:81]   --->   Operation 35 'zext' 'tmp_11_cast' <Predicate = true> <Delay = 0.00>
ST_1 : Operation 36 [1/1] (3.84ns) (root node of TernaryAdder)   --->   "%acc5 = add i14 %tmp_11_cast, %acc4" [fir.c:81]   --->   Operation 36 'add' 'acc5' <Predicate = true> <Delay = 3.84> <Core = "TAddSub">   --->   Core 80 'TAddSub' <Latency = 0> <II = 1> <Delay = 1.93> <IPBlock> <Opcode : 'add' 'sub'> <InPorts = 3> <OutPorts = 1> <Sync> <CReg>

State 2 <SV = 1> <Delay = 7.41>
ST_2 : Operation 37 [1/1] (0.00ns)   --->   "call void (...)* @_ssdm_op_SpecBitsMap(i19* %y) nounwind, !map !7"   --->   Operation 37 'specbitsmap' <Predicate = true> <Delay = 0.00>
ST_2 : Operation 38 [1/1] (0.00ns)   --->   "call void (...)* @_ssdm_op_SpecBitsMap(i8 %x) nounwind, !map !13"   --->   Operation 38 'specbitsmap' <Predicate = true> <Delay = 0.00>
ST_2 : Operation 39 [1/1] (0.00ns)   --->   "call void (...)* @_ssdm_op_SpecTopModule([4 x i8]* @fir_str) nounwind"   --->   Operation 39 'spectopmodule' <Predicate = true> <Delay = 0.00>
ST_2 : Operation 40 [1/1] (0.00ns)   --->   "%x_read = call i8 @_ssdm_op_Read.ap_auto.i8(i8 %x) nounwind"   --->   Operation 40 'read' 'x_read' <Predicate = true> <Delay = 0.00>
ST_2 : Operation 41 [1/1] (0.00ns)   --->   "%data_5 = load i8* @shift_reg_1, align 1" [fir.c:83]   --->   Operation 41 'load' 'data_5' <Predicate = true> <Delay = 0.00>
ST_2 : Operation 42 [1/1] (0.00ns)   --->   "store i8 %data_5, i8* @shift_reg_2, align 1" [fir.c:83]   --->   Operation 42 'store' <Predicate = true> <Delay = 0.00>
ST_2 : Operation 43 [1/1] (0.00ns)   --->   "%tmp_12_cast1 = zext i8 %data_5 to i11" [fir.c:85]   --->   Operation 43 'zext' 'tmp_12_cast1' <Predicate = true> <Delay = 0.00>
ST_2 : Operation 44 [1/1] (0.00ns)   --->   "%p_shl = call i10 @_ssdm_op_BitConcatenate.i10.i8.i2(i8 %data_5, i2 0)" [fir.c:85]   --->   Operation 44 'bitconcatenate' 'p_shl' <Predicate = true> <Delay = 0.00>
ST_2 : Operation 45 [1/1] (0.00ns)   --->   "%p_shl_cast = zext i10 %p_shl to i11" [fir.c:85]   --->   Operation 45 'zext' 'p_shl_cast' <Predicate = true> <Delay = 0.00>
ST_2 : Operation 46 [1/1] (1.73ns)   --->   "%mul_4 = sub i11 %p_shl_cast, %tmp_12_cast1" [fir.c:85]   --->   Operation 46 'sub' 'mul_4' <Predicate = true> <Delay = 1.73> <Core = "AddSub">   --->   Core 14 'AddSub' <Latency = 0> <II = 1> <Delay = 1.81> <FuncUnit> <Opcode : 'add' 'sub'> <InPorts = 2> <OutPorts = 1>
ST_2 : Operation 47 [1/1] (0.00ns)   --->   "%mul_4_cast = sext i11 %mul_4 to i12" [fir.c:85]   --->   Operation 47 'sext' 'mul_4_cast' <Predicate = true> <Delay = 0.00>
ST_2 : Operation 48 [1/1] (0.00ns)   --->   "%tmp_13_cast = zext i14 %acc5 to i15" [fir.c:86]   --->   Operation 48 'zext' 'tmp_13_cast' <Predicate = true> <Delay = 0.00>
ST_2 : Operation 49 [1/1] (0.00ns)   --->   "%tmp_14_cast = zext i12 %mul_4_cast to i15" [fir.c:86]   --->   Operation 49 'zext' 'tmp_14_cast' <Predicate = true> <Delay = 0.00>
ST_2 : Operation 50 [1/1] (1.81ns)   --->   "%acc6 = add i15 %tmp_14_cast, %tmp_13_cast" [fir.c:86]   --->   Operation 50 'add' 'acc6' <Predicate = true> <Delay = 1.81> <Core = "AddSub">   --->   Core 14 'AddSub' <Latency = 0> <II = 1> <Delay = 1.81> <FuncUnit> <Opcode : 'add' 'sub'> <InPorts = 2> <OutPorts = 1>
ST_2 : Operation 51 [1/1] (0.00ns)   --->   "%data_6 = load i8* @shift_reg_0, align 1" [fir.c:88]   --->   Operation 51 'load' 'data_6' <Predicate = true> <Delay = 0.00>
ST_2 : Operation 52 [1/1] (0.00ns)   --->   "store i8 %data_6, i8* @shift_reg_1, align 1" [fir.c:88]   --->   Operation 52 'store' <Predicate = true> <Delay = 0.00>
ST_2 : Operation 53 [1/1] (0.00ns)   --->   "%mul_5 = call i9 @_ssdm_op_BitConcatenate.i9.i8.i1(i8 %data_6, i1 false)" [fir.c:90]   --->   Operation 53 'bitconcatenate' 'mul_5' <Predicate = true> <Delay = 0.00>
ST_2 : Operation 54 [1/1] (0.00ns)   --->   "%tmp_17_cast = zext i9 %mul_5 to i15" [fir.c:91]   --->   Operation 54 'zext' 'tmp_17_cast' <Predicate = true> <Delay = 0.00>
ST_2 : Operation 55 [1/1] (0.00ns) (grouped into TernaryAdder)   --->   "%acc7 = add i15 %tmp_17_cast, %acc6" [fir.c:91]   --->   Operation 55 'add' 'acc7' <Predicate = true> <Delay = 0.00> <Core = "TAddSub">   --->   Core 80 'TAddSub' <Latency = 0> <II = 1> <Delay = 1.93> <IPBlock> <Opcode : 'add' 'sub'> <InPorts = 3> <OutPorts = 1> <Sync> <CReg>
ST_2 : Operation 56 [1/1] (0.00ns)   --->   "store i8 %x_read, i8* @shift_reg_0, align 1" [fir.c:93]   --->   Operation 56 'store' <Predicate = true> <Delay = 0.00>
ST_2 : Operation 57 [1/1] (0.00ns)   --->   "%tmp_19_cast = zext i8 %x_read to i15" [fir.c:96]   --->   Operation 57 'zext' 'tmp_19_cast' <Predicate = true> <Delay = 0.00>
ST_2 : Operation 58 [1/1] (3.87ns) (root node of TernaryAdder)   --->   "%acc8 = add i15 %tmp_19_cast, %acc7" [fir.c:96]   --->   Operation 58 'add' 'acc8' <Predicate = true> <Delay = 3.87> <Core = "TAddSub">   --->   Core 80 'TAddSub' <Latency = 0> <II = 1> <Delay = 1.93> <IPBlock> <Opcode : 'add' 'sub'> <InPorts = 3> <OutPorts = 1> <Sync> <CReg>
ST_2 : Operation 59 [1/1] (0.00ns)   --->   "%acc8_cast = zext i15 %acc8 to i19" [fir.c:96]   --->   Operation 59 'zext' 'acc8_cast' <Predicate = true> <Delay = 0.00>
ST_2 : Operation 60 [1/1] (0.00ns)   --->   "call void @_ssdm_op_Write.ap_auto.i19P(i19* %y, i19 %acc8_cast) nounwind" [fir.c:98]   --->   Operation 60 'write' <Predicate = true> <Delay = 0.00>
ST_2 : Operation 61 [1/1] (0.00ns)   --->   "ret void" [fir.c:99]   --->   Operation 61 'ret' <Predicate = true> <Delay = 0.00>


============================================================
+ Verbose Summary: Timing violations
============================================================
Target clock period: 10ns, clock uncertainty: 1.25ns.

 <State 1>: 8.71ns
The critical path consists of the following:
	'load' operation ('data', fir.c:63) on static variable 'shift_reg_5' [16]  (0 ns)
	'sub' operation ('mul', fir.c:65) [21]  (1.64 ns)
	'add' operation ('acc2', fir.c:66) [24]  (1.55 ns)
	'add' operation ('acc3', fir.c:71) [34]  (1.68 ns)
	'add' operation ('acc4', fir.c:76) [42]  (0 ns)
	'add' operation ('acc5', fir.c:81) [47]  (3.84 ns)

 <State 2>: 7.42ns
The critical path consists of the following:
	'load' operation ('data', fir.c:83) on static variable 'shift_reg_1' [48]  (0 ns)
	'sub' operation ('mul', fir.c:85) [53]  (1.73 ns)
	'add' operation ('acc6', fir.c:86) [57]  (1.81 ns)
	'add' operation ('acc7', fir.c:91) [62]  (0 ns)
	'add' operation ('acc8', fir.c:96) [65]  (3.87 ns)


============================================================
+ Verbose Summary: Binding
============================================================
N/A
* FSMD analyzer results:
  - Output states:
 - Input state : 
  - Chain level:
	State 1
	State 2


============================================================
+ Verbose Summary: Datapath Resource usage 
============================================================
N/A
