==============================================================
File generated by Vivado(TM) HLS - High-Level Synthesis from C, C++ and SystemC
Version: 2018.2
Copyright (C) 1986-2018 Xilinx, Inc. All Rights Reserved.

==============================================================

INFO: [SYN 201-201] Setting up clock 'default' with a period of 10ns.
INFO: [HLS 200-10] Setting target device to 'xc7z020clg484-1'
INFO: [HLS 200-10] Analyzing design file 'svm_top.cpp' ... 
INFO: [HLS 200-10] Analyzing design file 'svm.cpp' ... 
INFO: [HLS 200-111] Finished Linking Time (s): cpu = 00:00:01 ; elapsed = 00:00:17 . Memory (MB): peak = 101.852 ; gain = 45.859
INFO: [HLS 200-111] Finished Checking Pragmas Time (s): cpu = 00:00:01 ; elapsed = 00:00:17 . Memory (MB): peak = 101.852 ; gain = 45.859
INFO: [HLS 200-10] Starting code transformations ...
INFO: [HLS 200-111] Finished Standard Transforms Time (s): cpu = 00:00:01 ; elapsed = 00:00:18 . Memory (MB): peak = 111.098 ; gain = 55.105
INFO: [HLS 200-10] Checking synthesizability ...
INFO: [HLS 200-111] Finished Checking Synthesizability Time (s): cpu = 00:00:01 ; elapsed = 00:00:18 . Memory (MB): peak = 117.848 ; gain = 61.855
INFO: [XFORM 203-101] Partitioning array 'x2' (svm_top.cpp:14) in dimension 1 with a cyclic factor 9.
INFO: [XFORM 203-101] Partitioning array 'SupVec'  in dimension 2 with a cyclic factor 9.
INFO: [XFORM 203-101] Partitioning array 'x0' (svm_top.cpp:12) in dimension 1 with a cyclic factor 9.
INFO: [XFORM 203-101] Partitioning array 'x1' (svm_top.cpp:13) in dimension 1 with a cyclic factor 9.
WARNING: [XFORM 203-713] Reading dataflow channel 'x1[0]' in the middle of dataflow may stall the dataflow pipeline:
WARNING: [XFORM 203-713] Argument 'x1[0]' has read operations in process function 'svm6'.
WARNING: [XFORM 203-713] Reading dataflow channel 'x1[1]' in the middle of dataflow may stall the dataflow pipeline:
WARNING: [XFORM 203-713] Argument 'x1[1]' has read operations in process function 'svm6'.
WARNING: [XFORM 203-713] Reading dataflow channel 'x1[2]' in the middle of dataflow may stall the dataflow pipeline:
WARNING: [XFORM 203-713] Argument 'x1[2]' has read operations in process function 'svm6'.
WARNING: [XFORM 203-713] Reading dataflow channel 'x1[3]' in the middle of dataflow may stall the dataflow pipeline:
WARNING: [XFORM 203-713] Argument 'x1[3]' has read operations in process function 'svm6'.
WARNING: [XFORM 203-713] Reading dataflow channel 'x1[4]' in the middle of dataflow may stall the dataflow pipeline:
WARNING: [XFORM 203-713] Argument 'x1[4]' has read operations in process function 'svm6'.
WARNING: [XFORM 203-713] Reading dataflow channel 'x1[5]' in the middle of dataflow may stall the dataflow pipeline:
WARNING: [XFORM 203-713] Argument 'x1[5]' has read operations in process function 'svm6'.
WARNING: [XFORM 203-713] Reading dataflow channel 'x1[6]' in the middle of dataflow may stall the dataflow pipeline:
WARNING: [XFORM 203-713] Argument 'x1[6]' has read operations in process function 'svm6'.
WARNING: [XFORM 203-713] Reading dataflow channel 'x1[7]' in the middle of dataflow may stall the dataflow pipeline:
WARNING: [XFORM 203-713] Argument 'x1[7]' has read operations in process function 'svm6'.
WARNING: [XFORM 203-713] Reading dataflow channel 'x1[8]' in the middle of dataflow may stall the dataflow pipeline:
WARNING: [XFORM 203-713] Argument 'x1[8]' has read operations in process function 'svm6'.
WARNING: [XFORM 203-713] Reading dataflow channel 'x2[0]' in the middle of dataflow may stall the dataflow pipeline:
WARNING: [XFORM 203-713] Argument 'x2[0]' has read operations in process function 'svm'.
WARNING: [XFORM 203-713] Reading dataflow channel 'x2[1]' in the middle of dataflow may stall the dataflow pipeline:
WARNING: [XFORM 203-713] Argument 'x2[1]' has read operations in process function 'svm'.
WARNING: [XFORM 203-713] Reading dataflow channel 'x2[2]' in the middle of dataflow may stall the dataflow pipeline:
WARNING: [XFORM 203-713] Argument 'x2[2]' has read operations in process function 'svm'.
WARNING: [XFORM 203-713] Reading dataflow channel 'x2[3]' in the middle of dataflow may stall the dataflow pipeline:
WARNING: [XFORM 203-713] Argument 'x2[3]' has read operations in process function 'svm'.
WARNING: [XFORM 203-713] Reading dataflow channel 'x2[4]' in the middle of dataflow may stall the dataflow pipeline:
WARNING: [XFORM 203-713] Argument 'x2[4]' has read operations in process function 'svm'.
WARNING: [XFORM 203-713] Reading dataflow channel 'x2[5]' in the middle of dataflow may stall the dataflow pipeline:
WARNING: [XFORM 203-713] Argument 'x2[5]' has read operations in process function 'svm'.
WARNING: [XFORM 203-713] Reading dataflow channel 'x2[6]' in the middle of dataflow may stall the dataflow pipeline:
WARNING: [XFORM 203-713] Argument 'x2[6]' has read operations in process function 'svm'.
WARNING: [XFORM 203-713] Reading dataflow channel 'x2[7]' in the middle of dataflow may stall the dataflow pipeline:
WARNING: [XFORM 203-713] Argument 'x2[7]' has read operations in process function 'svm'.
WARNING: [XFORM 203-713] Reading dataflow channel 'x2[8]' in the middle of dataflow may stall the dataflow pipeline:
WARNING: [XFORM 203-713] Argument 'x2[8]' has read operations in process function 'svm'.
INFO: [XFORM 203-712] Applying dataflow to function 'svm_top', detected/extracted 3 process function(s): 
	 'svm5'
	 'svm6'
	 'svm'.
INFO: [HLS 200-111] Finished Pre-synthesis Time (s): cpu = 00:00:02 ; elapsed = 00:00:21 . Memory (MB): peak = 146.133 ; gain = 90.141
INFO: [HLS 200-111] Finished Architecture Synthesis Time (s): cpu = 00:00:02 ; elapsed = 00:00:22 . Memory (MB): peak = 167.234 ; gain = 111.242
INFO: [HLS 200-10] Starting hardware synthesis ...
INFO: [HLS 200-10] Synthesizing 'svm_top' ...
INFO: [HLS 200-10] ----------------------------------------------------------------
INFO: [HLS 200-42] -- Implementing module 'svm5' 
INFO: [HLS 200-10] ----------------------------------------------------------------
INFO: [SCHED 204-11] Starting scheduling ...
INFO: [SCHED 204-11] Finished scheduling.
INFO: [HLS 200-111]  Elapsed time: 21.939 seconds; current allocated memory: 125.954 MB.
INFO: [HLS 200-434] Only 0 loops out of a total 2 loops have been pipelined in this design.
INFO: [BIND 205-100] Starting micro-architecture generation ...
INFO: [BIND 205-101] Performing variable lifetime analysis.
INFO: [BIND 205-101] Exploring resource sharing.
INFO: [BIND 205-101] Binding ...
INFO: [BIND 205-100] Finished micro-architecture generation.
INFO: [HLS 200-111]  Elapsed time: 0.371 seconds; current allocated memory: 126.795 MB.
INFO: [HLS 200-10] ----------------------------------------------------------------
INFO: [HLS 200-42] -- Implementing module 'svm6' 
INFO: [HLS 200-10] ----------------------------------------------------------------
INFO: [SCHED 204-11] Starting scheduling ...
INFO: [SCHED 204-11] Finished scheduling.
INFO: [HLS 200-111]  Elapsed time: 0.885 seconds; current allocated memory: 127.579 MB.
INFO: [BIND 205-100] Starting micro-architecture generation ...
INFO: [BIND 205-101] Performing variable lifetime analysis.
INFO: [BIND 205-101] Exploring resource sharing.
INFO: [BIND 205-101] Binding ...
INFO: [BIND 205-100] Finished micro-architecture generation.
INFO: [HLS 200-111]  Elapsed time: 0.6 seconds; current allocated memory: 128.312 MB.
INFO: [HLS 200-10] ----------------------------------------------------------------
INFO: [HLS 200-42] -- Implementing module 'svm' 
INFO: [HLS 200-10] ----------------------------------------------------------------
INFO: [SCHED 204-11] Starting scheduling ...
INFO: [SCHED 204-11] Finished scheduling.
INFO: [HLS 200-111]  Elapsed time: 0.989 seconds; current allocated memory: 129.028 MB.
INFO: [BIND 205-100] Starting micro-architecture generation ...
INFO: [BIND 205-101] Performing variable lifetime analysis.
INFO: [BIND 205-101] Exploring resource sharing.
INFO: [BIND 205-101] Binding ...
INFO: [BIND 205-100] Finished micro-architecture generation.
INFO: [HLS 200-111]  Elapsed time: 0.535 seconds; current allocated memory: 129.797 MB.
INFO: [HLS 200-10] ----------------------------------------------------------------
INFO: [HLS 200-42] -- Implementing module 'svm_top' 
INFO: [HLS 200-10] ----------------------------------------------------------------
INFO: [SCHED 204-11] Starting scheduling ...
INFO: [SCHED 204-11] Finished scheduling.
INFO: [HLS 200-111]  Elapsed time: 0.594 seconds; current allocated memory: 129.884 MB.
INFO: [BIND 205-100] Starting micro-architecture generation ...
INFO: [BIND 205-101] Performing variable lifetime analysis.
INFO: [BIND 205-101] Exploring resource sharing.
INFO: [BIND 205-101] Binding ...
INFO: [BIND 205-100] Finished micro-architecture generation.
INFO: [HLS 200-111]  Elapsed time: 0.821 seconds; current allocated memory: 130.088 MB.
INFO: [HLS 200-10] ----------------------------------------------------------------
INFO: [HLS 200-10] -- Generating RTL for module 'svm5' 
INFO: [HLS 200-10] ----------------------------------------------------------------
INFO: [SYN 201-210] Renamed object name 'svm_top_faddfsub_32ns_32ns_32_5_full_dsp_1' to 'svm_top_faddfsub_bkb' due to the length limit 20
INFO: [SYN 201-210] Renamed object name 'svm_top_fsub_32ns_32ns_32_5_full_dsp_1' to 'svm_top_fsub_32nscud' due to the length limit 20
INFO: [SYN 201-210] Renamed object name 'svm_top_fmul_32ns_32ns_32_4_max_dsp_1' to 'svm_top_fmul_32nsdEe' due to the length limit 20
INFO: [SYN 201-210] Renamed object name 'svm_top_fpext_32ns_64_1_1' to 'svm_top_fpext_32neOg' due to the length limit 20
INFO: [SYN 201-210] Renamed object name 'svm_top_dadd_64ns_64ns_64_5_full_dsp_1' to 'svm_top_dadd_64nsfYi' due to the length limit 20
INFO: [SYN 201-210] Renamed object name 'svm_top_dmul_64ns_64ns_64_6_max_dsp_1' to 'svm_top_dmul_64nsg8j' due to the length limit 20
INFO: [SYN 201-210] Renamed object name 'svm_top_dcmp_64ns_64ns_1_1_1' to 'svm_top_dcmp_64nshbi' due to the length limit 20
INFO: [SYN 201-210] Renamed object name 'svm_top_dexp_64ns_64ns_64_18_full_dsp_1' to 'svm_top_dexp_64nsibs' due to the length limit 20
INFO: [RTGEN 206-100] Generating core module 'svm_top_dadd_64nsfYi': 1 instance(s).
INFO: [RTGEN 206-100] Generating core module 'svm_top_dcmp_64nshbi': 1 instance(s).
INFO: [RTGEN 206-100] Generating core module 'svm_top_dexp_64nsibs': 1 instance(s).
INFO: [RTGEN 206-100] Generating core module 'svm_top_dmul_64nsg8j': 1 instance(s).
INFO: [RTGEN 206-100] Generating core module 'svm_top_faddfsub_bkb': 1 instance(s).
INFO: [RTGEN 206-100] Generating core module 'svm_top_fmul_32nsdEe': 2 instance(s).
INFO: [RTGEN 206-100] Generating core module 'svm_top_fpext_32neOg': 1 instance(s).
INFO: [RTGEN 206-100] Generating core module 'svm_top_fsub_32nscud': 3 instance(s).
INFO: [RTGEN 206-100] Finished creating RTL model for 'svm5'.
INFO: [HLS 200-111]  Elapsed time: 0.806 seconds; current allocated memory: 131.834 MB.
INFO: [HLS 200-10] ----------------------------------------------------------------
INFO: [HLS 200-10] -- Generating RTL for module 'svm6' 
INFO: [HLS 200-10] ----------------------------------------------------------------
INFO: [RTGEN 206-100] Generating core module 'svm_top_dadd_64nsfYi': 1 instance(s).
INFO: [RTGEN 206-100] Generating core module 'svm_top_dcmp_64nshbi': 1 instance(s).
INFO: [RTGEN 206-100] Generating core module 'svm_top_dexp_64nsibs': 1 instance(s).
INFO: [RTGEN 206-100] Generating core module 'svm_top_dmul_64nsg8j': 1 instance(s).
INFO: [RTGEN 206-100] Generating core module 'svm_top_faddfsub_bkb': 1 instance(s).
INFO: [RTGEN 206-100] Generating core module 'svm_top_fmul_32nsdEe': 2 instance(s).
INFO: [RTGEN 206-100] Generating core module 'svm_top_fpext_32neOg': 1 instance(s).
INFO: [RTGEN 206-100] Generating core module 'svm_top_fsub_32nscud': 3 instance(s).
INFO: [RTGEN 206-100] Finished creating RTL model for 'svm6'.
INFO: [HLS 200-111]  Elapsed time: 1.435 seconds; current allocated memory: 133.663 MB.
INFO: [HLS 200-10] ----------------------------------------------------------------
INFO: [HLS 200-10] -- Generating RTL for module 'svm' 
INFO: [HLS 200-10] ----------------------------------------------------------------
INFO: [RTGEN 206-100] Generating core module 'svm_top_dadd_64nsfYi': 1 instance(s).
INFO: [RTGEN 206-100] Generating core module 'svm_top_dcmp_64nshbi': 1 instance(s).
INFO: [RTGEN 206-100] Generating core module 'svm_top_dexp_64nsibs': 1 instance(s).
INFO: [RTGEN 206-100] Generating core module 'svm_top_dmul_64nsg8j': 1 instance(s).
INFO: [RTGEN 206-100] Generating core module 'svm_top_faddfsub_bkb': 1 instance(s).
INFO: [RTGEN 206-100] Generating core module 'svm_top_fmul_32nsdEe': 2 instance(s).
INFO: [RTGEN 206-100] Generating core module 'svm_top_fpext_32neOg': 1 instance(s).
INFO: [RTGEN 206-100] Generating core module 'svm_top_fsub_32nscud': 3 instance(s).
INFO: [RTGEN 206-100] Finished creating RTL model for 'svm'.
INFO: [HLS 200-111]  Elapsed time: 1.233 seconds; current allocated memory: 135.398 MB.
INFO: [HLS 200-10] ----------------------------------------------------------------
INFO: [HLS 200-10] -- Generating RTL for module 'svm_top' 
INFO: [HLS 200-10] ----------------------------------------------------------------
INFO: [RTGEN 206-500] Setting interface mode on port 'svm_top/class_hw0' to 'ap_vld'.
INFO: [RTGEN 206-500] Setting interface mode on port 'svm_top/class_hw1' to 'ap_vld'.
INFO: [RTGEN 206-500] Setting interface mode on port 'svm_top/class_hw2' to 'ap_vld'.
INFO: [RTGEN 206-500] Setting interface mode on port 'svm_top/x0_0' to 'ap_memory'.
INFO: [RTGEN 206-500] Setting interface mode on port 'svm_top/x0_1' to 'ap_memory'.
INFO: [RTGEN 206-500] Setting interface mode on port 'svm_top/x0_2' to 'ap_memory'.
INFO: [RTGEN 206-500] Setting interface mode on port 'svm_top/x0_3' to 'ap_memory'.
INFO: [RTGEN 206-500] Setting interface mode on port 'svm_top/x0_4' to 'ap_memory'.
INFO: [RTGEN 206-500] Setting interface mode on port 'svm_top/x0_5' to 'ap_memory'.
INFO: [RTGEN 206-500] Setting interface mode on port 'svm_top/x0_6' to 'ap_memory'.
INFO: [RTGEN 206-500] Setting interface mode on port 'svm_top/x0_7' to 'ap_memory'.
INFO: [RTGEN 206-500] Setting interface mode on port 'svm_top/x0_8' to 'ap_memory'.
INFO: [RTGEN 206-500] Setting interface mode on port 'svm_top/x1_0' to 'ap_memory'.
INFO: [RTGEN 206-500] Setting interface mode on port 'svm_top/x1_1' to 'ap_memory'.
INFO: [RTGEN 206-500] Setting interface mode on port 'svm_top/x1_2' to 'ap_memory'.
INFO: [RTGEN 206-500] Setting interface mode on port 'svm_top/x1_3' to 'ap_memory'.
INFO: [RTGEN 206-500] Setting interface mode on port 'svm_top/x1_4' to 'ap_memory'.
INFO: [RTGEN 206-500] Setting interface mode on port 'svm_top/x1_5' to 'ap_memory'.
INFO: [RTGEN 206-500] Setting interface mode on port 'svm_top/x1_6' to 'ap_memory'.
INFO: [RTGEN 206-500] Setting interface mode on port 'svm_top/x1_7' to 'ap_memory'.
INFO: [RTGEN 206-500] Setting interface mode on port 'svm_top/x1_8' to 'ap_memory'.
INFO: [RTGEN 206-500] Setting interface mode on port 'svm_top/x2_0' to 'ap_memory'.
INFO: [RTGEN 206-500] Setting interface mode on port 'svm_top/x2_1' to 'ap_memory'.
INFO: [RTGEN 206-500] Setting interface mode on port 'svm_top/x2_2' to 'ap_memory'.
INFO: [RTGEN 206-500] Setting interface mode on port 'svm_top/x2_3' to 'ap_memory'.
INFO: [RTGEN 206-500] Setting interface mode on port 'svm_top/x2_4' to 'ap_memory'.
INFO: [RTGEN 206-500] Setting interface mode on port 'svm_top/x2_5' to 'ap_memory'.
INFO: [RTGEN 206-500] Setting interface mode on port 'svm_top/x2_6' to 'ap_memory'.
INFO: [RTGEN 206-500] Setting interface mode on port 'svm_top/x2_7' to 'ap_memory'.
INFO: [RTGEN 206-500] Setting interface mode on port 'svm_top/x2_8' to 'ap_memory'.
INFO: [RTGEN 206-500] Setting interface mode on function 'svm_top' to 'ap_ctrl_hs'.
INFO: [RTGEN 206-100] Finished creating RTL model for 'svm_top'.
INFO: [HLS 200-111]  Elapsed time: 1.719 seconds; current allocated memory: 136.343 MB.
INFO: [RTMG 210-279] Implementing memory 'svm5_SupVec_25_rom' using auto ROMs.
INFO: [RTMG 210-279] Implementing memory 'svm5_SupVec_23_rom' using auto ROMs.
INFO: [RTMG 210-279] Implementing memory 'svm5_SupVec_21_rom' using auto ROMs.
INFO: [RTMG 210-279] Implementing memory 'svm5_SupVec_19_rom' using auto ROMs.
INFO: [RTMG 210-279] Implementing memory 'svm5_SupVec_17_rom' using auto ROMs.
INFO: [RTMG 210-279] Implementing memory 'svm5_SupVec_15_rom' using auto ROMs.
INFO: [RTMG 210-279] Implementing memory 'svm5_SupVec_13_rom' using auto ROMs.
INFO: [RTMG 210-279] Implementing memory 'svm5_SupVec_11_rom' using auto ROMs.
INFO: [RTMG 210-279] Implementing memory 'svm5_SupVec_9_rom' using auto ROMs.
INFO: [RTMG 210-279] Implementing memory 'svm5_Co12_rom' using auto ROMs.
INFO: [HLS 200-111] Finished generating all RTL models Time (s): cpu = 00:00:16 ; elapsed = 00:00:44 . Memory (MB): peak = 204.938 ; gain = 148.945
INFO: [SYSC 207-301] Generating SystemC RTL for svm_top.
INFO: [VHDL 208-304] Generating VHDL RTL for svm_top.
INFO: [VLOG 209-307] Generating Verilog RTL for svm_top.
INFO: [HLS 200-112] Total elapsed time: 44.346 seconds; peak allocated memory: 136.343 MB.
