INFO-FLOW: Workspace C:/Users/Afroditi/Documents/8thSemester/dvlsi/HLS_Bonus/svm/hls2-svm/solution4 opened at Fri Jul 16 00:45:56 +0300 2021
Execute     config_clock -quiet -name default -period 10 -default=false 
INFO: [SYN 201-201] Setting up clock 'default' with a period of 10ns.
Execute     open_platform DefaultPlatform 
Execute     import_lib C:/Xilinx/Vivado/2018.2/common/technology/xilinx/zynq/zynq 
Execute       source C:/Xilinx/Vivado/2018.2/common/technology/xilinx/common/xilinx.lib 
Execute         source C:/Xilinx/Vivado/2018.2/common/technology/xilinx/interface/xilinx_interface.lib 
Execute           source C:/Xilinx/Vivado/2018.2/common/technology/xilinx/interface/plb46.lib 
Execute           source C:/Xilinx/Vivado/2018.2/common/technology/xilinx/interface/fsl.lib 
Execute           source C:/Xilinx/Vivado/2018.2/common/technology/xilinx/interface/axi4.lib 
Execute           source C:/Xilinx/Vivado/2018.2/common/technology/xilinx/interface/maxi.lib 
Execute           source C:/Xilinx/Vivado/2018.2/common/technology/xilinx/interface/saxilite.lib 
Execute         source C:/Xilinx/Vivado/2018.2/common/technology/xilinx/common/dsp48.lib 
Execute         source C:/Xilinx/Vivado/2018.2/common/technology/xilinx/ip/dds_compiler.lib 
Execute         source C:/Xilinx/Vivado/2018.2/common/technology/xilinx/ip/xfft.lib 
Execute         source C:/Xilinx/Vivado/2018.2/common/technology/xilinx/ip/xfir.lib 
Execute       source C:/Xilinx/Vivado/2018.2/common/technology/xilinx/common/xilinx_old.lib 
Execute       source C:/Xilinx/Vivado/2018.2/common/technology/xilinx/common/xilinx_vivado.lib 
Execute       source C:/Xilinx/Vivado/2018.2/common/technology/xilinx/common/xilinx.hlp 
Execute         source C:/Xilinx/Vivado/2018.2/common/technology/xilinx/common/target_info.tcl 
Execute         source C:/Xilinx/Vivado/2018.2/common/technology/xilinx/interface/xilinx_interface.hlp 
Execute           source C:/Xilinx/Vivado/2018.2/common/technology/xilinx/interface/maxi.hlp 
Execute           source C:/Xilinx/Vivado/2018.2/common/technology/xilinx/interface/saxilite.hlp 
Execute         source C:/Xilinx/Vivado/2018.2/common/technology/xilinx/common/dsp48.hlp 
Execute       source C:/Xilinx/Vivado/2018.2/common/technology/xilinx/zynq/dsp48e1.hlp 
Execute       get_default_platform 
Execute       config_chip_info -quiet -resource  {SLICE 13300}  {LUT 53200}     {FF 106400} {DSP48E 220}   {BRAM 280}  
Execute       config_chip_info -quiet -speed medium 
Execute       source C:/Xilinx/Vivado/2018.2/common/technology/xilinx/common/xilinx.hlp 
Execute         source C:/Xilinx/Vivado/2018.2/common/technology/xilinx/common/target_info.tcl 
Execute         source C:/Xilinx/Vivado/2018.2/common/technology/xilinx/interface/xilinx_interface.hlp 
Execute           source C:/Xilinx/Vivado/2018.2/common/technology/xilinx/interface/maxi.hlp 
Execute           source C:/Xilinx/Vivado/2018.2/common/technology/xilinx/interface/saxilite.hlp 
Execute         source C:/Xilinx/Vivado/2018.2/common/technology/xilinx/common/dsp48.hlp 
Execute     source C:/Xilinx/Vivado/2018.2/common/technology/xilinx/zynq/zynq.gen 
Execute       source C:/Xilinx/Vivado/2018.2/common/technology/xilinx/common/virtex.gen 
Execute         source C:/Xilinx/Vivado/2018.2/common/technology/xilinx/common/xilinx.gen 
Execute           source C:/Xilinx/Vivado/2018.2/common/technology/xilinx/interface/plb46.gen 
Execute           source C:/Xilinx/Vivado/2018.2/common/technology/xilinx/interface/fsl.gen 
Execute           source C:/Xilinx/Vivado/2018.2/common/technology/xilinx/interface/axi4.gen 
Execute           source C:/Xilinx/Vivado/2018.2/common/technology/xilinx/interface/nativeAXI4.gen 
Execute             source C:/Xilinx/Vivado/2018.2/common/technology/xilinx/interface/saxilite.gen 
Execute             source C:/Xilinx/Vivado/2018.2/common/technology/xilinx/interface/maxi.gen 
Execute           source C:/Xilinx/Vivado/2018.2/common/technology/xilinx/scripts/xilinxcoregen.gen 
Execute           source C:/Xilinx/Vivado/2018.2/common/technology/xilinx/interface/XilEDKCoreGen.gen 
Execute           source C:/Xilinx/Vivado/2018.2/common/technology/xilinx/ip/dds_compiler.gen 
Execute           source C:/Xilinx/Vivado/2018.2/common/technology/xilinx/ip/util.gen 
Execute           source C:/Xilinx/Vivado/2018.2/common/technology/xilinx/ip/xfft.gen 
Command           ap_source done; 0.111 sec.
Execute           source C:/Xilinx/Vivado/2018.2/common/technology/xilinx/ip/xfir.gen 
Command         ap_source done; 0.179 sec.
Execute         source C:/Xilinx/Vivado/2018.2/common/technology/xilinx/common/dsp48.gen 
Command       ap_source done; 0.184 sec.
Command     ap_source done; 0.185 sec.
Execute     open_platform DefaultPlatform 
Execute     import_lib C:/Xilinx/Vivado/2018.2/common/technology/xilinx/zynq/zynq_fpv6 
Execute       source C:/Xilinx/Vivado/2018.2/common/technology/xilinx/common/xilinx_fpv7.lib 
Execute         source C:/Xilinx/Vivado/2018.2/common/technology/xilinx/common/xilinx_hp.lib 
Execute       source C:/Xilinx/Vivado/2018.2/common/technology/xilinx/common/xilinx_fpv.hlp 
Execute         source C:/Xilinx/Vivado/2018.2/common/technology/xilinx/common/xilinx.hlp 
Execute           source C:/Xilinx/Vivado/2018.2/common/technology/xilinx/common/target_info.tcl 
Execute           source C:/Xilinx/Vivado/2018.2/common/technology/xilinx/interface/xilinx_interface.hlp 
Execute             source C:/Xilinx/Vivado/2018.2/common/technology/xilinx/interface/maxi.hlp 
Execute             source C:/Xilinx/Vivado/2018.2/common/technology/xilinx/interface/saxilite.hlp 
Execute           source C:/Xilinx/Vivado/2018.2/common/technology/xilinx/common/dsp48.hlp 
Execute       source C:/Xilinx/Vivado/2018.2/common/technology/xilinx/zynq/zynq_hp.hlp 
Execute     source C:/Xilinx/Vivado/2018.2/common/technology/xilinx/zynq/zynq_fpv6.gen 
Execute       source C:/Xilinx/Vivado/2018.2/common/technology/xilinx/common/xilinx_fpv6.gen 
Execute     set_part xc7z020clg484-1 
Execute       add_library xilinx/zynq/zynq:xc7z020:clg484:-1 
Execute         get_default_platform 
Execute         license_isbetapart xc7z020 
Command         license_isbetapart done; error code: 1; 
Execute         get_default_platform 
Execute         config_chip_info -quiet -resource  {SLICE 13300}  {LUT 53200}     {FF 106400} {DSP48E 220}   {BRAM 280}  
Execute         config_chip_info -quiet -speed slow 
Execute       add_library xilinx/zynq/zynq_fpv6 
Execute         get_default_platform 
INFO: [HLS 200-10] Setting target device to 'xc7z020clg484-1'
Execute       get_default_platform 
Execute     get_default_platform 
Execute     config_chip_info -quiet -resource  {SLICE 13300}  {LUT 53200}     {FF 106400} {DSP48E 220}   {BRAM 280}  
Execute     config_chip_info -quiet -speed slow 
Command   open_solution done; 0.368 sec.
Execute   set_part xc7z020clg484-1 
Execute     add_library xilinx/zynq/zynq:xc7z020:clg484:-1 
Execute       get_default_platform 
Execute       license_isbetapart xc7z020 
Command       license_isbetapart done; error code: 1; 
Execute       get_default_platform 
Execute       config_chip_info -quiet -resource  {SLICE 13300}  {LUT 53200}     {FF 106400} {DSP48E 220}   {BRAM 280}  
Execute       config_chip_info -quiet -speed slow 
Execute     add_library xilinx/zynq/zynq_fpv6 
Execute       get_default_platform 
Execute     get_default_platform 
Execute   create_clock -period 10 -name default 
Execute   source ./hls2-svm/solution4/directives.tcl 
Execute   csynth_design 
Execute     get_config_compile -effort 
Execute     get_config_compile -enable_clang39 
Execute     get_config_compile -g 
Execute     get_config_compile -lm 
Execute     get_config_compile -ng 
Execute     get_config_compile -opt_fp 
Execute     get_config_compile -skip_cdt 
Execute     get_config_compile -skip_syncheck 
Execute     get_config_compile -skip_transform 
Execute     get_config_compile -keep_printf 
Execute     elaborate -effort=medium -skip_syncheck=0 -keep_printf=0 -lm=0 -skip_cdt=0 -skip_transform=0 -ng=0 -g=0 -opt_fp=0 -from_csynth_design=1 
Execute       get_config_schedule -relax_ii_for_timing 
Execute       get_config_schedule -suppress_dependence_error_break 
INFO: [HLS 200-10] Analyzing design file 'svm.cpp' ... 
INFO-FLOW: Compiling one TU...
Execute       is_m_axi_addr64 
INFO-FLOW: Handling svm.cpp as C++
Execute       get_default_platform 
Execute       is_encrypted svm.cpp 
Execute       get_default_platform 
INFO-FLOW: Source preprocessing
Execute       clang  -fno-limit-debug-info -gcc-toolchain "C:/Xilinx/Vivado/2018.2/msys" -hls  -fno-exceptions  -D__llvm__  -E "svm.cpp"     -fno-math-errno -c -emit-llvm -O0  -mllvm -disable-llvm-optzns -fno-threadsafe-statics  -fno-use-cxa-atexit  -fno-threadsafe-statics -fno-use-cxa-atexit -D__CLANG_3_1__ -D__cdecl= -DAESL_SYN -D__SYNTHESIS__ -D__HLS_SYN__ -I "C:/Xilinx/Vivado/2018.2/common/technology/autopilot" -I "C:/Xilinx/Vivado/2018.2/common/technology/autopilot/ap_sysc" -include etc/autopilot_ssdm_op.h -D__DSP48E1__  -o "C:/Users/Afroditi/Documents/8thSemester/dvlsi/HLS_Bonus/svm/hls2-svm/solution4/.autopilot/db/svm.pp.0.cpp" 
INFO-FLOW: exec C:/Xilinx/Vivado/2018.2/win64/tools/clang/bin/clang -fno-limit-debug-info -gcc-toolchain C:/Xilinx/Vivado/2018.2/msys -hls -fno-exceptions -D__llvm__ -E svm.cpp -fno-math-errno -c -emit-llvm -O0 -mllvm -disable-llvm-optzns -fno-threadsafe-statics -fno-use-cxa-atexit -fno-threadsafe-statics -fno-use-cxa-atexit -D__CLANG_3_1__ -D__cdecl= -DAESL_SYN -D__SYNTHESIS__ -D__HLS_SYN__ -I C:/Xilinx/Vivado/2018.2/common/technology/autopilot -I C:/Xilinx/Vivado/2018.2/common/technology/autopilot/ap_sysc -include etc/autopilot_ssdm_op.h -D__DSP48E1__ -o C:/Users/Afroditi/Documents/8thSemester/dvlsi/HLS_Bonus/svm/hls2-svm/solution4/.autopilot/db/svm.pp.0.cpp
Command       clang done; 1.193 sec.
INFO-FLOW: Syntax Checking before pre-processing...
Execute       clang  -fno-limit-debug-info -gcc-toolchain "C:/Xilinx/Vivado/2018.2/msys" -hls    -fno-math-errno -c -emit-llvm -O0  -mllvm -disable-llvm-optzns -fno-threadsafe-statics  -fno-use-cxa-atexit  -fno-threadsafe-statics -fno-use-cxa-atexit -D__CLANG_3_1__ -D__cdecl= -DAESL_SYN -D__SYNTHESIS__ -D__HLS_SYN__ -I "C:/Xilinx/Vivado/2018.2/common/technology/autopilot" -I "C:/Xilinx/Vivado/2018.2/common/technology/autopilot/ap_sysc" -include etc/autopilot_ssdm_op.h -D__DSP48E1__  "C:/Users/Afroditi/Documents/8thSemester/dvlsi/HLS_Bonus/svm/hls2-svm/solution4/.autopilot/db/svm.pp.0.cpp"  -o "C:/Users/Afroditi/Documents/8thSemester/dvlsi/HLS_Bonus/svm/hls2-svm/solution4/.autopilot/db/useless.bc"  
INFO-FLOW: exec C:/Xilinx/Vivado/2018.2/win64/tools/clang/bin/clang -fno-limit-debug-info -gcc-toolchain C:/Xilinx/Vivado/2018.2/msys -hls -fno-math-errno -c -emit-llvm -O0 -mllvm -disable-llvm-optzns -fno-threadsafe-statics -fno-use-cxa-atexit -fno-threadsafe-statics -fno-use-cxa-atexit -D__CLANG_3_1__ -D__cdecl= -DAESL_SYN -D__SYNTHESIS__ -D__HLS_SYN__ -I C:/Xilinx/Vivado/2018.2/common/technology/autopilot -I C:/Xilinx/Vivado/2018.2/common/technology/autopilot/ap_sysc -include etc/autopilot_ssdm_op.h -D__DSP48E1__ C:/Users/Afroditi/Documents/8thSemester/dvlsi/HLS_Bonus/svm/hls2-svm/solution4/.autopilot/db/svm.pp.0.cpp -o C:/Users/Afroditi/Documents/8thSemester/dvlsi/HLS_Bonus/svm/hls2-svm/solution4/.autopilot/db/useless.bc
Command       clang done; 1.264 sec.
INFO-FLOW: GCC PP time: 2 seconds per iteration
Execute       list_core -type functional_unit 
Execute       tidy_31 xilinx-systemc-detector C:/Users/Afroditi/Documents/8thSemester/dvlsi/HLS_Bonus/svm/hls2-svm/solution4/.autopilot/db/svm.pp.0.cpp std=gnu++98 -directive=C:/Users/Afroditi/Documents/8thSemester/dvlsi/HLS_Bonus/svm/hls2-svm/solution4/.autopilot/db/.systemc_flag 
INFO-FLOW: exec C:/Xilinx/Vivado/2018.2/win64/tools/clang-3.9-csynth/bin/tidy-3.1 -header-filter=.* --checks=-*,xilinx-systemc-detector -import-directive=C:/Users/Afroditi/Documents/8thSemester/dvlsi/HLS_Bonus/svm/hls2-svm/solution4/.autopilot/db/.systemc_flag -quiet -fix-errors C:/Users/Afroditi/Documents/8thSemester/dvlsi/HLS_Bonus/svm/hls2-svm/solution4/.autopilot/db/svm.pp.0.cpp -- -std=gnu++98 -fhls -ferror-limit=0
Command       tidy_31 done; 0.64 sec.
INFO-FLOW: CDT Preprocessing with tidy-3.1...
Execute       tidy_31 xilinx-directive2pragma C:/Users/Afroditi/Documents/8thSemester/dvlsi/HLS_Bonus/svm/hls2-svm/solution4/.autopilot/db/svm.pp.0.cpp std=gnu++98 -directive=C:/Users/Afroditi/Documents/8thSemester/dvlsi/HLS_Bonus/svm/hls2-svm/solution4/solution4.json 
INFO-FLOW: exec C:/Xilinx/Vivado/2018.2/win64/tools/clang-3.9-csynth/bin/tidy-3.1 -header-filter=.* --checks=-*,xilinx-directive2pragma -import-directive=C:/Users/Afroditi/Documents/8thSemester/dvlsi/HLS_Bonus/svm/hls2-svm/solution4/solution4.json -quiet -fix-errors C:/Users/Afroditi/Documents/8thSemester/dvlsi/HLS_Bonus/svm/hls2-svm/solution4/.autopilot/db/svm.pp.0.cpp -- -std=gnu++98 -fhls -ferror-limit=0
Command       tidy_31 done; 0.261 sec.
Execute       get_config_dataflow -strict_mode 
Execute       ap_eval exec -ignorestderr C:/Xilinx/Vivado/2018.2/win64/tools/clang-3.9-csynth/bin/xilinx-dataflow-lawyer -export-fixes=C:/Users/Afroditi/Documents/8thSemester/dvlsi/HLS_Bonus/svm/hls2-svm/solution4/.autopilot/db/xilinx-dataflow-lawyer.svm.pp.0.cpp.diag.yml C:/Users/Afroditi/Documents/8thSemester/dvlsi/HLS_Bonus/svm/hls2-svm/solution4/.autopilot/db/svm.pp.0.cpp -- -std=gnu++98 -fhls -ferror-limit=0 -fstrict-dataflow > C:/Users/Afroditi/Documents/8thSemester/dvlsi/HLS_Bonus/svm/hls2-svm/solution4/.autopilot/db/xilinx-dataflow-lawyer.svm.pp.0.cpp.out.log 2> C:/Users/Afroditi/Documents/8thSemester/dvlsi/HLS_Bonus/svm/hls2-svm/solution4/.autopilot/db/xilinx-dataflow-lawyer.svm.pp.0.cpp.err.log 
Command       ap_eval done; 0.414 sec.
Execute       tidy_31 -errorcheck xilinx-constantarray-param,xilinx-resource-pragma-transformer C:/Users/Afroditi/Documents/8thSemester/dvlsi/HLS_Bonus/svm/hls2-svm/solution4/.autopilot/db/svm.pp.0.cpp std=gnu++98 
INFO-FLOW: exec C:/Xilinx/Vivado/2018.2/win64/tools/clang-3.9-csynth/bin/tidy-3.1 -header-filter=.* --checks=-*,xilinx-constantarray-param,xilinx-resource-pragma-transformer -quiet -fix-errors C:/Users/Afroditi/Documents/8thSemester/dvlsi/HLS_Bonus/svm/hls2-svm/solution4/.autopilot/db/svm.pp.0.cpp -- -std=gnu++98 -fhls -ferror-limit=0
INFO-FLOW: exec C:/Xilinx/Vivado/2018.2/win64/tools/clang-3.9-csynth/bin/xilinx-legacy-rewriter C:/Users/Afroditi/Documents/8thSemester/dvlsi/HLS_Bonus/svm/hls2-svm/solution4/.autopilot/db/svm.pp.0.cpp -- -std=gnu++98 -fhls -ferror-limit=0
Command       tidy_31 done; 1.721 sec.
INFO-FLOW: tidy-3.1 time 2 seconds per iteration
INFO-FLOW: Pragma Handling...
Execute       tidy_31 xilinx-ssdm-intrinsics-arguments C:/Users/Afroditi/Documents/8thSemester/dvlsi/HLS_Bonus/svm/hls2-svm/solution4/.autopilot/db/svm.pragma.1.cpp std=gnu++98 
INFO-FLOW: exec C:/Xilinx/Vivado/2018.2/win64/tools/clang-3.9-csynth/bin/tidy-3.1 -header-filter=.* --checks=-*,xilinx-ssdm-intrinsics-arguments -quiet -fix-errors C:/Users/Afroditi/Documents/8thSemester/dvlsi/HLS_Bonus/svm/hls2-svm/solution4/.autopilot/db/svm.pragma.1.cpp -- -std=gnu++98 -fhls -ferror-limit=0
Command       tidy_31 done; 1.157 sec.
INFO-FLOW: Source preprocessing
Execute       clang  -fno-limit-debug-info -gcc-toolchain "C:/Xilinx/Vivado/2018.2/msys" -hls  -fno-exceptions  -D__llvm__  -E "C:/Users/Afroditi/Documents/8thSemester/dvlsi/HLS_Bonus/svm/hls2-svm/solution4/.autopilot/db/svm.pragma.1.cpp"     -fno-math-errno -c -emit-llvm -O0  -mllvm -disable-llvm-optzns -fno-threadsafe-statics  -fno-use-cxa-atexit  -fno-threadsafe-statics -fno-use-cxa-atexit -D__CLANG_3_1__ -D__cdecl= -DAESL_SYN -D__SYNTHESIS__ -D__HLS_SYN__ -I "C:/Xilinx/Vivado/2018.2/common/technology/autopilot" -I "C:/Xilinx/Vivado/2018.2/common/technology/autopilot/ap_sysc" -include etc/autopilot_ssdm_op.h -D__DSP48E1__  -o "C:/Users/Afroditi/Documents/8thSemester/dvlsi/HLS_Bonus/svm/hls2-svm/solution4/.autopilot/db/svm.pragma.2.cpp" 
INFO-FLOW: exec C:/Xilinx/Vivado/2018.2/win64/tools/clang/bin/clang -fno-limit-debug-info -gcc-toolchain C:/Xilinx/Vivado/2018.2/msys -hls -fno-exceptions -D__llvm__ -E C:/Users/Afroditi/Documents/8thSemester/dvlsi/HLS_Bonus/svm/hls2-svm/solution4/.autopilot/db/svm.pragma.1.cpp -fno-math-errno -c -emit-llvm -O0 -mllvm -disable-llvm-optzns -fno-threadsafe-statics -fno-use-cxa-atexit -fno-threadsafe-statics -fno-use-cxa-atexit -D__CLANG_3_1__ -D__cdecl= -DAESL_SYN -D__SYNTHESIS__ -D__HLS_SYN__ -I C:/Xilinx/Vivado/2018.2/common/technology/autopilot -I C:/Xilinx/Vivado/2018.2/common/technology/autopilot/ap_sysc -include etc/autopilot_ssdm_op.h -D__DSP48E1__ -o C:/Users/Afroditi/Documents/8thSemester/dvlsi/HLS_Bonus/svm/hls2-svm/solution4/.autopilot/db/svm.pragma.2.cpp
Command       clang done; 2.204 sec.
Execute       get_default_platform 
INFO-FLOW: Processing labels
Execute       clang -src C:/Users/Afroditi/Documents/8thSemester/dvlsi/HLS_Bonus/svm/hls2-svm/solution4/.autopilot/db/svm.pragma.2.cpp  -fno-limit-debug-info -gcc-toolchain C:/Xilinx/Vivado/2018.2/msys -hls -hls-analyze-label -hls-analyze-pragma -fno-exceptions  -D__llvm__  -w  "C:/Users/Afroditi/Documents/8thSemester/dvlsi/HLS_Bonus/svm/hls2-svm/solution4/.autopilot/db/svm.pragma.2.cpp"    -fno-math-errno -c -emit-llvm -O0  -mllvm -disable-llvm-optzns -fno-threadsafe-statics  -fno-use-cxa-atexit -DAESL_SYN -D__SYNTHESIS__ -D__HLS_SYN__ -I "C:/Xilinx/Vivado/2018.2/common/technology/autopilot" -I "C:/Xilinx/Vivado/2018.2/common/technology/autopilot/ap_sysc" -include etc/autopilot_ssdm_op.h -D__DSP48E1__ -g -o "C:/Users/Afroditi/Documents/8thSemester/dvlsi/HLS_Bonus/svm/hls2-svm/solution4/.autopilot/db/svm.bc" 
INFO-FLOW: exec C:/Xilinx/Vivado/2018.2/win64/tools/clang/bin/clang -fno-limit-debug-info -gcc-toolchain C:/Xilinx/Vivado/2018.2/msys -hls -hls-analyze-label -hls-analyze-pragma -fno-exceptions -D__llvm__ -w C:/Users/Afroditi/Documents/8thSemester/dvlsi/HLS_Bonus/svm/hls2-svm/solution4/.autopilot/db/svm.pragma.2.cpp -fno-math-errno -c -emit-llvm -O0 -mllvm -disable-llvm-optzns -fno-threadsafe-statics -fno-use-cxa-atexit -DAESL_SYN -D__SYNTHESIS__ -D__HLS_SYN__ -I C:/Xilinx/Vivado/2018.2/common/technology/autopilot -I C:/Xilinx/Vivado/2018.2/common/technology/autopilot/ap_sysc -include etc/autopilot_ssdm_op.h -D__DSP48E1__ -g -o C:/Users/Afroditi/Documents/8thSemester/dvlsi/HLS_Bonus/svm/hls2-svm/solution4/.autopilot/db/svm.bc
Command       clang done; 2.476 sec.
INFO-FLOW: Linking Debug ...
Execute       llvm-ld C:/Users/Afroditi/Documents/8thSemester/dvlsi/HLS_Bonus/svm/hls2-svm/solution4/.autopilot/db/svm.g.bc -hls-opt -except-internalize svm -LC:/Xilinx/Vivado/2018.2/win64/lib -lhlsm -lhlsmc++ -o C:/Users/Afroditi/Documents/8thSemester/dvlsi/HLS_Bonus/svm/hls2-svm/solution4/.autopilot/db/a.g 
Command       llvm-ld done; 3.707 sec.
INFO: [HLS 200-111] Finished Linking Time (s): cpu = 00:00:01 ; elapsed = 00:00:18 . Memory (MB): peak = 101.879 ; gain = 46.328
INFO: [HLS 200-111] Finished Checking Pragmas Time (s): cpu = 00:00:01 ; elapsed = 00:00:18 . Memory (MB): peak = 101.879 ; gain = 46.328
Execute       ::config_rtl 
Execute       opt_and_import_c a -opt_level=2 -skip_syncheck=0 -ng=0 -keep_printf=0 
Execute         cleanup_all_models 
INFO: [HLS 200-10] Starting code transformations ...
Execute         transform -promote-dbg-pointer C:/Users/Afroditi/Documents/8thSemester/dvlsi/HLS_Bonus/svm/hls2-svm/solution4/.autopilot/db/a.pp.bc -o C:/Users/Afroditi/Documents/8thSemester/dvlsi/HLS_Bonus/svm/hls2-svm/solution4/.autopilot/db/a.pp.0.bc -f 
Execute         llvm-ld C:/Users/Afroditi/Documents/8thSemester/dvlsi/HLS_Bonus/svm/hls2-svm/solution4/.autopilot/db/a.pp.0.bc -disable-opt -LC:/Xilinx/Vivado/2018.2/win64/lib -lfloatconversion -o C:/Users/Afroditi/Documents/8thSemester/dvlsi/HLS_Bonus/svm/hls2-svm/solution4/.autopilot/db/a.g.0 
Command         llvm-ld done; 0.715 sec.
INFO-FLOW: Running Standard Transforms...
Execute         transform -hls -share-std-xform -demangle-name -inline-byval-memcpy -always-inline -promote-dbg-pointer -interface-preproc -scalarrepl -mem2reg -keep-read-access -instcombine -dce -promote-dbg-pointer -bitop-raise -loop-simplify -indvarspre -indvars -loop-simplify -xunroll -constprop -instcombine -simplifycfg -indvars -simplifycfg -dce -globaldce -basicaa -simplifycfg -mem2reg -globalopt -global-constprop -deadargelim -instcombine -simplifycfg -prune-eh -simplifycfg -scalarrepl -instcombine -reassociate -licm -simplifycfg -loop-simplify -indvars -instcombine -simplifycfg -mem2reg -loop-simplify -indvars -instcombine -gvn -gvn -instcombine -adce -break-crit-edges -simplifycfg -loop-delete -global-array-opt -dce -dse -adce -find-syn-modules -top svm -deadargelim -mem2reg -instcombine -dce -presyn-prepare -auto-rom-infer -interface-preproc -syn-check -check-rec-only -find-region -simplifycfg -func-extr -function-inline -globaldce -mem2reg -instcombine -dce -gvn -globaldce -adce -adse -constprop -instcombine -bit-constprop -instcombine -dce -simplifycfg -bitop-raise -simplifycfg -dce -loop-delete -reassociate -globalopt -global-privatize -mem2reg -dce -global-constprop -pointer-simplify -constprop -dce -func-inst -deadargelim -auto-shift-reg-idiom -promote-dbg-pointer -norm-name C:/Users/Afroditi/Documents/8thSemester/dvlsi/HLS_Bonus/svm/hls2-svm/solution4/.autopilot/db/a.g.0.bc -o C:/Users/Afroditi/Documents/8thSemester/dvlsi/HLS_Bonus/svm/hls2-svm/solution4/.autopilot/db/a.g.1.bc -f -phase std-opt 
INFO: [HLS 200-111] Finished Standard Transforms Time (s): cpu = 00:00:01 ; elapsed = 00:00:18 . Memory (MB): peak = 107.785 ; gain = 52.234
INFO: [HLS 200-10] Checking synthesizability ...
INFO-FLOW: Checking Synthesizability 1/2..
Execute         transform -hls -syn-check -check-rec-only -disaggr -scalarrepl -norm-name -dce -mem2reg -instcombine -function-uniquify -directive-preproc -mem2reg -dse -dce -auto-rom-infer -dce -array-normalize -instcombine -dce -warn-fifo-pointer -array-seg-normalize -instcombine -dce -array-flatten -instcombine -dce -array-burst -dce -deadargelim -promote-global-argument -simplifycfg -mem2reg -globaldce -resolve-double-ptr -dce -deadargelim -dce -instcombine -function-inline -globaldce -dce -doublePtrSimplify -doublePtrElim -dce -doublePtrSimplify -promote-dbg-pointer -dce -scalarrepl -dse -adse -instcombine -ptrLegalization -simplifycfg -dce -instcombine -pointer-simplify -ptrArgReplace -dce -instcombine -disaggr -scalarrepl -norm-name -dce -mem2reg -instcombine -ptrLegalization -simplifycfg -deadargelim -instcombine -dce -inst-simplify -function-uniquify -directive-preproc -mem2reg -dse -dce -globaldce C:/Users/Afroditi/Documents/8thSemester/dvlsi/HLS_Bonus/svm/hls2-svm/solution4/.autopilot/db/a.g.1.bc -o C:/Users/Afroditi/Documents/8thSemester/dvlsi/HLS_Bonus/svm/hls2-svm/solution4/.autopilot/db/a.g.2.prechk.bc -f 
INFO-FLOW: Checking Synthesizability 2/2..
Execute         transform -syn-check C:/Users/Afroditi/Documents/8thSemester/dvlsi/HLS_Bonus/svm/hls2-svm/solution4/.autopilot/db/a.g.2.prechk.bc -o C:/Users/Afroditi/Documents/8thSemester/dvlsi/HLS_Bonus/svm/hls2-svm/solution4/.autopilot/db/a.g.2.bc -f -phase syn-check 
INFO: [HLS 200-111] Finished Checking Synthesizability Time (s): cpu = 00:00:01 ; elapsed = 00:00:19 . Memory (MB): peak = 113.906 ; gain = 58.355
INFO-FLOW: Compiler optimizing ...
INFO-FLOW: Share syncheck's 1.bc for syn flow: copy C:/Users/Afroditi/Documents/8thSemester/dvlsi/HLS_Bonus/svm/hls2-svm/solution4/.autopilot/db/a.g.1.bc to C:/Users/Afroditi/Documents/8thSemester/dvlsi/HLS_Bonus/svm/hls2-svm/solution4/.autopilot/db/a.o.1.bc
INFO-FLOW: Presyn 1...
Execute         transform -hls -tmp C:/Users/Afroditi/Documents/8thSemester/dvlsi/HLS_Bonus/svm/hls2-svm/solution4/.autopilot/db -interface-port-rename -type-info -function-uniquify -directive-preproc -mem2reg -dse -dce -disaggr -scalarrepl -norm-name -deadargelim -mem2reg -instcombine -dce -simplifycfg -auto-rom-infer -dce -function-uniquify -resource-proc -simplifycfg -mem2reg -globaldce -resolve-double-ptr -dce -deadargelim -dce -instcombine -clib-intrinsic-prepare -dce -func-buffer -dce -array-normalize -func-legal -instcombine -gvn -constprop -dce -ptrArgReplace -mem2reg -instcombine -dce -array-seg-normalize -deadargelim -instcombine -dce -pointer-simplify -dce -port-alignment -dce -interface-preproc -data-pack -instcombine -dce -basicaa -aggr-aa -aggrmodref-aa -aggr-aa -gvn -gvn -basicaa -aggr-aa -aggrmodref-aa -aggr-aa -dse -adse -adce -loop-simplify -indvars -instcombine -gvn -loop-simplify -mem2reg -dce -find-region -instcombine -auto-loop-pipeline -inst-simplify -interface-preproc -cfgopt -instcombine -indvars -auto-loop-unroll -loop-simplify -loop-bound -xunroll -constprop -instcombine -simplifycfg -indvars -simplifycfg -dce -globaldce -clean-region -attach-range -gvn -inst-simplify -constprop -simplifycfg -dce -pointer-simplify -dce -globalopt -constprop -dce -array-promote -constprop -instcombine -dce -ptrArgReplace -mem2reg -instcombine -simplifycfg -dce -auto-par -instcombine -dce -array-transform-check -array-reshape -instcombine -simplifycfg -dce -ptrArgReplace -deadargelim -mem2reg -instcombine -simplifycfg -dce -indvars -loop-simplify -loop-bound -xunroll -constprop -instcombine -simplifycfg -indvars -simplifycfg -dce -globaldce -duplicate-dataflow-processes -globaldce -instcombine -array-partition -instcombine -simplifycfg -dce -ptrArgReplace -global-constprop -deadargelim -mem2reg -func-legal -instcombine -dce -global-constprop -deadargelim -mem2reg -instcombine -simplifycfg -dce -merge-param -deadargelim -globalopt -constprop -dce -array-promote -constprop -instcombine -dce -ptrArgReplace -mem2reg -instcombine -simplifycfg -dce -mem-intrinsic-preproc -dce -global-internalize -global-privatize -mem2reg -globaldce -promote-global-argument -ptrArgReplace -mem2reg -instcombine -dce -globalopt -mergereturn -simplify-global-access -mem2reg -dce -pointer-simplify -dce -functionattrs -basicaa -aggr-aa -aggrmodref-aa -aggr-aa -gvn -gvn -basicaa -aggr-aa -aggrmodref-aa -aggr-aa -dse -adse -adce -inst-simplify -dce -norm-name -function-inline -globaldce -func-inst -constprop -instcombine -simplifycfg -dce -func-legal -dce -loop-bound -arraycheck -bitwidthmin -on-by-dataflow -loop-delete -instcombine -simplifycfg -globaldce -dce -gvn -deadargelim -dce -loop-simplify -clean-region -simplifycfg -propagate-stable-arguments -loop-stream -instcombine -simplifycfg -dce -globaldce -duplicate-dataflow-processes -stream-intrinsic-preproc -dce -check-ap-stream -loop-simplify -eliminate-keepreads -extract-dataflow-in-loop -loop-simplify -dce -gvn -deadargelim -dse -check-dataflow-syntax -legalize-stream-variable -legalize-global -extract-subproc -dce -dead-channel-elimination -canonicalize-gep -globaldce -dce -gvn -deadargelim -annotate-dataflow-channels -scalar-propagation -deadargelim -globaldce -mem2reg -check-dataflow-channels -function-stream -dce -globaldce -prop-fifo-spec -internal-stream-gen -canonicalize-gep -globaldce -dce -gvn -deadargelim -mergereturn -indvars -loop-simplify -instcombine -array-stream -array-seg-normalize -array-partition -func-legal -instcombine -simplifycfg -dce -bundle-memfifo-ops -deadargelim -function-uniquify -directive-preproc -mem2reg -dse -dce -group-axi-access -licm -simplifycfg -dce -loop-delete -norm-name C:/Users/Afroditi/Documents/8thSemester/dvlsi/HLS_Bonus/svm/hls2-svm/solution4/.autopilot/db/a.o.1.bc -o C:/Users/Afroditi/Documents/8thSemester/dvlsi/HLS_Bonus/svm/hls2-svm/solution4/.autopilot/db/a.o.1.tmp.bc -f 
INFO: [XFORM 203-101] Partitioning array 'x' (svm.cpp:11) in dimension 1 with a cyclic factor 9.
INFO: [XFORM 203-101] Partitioning array 'SupVec'  in dimension 2 with a cyclic factor 9.
Command         transform done; 0.21 sec.
INFO-FLOW: Presyn 2...
Execute         transform -hls -keep-callgraph -scalarrepl -mem2reg -port-alignment -attach-range -dce -pipe-mux-gen -indvars -loop-bound -inst-simplify -instcombine -dce -merge-array-access -mem2reg -dce -clean-region -mergereturn -if-conv -instcombine -dce -constprop -basicaa -aggr-aa -aggrmodref-aa -aggr-aa -gvn -gvn -basicaa -aggr-aa -aggrmodref-aa -aggr-aa -dse -adse -adce -scalarrepl -mem2reg -global-constprop -deadargelim -deadargelim -instcombine -dce -simplifycfg -ptrArgReplace -mem2reg -function-inline -globaldce -mem2reg -instcombine -dce -expr-balance -instcombine -dce -bitwidthmin -interface-preproc -directive-preproc -inst-rectify -instcombine -dce -functionattrs -constprop -instcombine -bit-constprop -simplify-global-access -globalopt -globaldce -inst-simplify -instcombine -elimdeaddata -dce -loop-delete -simplifycfg -loop-simplify -auto-burst -norm-name C:/Users/Afroditi/Documents/8thSemester/dvlsi/HLS_Bonus/svm/hls2-svm/solution4/.autopilot/db/a.o.1.tmp.bc -o C:/Users/Afroditi/Documents/8thSemester/dvlsi/HLS_Bonus/svm/hls2-svm/solution4/.autopilot/db/a.o.2.bc -f -phase presyn 
Command         transform done; 0.104 sec.
INFO: [HLS 200-111] Finished Pre-synthesis Time (s): cpu = 00:00:01 ; elapsed = 00:00:19 . Memory (MB): peak = 140.230 ; gain = 84.680
INFO-FLOW: Building ssdm...
Execute         transform -hls -function-uniquify -auto-function-inline -globaldce -ptrArgReplace -mem2reg -instcombine -dce -reset-lda -loop-simplify -indvars -licm -loop-dep -loop-bound -licm -loop-simplify -flattenloopnest -array-flatten -gvn -instcombine -dce -array-map -dce -func-legal -gvn -adce -instcombine -cfgopt -simplifycfg -loop-simplify -array-burst -promote-global-argument -dce -axi4-lower -array-seg-normalize -basicaa -aggrmodref-aa -globalsmodref-aa -aggr-aa -gvn -gvn -basicaa -aggrmodref-aa -globalsmodref-aa -aggr-aa -dse -adse -adce -licm -inst-simplify -dce -globaldce -instcombine -array-stream -eliminate-keepreads -instcombine -dce -deadargelim -doublePtrSimplify -doublePtrElim -dce -doublePtrSimplify -promote-dbg-pointer -dce -scalarrepl -mem2reg -disaggr -norm-name -mem2reg -instcombine -dse -adse -adce -ptrLegalization -dce -auto-rom-infer -array-flatten -dce -instcombine -check-doubleptr -loop-rot -constprop -cfgopt -simplifycfg -loop-simplify -indvars -pointer-simplify -dce -loop-bound -loop-simplify -loop-preproc -constprop -global-constprop -gvn -mem2reg -instcombine -dce -loop-bound -loop-merge -dce -bitwidthmin -deadargelim -dce -canonicalize-dataflow -dce -scalar-propagation -deadargelim -globaldce -mem2reg -read-loop-dep -interface-preproc -directive-preproc -interface-gen -bram-byte-enable -deadargelim -inst-simplify -dce -gvn -mem2reg -instcombine -dce -adse -loop-bound -instcombine -cfgopt -simplifycfg -loop-simplify -clean-region -io-protocol -find-region -mem2reg -bitop-raise -inst-simplify -inst-rectify -instcombine -adce -deadargelim -loop-simplify -phi-opt -bitop-raise -cfgopt -simplifycfg -strip-dead-prototypes -interface-lower -bitop-lower -intrinsic-lower -auto-function-inline -basicaa -aggrmodref-aa -globalsmodref-aa -aggr-aa -inst-simplify -simplifycfg -loop-simplify -mergereturn -inst-simplify -inst-rectify -dce -load-elim -bitop-lower -loop-rewind -pointer-simplify -dce -cfgopt -dce -bitwidth -loop-dep -read-loop-dep -dce -check-stream -norm-name -legalize -validate-dataflow -dead-allocation-elimination -cdfg-build C:/Users/Afroditi/Documents/8thSemester/dvlsi/HLS_Bonus/svm/hls2-svm/solution4/.autopilot/db/a.o.2.bc -o C:/Users/Afroditi/Documents/8thSemester/dvlsi/HLS_Bonus/svm/hls2-svm/solution4/.autopilot/db/a.o.3.bc -f -phase build-ssdm 
Command         transform done; 0.227 sec.
INFO: [HLS 200-111] Finished Architecture Synthesis Time (s): cpu = 00:00:01 ; elapsed = 00:00:19 . Memory (MB): peak = 140.230 ; gain = 84.680
INFO-FLOW: Finish building internal data model.
Command       opt_and_import_c done; 1.601 sec.
Command     elaborate done; 17.96 sec.
Execute     autosyn -from_csynth_design=1 
INFO: [HLS 200-10] Starting hardware synthesis ...
INFO-FLOW: Synthesizing C/C++ design ...
INFO: [HLS 200-10] Synthesizing 'svm' ...
Execute       ap_set_top_model svm 
Execute       get_model_list svm -filter all-wo-channel -topdown 
Execute       preproc_iomode -model svm 
Execute       get_model_list svm -filter all-wo-channel 
INFO-FLOW: Model list for configure: svm
INFO-FLOW: Configuring Module : svm ...
Execute       set_default_model svm 
Execute       apply_spec_resource_limit svm 
INFO-FLOW: Model list for preprocess: svm
INFO-FLOW: Preprocessing Module: svm ...
Execute       set_default_model svm 
Execute       cdfg_preprocess -model svm 
Execute       rtl_gen_preprocess svm 
INFO-FLOW: Model list for synthesis: svm
INFO: [HLS 200-10] ----------------------------------------------------------------
INFO: [HLS 200-42] -- Implementing module 'svm' 
INFO: [HLS 200-10] ----------------------------------------------------------------
Execute       set_default_model svm 
Execute       schedule -model svm 
INFO: [SCHED 204-11] Starting scheduling ...
INFO: [SCHED 204-11] Finished scheduling.
Command       schedule done; 0.318 sec.
INFO: [HLS 200-111]  Elapsed time: 19.549 seconds; current allocated memory: 91.161 MB.
Execute       report -o C:/Users/Afroditi/Documents/8thSemester/dvlsi/HLS_Bonus/svm/hls2-svm/solution4/.autopilot/db/svm.verbose.sched.rpt -verbose -f 
INFO: [HLS 200-434] Only 0 loops out of a total 2 loops have been pipelined in this design.
Command       report done; 0.186 sec.
Execute       db_write -o C:/Users/Afroditi/Documents/8thSemester/dvlsi/HLS_Bonus/svm/hls2-svm/solution4/.autopilot/db/svm.sched.adb -f 
INFO-FLOW: Finish scheduling svm.
Execute       set_default_model svm 
Execute       bind -model svm 
BIND OPTION: fu_weight=[ 0.0 -- 1.0 ]
BIND OPTION: model=svm
BIND OPTION: reg_weight=[ 0.0 -- 1.0 ]
INFO: [BIND 205-100] Starting micro-architecture generation ...
INFO: [BIND 205-101] Performing variable lifetime analysis.
INFO: [BIND 205-101] Exploring resource sharing.
INFO: [BIND 205-101] Binding ...
INFO: [BIND 205-100] Finished micro-architecture generation.
Command       bind done; 0.148 sec.
INFO: [HLS 200-111]  Elapsed time: 0.456 seconds; current allocated memory: 92.077 MB.
Execute       report -o C:/Users/Afroditi/Documents/8thSemester/dvlsi/HLS_Bonus/svm/hls2-svm/solution4/.autopilot/db/svm.verbose.bind.rpt -verbose -f 
Command       report done; 0.329 sec.
Execute       db_write -o C:/Users/Afroditi/Documents/8thSemester/dvlsi/HLS_Bonus/svm/hls2-svm/solution4/.autopilot/db/svm.bind.adb -f 
INFO-FLOW: Finish binding svm.
Execute       get_model_list svm -filter all-wo-channel 
INFO-FLOW: Preprocessing for RTLGen ...
Execute       rtl_gen_preprocess svm 
INFO-FLOW: Model list for RTL generation: svm
INFO: [HLS 200-10] ----------------------------------------------------------------
INFO: [HLS 200-10] -- Generating RTL for module 'svm' 
INFO: [HLS 200-10] ----------------------------------------------------------------
Execute       get_config_rtl -prefix 
Execute       get_config_rtl -auto_prefix 
Execute       create_rtl_model svm -vendor xilinx -mg_file C:/Users/Afroditi/Documents/8thSemester/dvlsi/HLS_Bonus/svm/hls2-svm/solution4/.autopilot/db/svm.compgen.tcl 
INFO: [RTGEN 206-500] Setting interface mode on port 'svm/class_hw' to 'ap_vld'.
INFO: [RTGEN 206-500] Setting interface mode on port 'svm/x_0' to 'ap_memory'.
INFO: [RTGEN 206-500] Setting interface mode on port 'svm/x_1' to 'ap_memory'.
INFO: [RTGEN 206-500] Setting interface mode on port 'svm/x_2' to 'ap_memory'.
INFO: [RTGEN 206-500] Setting interface mode on port 'svm/x_3' to 'ap_memory'.
INFO: [RTGEN 206-500] Setting interface mode on port 'svm/x_4' to 'ap_memory'.
INFO: [RTGEN 206-500] Setting interface mode on port 'svm/x_5' to 'ap_memory'.
INFO: [RTGEN 206-500] Setting interface mode on port 'svm/x_6' to 'ap_memory'.
INFO: [RTGEN 206-500] Setting interface mode on port 'svm/x_7' to 'ap_memory'.
INFO: [RTGEN 206-500] Setting interface mode on port 'svm/x_8' to 'ap_memory'.
INFO: [RTGEN 206-500] Setting interface mode on function 'svm' to 'ap_ctrl_hs'.
INFO: [SYN 201-210] Renamed object name 'svm_faddfsub_32ns_32ns_32_5_full_dsp_1' to 'svm_faddfsub_32nsbkb' due to the length limit 20
INFO: [SYN 201-210] Renamed object name 'svm_fsub_32ns_32ns_32_5_full_dsp_1' to 'svm_fsub_32ns_32ncud' due to the length limit 20
INFO: [SYN 201-210] Renamed object name 'svm_fmul_32ns_32ns_32_4_max_dsp_1' to 'svm_fmul_32ns_32ndEe' due to the length limit 20
INFO: [SYN 201-210] Renamed object name 'svm_fpext_32ns_64_1_1' to 'svm_fpext_32ns_64eOg' due to the length limit 20
INFO: [SYN 201-210] Renamed object name 'svm_dadd_64ns_64ns_64_5_full_dsp_1' to 'svm_dadd_64ns_64nfYi' due to the length limit 20
INFO: [SYN 201-210] Renamed object name 'svm_dmul_64ns_64ns_64_6_max_dsp_1' to 'svm_dmul_64ns_64ng8j' due to the length limit 20
INFO: [SYN 201-210] Renamed object name 'svm_dcmp_64ns_64ns_1_1_1' to 'svm_dcmp_64ns_64nhbi' due to the length limit 20
INFO: [SYN 201-210] Renamed object name 'svm_dexp_64ns_64ns_64_18_full_dsp_1' to 'svm_dexp_64ns_64nibs' due to the length limit 20
INFO: [RTGEN 206-100] Generating core module 'svm_dadd_64ns_64nfYi': 1 instance(s).
INFO: [RTGEN 206-100] Generating core module 'svm_dcmp_64ns_64nhbi': 1 instance(s).
INFO: [RTGEN 206-100] Generating core module 'svm_dexp_64ns_64nibs': 1 instance(s).
INFO: [RTGEN 206-100] Generating core module 'svm_dmul_64ns_64ng8j': 1 instance(s).
INFO: [RTGEN 206-100] Generating core module 'svm_faddfsub_32nsbkb': 1 instance(s).
INFO: [RTGEN 206-100] Generating core module 'svm_fmul_32ns_32ndEe': 2 instance(s).
INFO: [RTGEN 206-100] Generating core module 'svm_fpext_32ns_64eOg': 1 instance(s).
INFO: [RTGEN 206-100] Generating core module 'svm_fsub_32ns_32ncud': 3 instance(s).
INFO: [RTGEN 206-100] Finished creating RTL model for 'svm'.
Command       create_rtl_model done; 0.718 sec.
INFO: [HLS 200-111]  Elapsed time: 1.175 seconds; current allocated memory: 93.881 MB.
Execute       source C:/Users/Afroditi/Documents/8thSemester/dvlsi/HLS_Bonus/svm/hls2-svm/solution4/.autopilot/db/svm.rtl_wrap.cfg.tcl 
Execute       gen_rtl svm -istop -style xilinx -tracefl mytrace -tracefmt vcd -traceopt all -f -lang sc -o C:/Users/Afroditi/Documents/8thSemester/dvlsi/HLS_Bonus/svm/hls2-svm/solution4/syn/systemc/svm -synmodules svm 
Execute       gen_rtl svm -istop -style xilinx -f -lang vhdl -o C:/Users/Afroditi/Documents/8thSemester/dvlsi/HLS_Bonus/svm/hls2-svm/solution4/syn/vhdl/svm 
Command       gen_rtl done; 0.106 sec.
Execute       gen_rtl svm -istop -style xilinx -f -lang vlog -o C:/Users/Afroditi/Documents/8thSemester/dvlsi/HLS_Bonus/svm/hls2-svm/solution4/syn/verilog/svm 
Execute       export_constraint_db -o C:/Users/Afroditi/Documents/8thSemester/dvlsi/HLS_Bonus/svm/hls2-svm/solution4/.autopilot/db/svm.constraint.tcl -f -tool general 
Execute       report -model svm -o C:/Users/Afroditi/Documents/8thSemester/dvlsi/HLS_Bonus/svm/hls2-svm/solution4/.autopilot/db/svm.design.xml -verbose -f -dv 
Command       report done; 0.108 sec.
Execute       report -model svm -o C:/Users/Afroditi/Documents/8thSemester/dvlsi/HLS_Bonus/svm/hls2-svm/solution4/.autopilot/db/svm.sdaccel.xml -verbose -f -sdaccel 
Command       report done; 0.125 sec.
Execute       gen_tb_info svm -o C:/Users/Afroditi/Documents/8thSemester/dvlsi/HLS_Bonus/svm/hls2-svm/solution4/.autopilot/db/svm -p C:/Users/Afroditi/Documents/8thSemester/dvlsi/HLS_Bonus/svm/hls2-svm/solution4/.autopilot/db 
Execute       report -model svm -o C:/Users/Afroditi/Documents/8thSemester/dvlsi/HLS_Bonus/svm/hls2-svm/solution4/syn/report/svm_csynth.rpt -f 
Execute       report -model svm -o C:/Users/Afroditi/Documents/8thSemester/dvlsi/HLS_Bonus/svm/hls2-svm/solution4/syn/report/svm_csynth.xml -f -x 
Execute       report -model svm -o C:/Users/Afroditi/Documents/8thSemester/dvlsi/HLS_Bonus/svm/hls2-svm/solution4/.autopilot/db/svm.verbose.rpt -verbose -f 
Command       report done; 0.256 sec.
Execute       db_write -model svm -o C:/Users/Afroditi/Documents/8thSemester/dvlsi/HLS_Bonus/svm/hls2-svm/solution4/.autopilot/db/svm.adb -f 
Command       db_write done; 0.114 sec.
Execute       sc_get_clocks svm 
Execute       sc_get_portdomain svm 
INFO-FLOW: Model list for RTL component generation: svm
INFO-FLOW: Handling components in module [svm] ... 
Execute       source C:/Users/Afroditi/Documents/8thSemester/dvlsi/HLS_Bonus/svm/hls2-svm/solution4/.autopilot/db/svm.compgen.tcl 
INFO-FLOW: Found component svm_faddfsub_32nsbkb.
INFO-FLOW: Append model svm_faddfsub_32nsbkb
INFO-FLOW: Found component svm_fsub_32ns_32ncud.
INFO-FLOW: Append model svm_fsub_32ns_32ncud
INFO-FLOW: Found component svm_fmul_32ns_32ndEe.
INFO-FLOW: Append model svm_fmul_32ns_32ndEe
INFO-FLOW: Found component svm_fpext_32ns_64eOg.
INFO-FLOW: Append model svm_fpext_32ns_64eOg
INFO-FLOW: Found component svm_dadd_64ns_64nfYi.
INFO-FLOW: Append model svm_dadd_64ns_64nfYi
INFO-FLOW: Found component svm_dmul_64ns_64ng8j.
INFO-FLOW: Append model svm_dmul_64ns_64ng8j
INFO-FLOW: Found component svm_dcmp_64ns_64nhbi.
INFO-FLOW: Append model svm_dcmp_64ns_64nhbi
INFO-FLOW: Found component svm_dexp_64ns_64nibs.
INFO-FLOW: Append model svm_dexp_64ns_64nibs
INFO-FLOW: Found component svm_SupVec_0.
INFO-FLOW: Append model svm_SupVec_0
INFO-FLOW: Found component svm_SupVec_1.
INFO-FLOW: Append model svm_SupVec_1
INFO-FLOW: Found component svm_SupVec_2.
INFO-FLOW: Append model svm_SupVec_2
INFO-FLOW: Found component svm_SupVec_3.
INFO-FLOW: Append model svm_SupVec_3
INFO-FLOW: Found component svm_SupVec_4.
INFO-FLOW: Append model svm_SupVec_4
INFO-FLOW: Found component svm_SupVec_5.
INFO-FLOW: Append model svm_SupVec_5
INFO-FLOW: Found component svm_SupVec_6.
INFO-FLOW: Append model svm_SupVec_6
INFO-FLOW: Found component svm_SupVec_7.
INFO-FLOW: Append model svm_SupVec_7
INFO-FLOW: Found component svm_SupVec_8.
INFO-FLOW: Append model svm_SupVec_8
INFO-FLOW: Found component svm_Co.
INFO-FLOW: Append model svm_Co
INFO-FLOW: Append model svm
INFO-FLOW: Generating RTL model list ...
INFO-FLOW: All models in this session: svm_faddfsub_32nsbkb svm_fsub_32ns_32ncud svm_fmul_32ns_32ndEe svm_fpext_32ns_64eOg svm_dadd_64ns_64nfYi svm_dmul_64ns_64ng8j svm_dcmp_64ns_64nhbi svm_dexp_64ns_64nibs svm_SupVec_0 svm_SupVec_1 svm_SupVec_2 svm_SupVec_3 svm_SupVec_4 svm_SupVec_5 svm_SupVec_6 svm_SupVec_7 svm_SupVec_8 svm_Co svm
INFO-FLOW: To file: write model svm_faddfsub_32nsbkb
INFO-FLOW: To file: write model svm_fsub_32ns_32ncud
INFO-FLOW: To file: write model svm_fmul_32ns_32ndEe
INFO-FLOW: To file: write model svm_fpext_32ns_64eOg
INFO-FLOW: To file: write model svm_dadd_64ns_64nfYi
INFO-FLOW: To file: write model svm_dmul_64ns_64ng8j
INFO-FLOW: To file: write model svm_dcmp_64ns_64nhbi
INFO-FLOW: To file: write model svm_dexp_64ns_64nibs
INFO-FLOW: To file: write model svm_SupVec_0
INFO-FLOW: To file: write model svm_SupVec_1
INFO-FLOW: To file: write model svm_SupVec_2
INFO-FLOW: To file: write model svm_SupVec_3
INFO-FLOW: To file: write model svm_SupVec_4
INFO-FLOW: To file: write model svm_SupVec_5
INFO-FLOW: To file: write model svm_SupVec_6
INFO-FLOW: To file: write model svm_SupVec_7
INFO-FLOW: To file: write model svm_SupVec_8
INFO-FLOW: To file: write model svm_Co
INFO-FLOW: To file: write model svm
INFO-FLOW: Finished generating RTL model list.


INFO-FLOW: RTL Generation done.
INFO-FLOW: CAS Generation done.
INFO-FLOW: CBC Generation done.
Execute       get_config_sdx -target 
Execute       source C:/Users/Afroditi/Documents/8thSemester/dvlsi/HLS_Bonus/svm/hls2-svm/solution4/.autopilot/db/global.setting.tcl 
Execute       source C:/Xilinx/Vivado/2018.2/common/technology/generic/autopilot/common.gen 
Execute         source C:/Xilinx/Vivado/2018.2/common/technology/generic/autopilot/APCoreGen.gen 
Execute       source C:/Xilinx/Vivado/2018.2/common/technology/generic/autopilot/op.gen 
Execute       source C:/Xilinx/Vivado/2018.2/common/technology/generic/autopilot/op_simcore.gen 
Execute       source C:/Xilinx/Vivado/2018.2/common/technology/generic/autopilot/interface.gen 
Execute       source C:/Users/Afroditi/Documents/8thSemester/dvlsi/HLS_Bonus/svm/hls2-svm/solution4/.autopilot/db/global.setting.tcl 
Execute       source C:/Xilinx/Vivado/2018.2/common/technology/xilinx/zynq/zynq.gen 
Execute         source C:/Xilinx/Vivado/2018.2/common/technology/xilinx/common/virtex.gen 
Execute           source C:/Xilinx/Vivado/2018.2/common/technology/xilinx/common/xilinx.gen 
Execute             source C:/Xilinx/Vivado/2018.2/common/technology/xilinx/interface/plb46.gen 
Execute             source C:/Xilinx/Vivado/2018.2/common/technology/xilinx/interface/fsl.gen 
Execute             source C:/Xilinx/Vivado/2018.2/common/technology/xilinx/interface/axi4.gen 
Execute             source C:/Xilinx/Vivado/2018.2/common/technology/xilinx/interface/nativeAXI4.gen 
Execute               source C:/Xilinx/Vivado/2018.2/common/technology/xilinx/interface/saxilite.gen 
Execute               source C:/Xilinx/Vivado/2018.2/common/technology/xilinx/interface/maxi.gen 
Execute             source C:/Xilinx/Vivado/2018.2/common/technology/xilinx/scripts/xilinxcoregen.gen 
Execute             source C:/Xilinx/Vivado/2018.2/common/technology/xilinx/interface/XilEDKCoreGen.gen 
Execute             source C:/Xilinx/Vivado/2018.2/common/technology/xilinx/ip/dds_compiler.gen 
Execute             source C:/Xilinx/Vivado/2018.2/common/technology/xilinx/ip/util.gen 
Execute             source C:/Xilinx/Vivado/2018.2/common/technology/xilinx/ip/xfft.gen 
Command             ap_source done; 0.124 sec.
Execute             source C:/Xilinx/Vivado/2018.2/common/technology/xilinx/ip/xfir.gen 
Command           ap_source done; 0.191 sec.
Execute           source C:/Xilinx/Vivado/2018.2/common/technology/xilinx/common/dsp48.gen 
Command         ap_source done; 0.195 sec.
Command       ap_source done; 0.196 sec.
Execute       source C:/Xilinx/Vivado/2018.2/common/technology/xilinx/zynq/zynq_fpv6.gen 
Execute         source C:/Xilinx/Vivado/2018.2/common/technology/xilinx/common/xilinx_fpv6.gen 
Execute       source C:/Users/Afroditi/Documents/8thSemester/dvlsi/HLS_Bonus/svm/hls2-svm/solution4/.autopilot/db/global.setting.tcl 
Execute       source C:/Users/Afroditi/Documents/8thSemester/dvlsi/HLS_Bonus/svm/hls2-svm/solution4/.autopilot/db/global.setting.tcl 
Execute       source C:/Users/Afroditi/Documents/8thSemester/dvlsi/HLS_Bonus/svm/hls2-svm/solution4/.autopilot/db/global.setting.tcl 
Execute       source C:/Users/Afroditi/Documents/8thSemester/dvlsi/HLS_Bonus/svm/hls2-svm/solution4/.autopilot/db/svm.compgen.tcl 
INFO: [RTMG 210-279] Implementing memory 'svm_SupVec_0_rom' using auto ROMs.
INFO: [RTMG 210-279] Implementing memory 'svm_SupVec_1_rom' using auto ROMs.
INFO: [RTMG 210-279] Implementing memory 'svm_SupVec_2_rom' using auto ROMs.
INFO: [RTMG 210-279] Implementing memory 'svm_SupVec_3_rom' using auto ROMs.
INFO: [RTMG 210-279] Implementing memory 'svm_SupVec_4_rom' using auto ROMs.
INFO: [RTMG 210-279] Implementing memory 'svm_SupVec_5_rom' using auto ROMs.
INFO: [RTMG 210-279] Implementing memory 'svm_SupVec_6_rom' using auto ROMs.
INFO: [RTMG 210-279] Implementing memory 'svm_SupVec_7_rom' using auto ROMs.
INFO: [RTMG 210-279] Implementing memory 'svm_SupVec_8_rom' using auto ROMs.
INFO: [RTMG 210-279] Implementing memory 'svm_Co_rom' using auto ROMs.
Command       ap_source done; 2.896 sec.
Execute       get_config_sdx -target 
Execute       source C:/Users/Afroditi/Documents/8thSemester/dvlsi/HLS_Bonus/svm/hls2-svm/solution4/.autopilot/db/global.setting.tcl 
Execute       source C:/Xilinx/Vivado/2018.2/common/technology/generic/autopilot/common.gen 
Execute         source C:/Xilinx/Vivado/2018.2/common/technology/generic/autopilot/APCoreGen.gen 
Execute       source C:/Xilinx/Vivado/2018.2/common/technology/generic/autopilot/op.gen 
Execute       source C:/Xilinx/Vivado/2018.2/common/technology/generic/autopilot/op_simcore.gen 
Execute       source C:/Xilinx/Vivado/2018.2/common/technology/generic/autopilot/interface.gen 
Execute       source C:/Users/Afroditi/Documents/8thSemester/dvlsi/HLS_Bonus/svm/hls2-svm/solution4/.autopilot/db/global.setting.tcl 
Execute       source C:/Xilinx/Vivado/2018.2/common/technology/xilinx/zynq/zynq.gen 
Execute         source C:/Xilinx/Vivado/2018.2/common/technology/xilinx/common/virtex.gen 
Execute           source C:/Xilinx/Vivado/2018.2/common/technology/xilinx/common/xilinx.gen 
Execute             source C:/Xilinx/Vivado/2018.2/common/technology/xilinx/interface/plb46.gen 
Execute             source C:/Xilinx/Vivado/2018.2/common/technology/xilinx/interface/fsl.gen 
Execute             source C:/Xilinx/Vivado/2018.2/common/technology/xilinx/interface/axi4.gen 
Execute             source C:/Xilinx/Vivado/2018.2/common/technology/xilinx/interface/nativeAXI4.gen 
Execute               source C:/Xilinx/Vivado/2018.2/common/technology/xilinx/interface/saxilite.gen 
Execute               source C:/Xilinx/Vivado/2018.2/common/technology/xilinx/interface/maxi.gen 
Execute             source C:/Xilinx/Vivado/2018.2/common/technology/xilinx/scripts/xilinxcoregen.gen 
Execute             source C:/Xilinx/Vivado/2018.2/common/technology/xilinx/interface/XilEDKCoreGen.gen 
Execute             source C:/Xilinx/Vivado/2018.2/common/technology/xilinx/ip/dds_compiler.gen 
Execute             source C:/Xilinx/Vivado/2018.2/common/technology/xilinx/ip/util.gen 
Execute             source C:/Xilinx/Vivado/2018.2/common/technology/xilinx/ip/xfft.gen 
Command             ap_source done; 0.112 sec.
Execute             source C:/Xilinx/Vivado/2018.2/common/technology/xilinx/ip/xfir.gen 
Command           ap_source done; 0.162 sec.
Execute           source C:/Xilinx/Vivado/2018.2/common/technology/xilinx/common/dsp48.gen 
Command         ap_source done; 0.165 sec.
Command       ap_source done; 0.165 sec.
Execute       source C:/Xilinx/Vivado/2018.2/common/technology/xilinx/zynq/zynq_fpv6.gen 
Execute         source C:/Xilinx/Vivado/2018.2/common/technology/xilinx/common/xilinx_fpv6.gen 
Execute       source C:/Users/Afroditi/Documents/8thSemester/dvlsi/HLS_Bonus/svm/hls2-svm/solution4/.autopilot/db/svm.rtl_wrap.cfg.tcl 
Execute       source C:/Users/Afroditi/Documents/8thSemester/dvlsi/HLS_Bonus/svm/hls2-svm/solution4/.autopilot/db/svm.rtl_wrap.cfg.tcl 
Execute       source C:/Users/Afroditi/Documents/8thSemester/dvlsi/HLS_Bonus/svm/hls2-svm/solution4/.autopilot/db/svm.rtl_wrap.cfg.tcl 
Execute       source C:/Users/Afroditi/Documents/8thSemester/dvlsi/HLS_Bonus/svm/hls2-svm/solution4/.autopilot/db/svm.tbgen.tcl 
Execute       source C:/Users/Afroditi/Documents/8thSemester/dvlsi/HLS_Bonus/svm/hls2-svm/solution4/.autopilot/db/svm.tbgen.tcl 
Execute       source C:/Users/Afroditi/Documents/8thSemester/dvlsi/HLS_Bonus/svm/hls2-svm/solution4/.autopilot/db/global.setting.tcl 
Execute       source C:/Users/Afroditi/Documents/8thSemester/dvlsi/HLS_Bonus/svm/hls2-svm/solution4/.autopilot/db/svm.compgen.tcl 
Command       ap_source done; 0.242 sec.
Execute       source C:/Users/Afroditi/Documents/8thSemester/dvlsi/HLS_Bonus/svm/hls2-svm/solution4/.autopilot/db/global.setting.tcl 
Execute       source C:/Users/Afroditi/Documents/8thSemester/dvlsi/HLS_Bonus/svm/hls2-svm/solution4/.autopilot/db/svm.compgen.tcl 
Execute         source C:/Users/Afroditi/Documents/8thSemester/dvlsi/HLS_Bonus/svm/hls2-svm/solution4/.autopilot/db/svm.tbgen.tcl 
Execute         source C:/Users/Afroditi/Documents/8thSemester/dvlsi/HLS_Bonus/svm/hls2-svm/solution4/.autopilot/db/svm.tbgen.tcl 
Execute         source C:/Users/Afroditi/Documents/8thSemester/dvlsi/HLS_Bonus/svm/hls2-svm/solution4/.autopilot/db/svm.tbgen.tcl 
Execute         source C:/Users/Afroditi/Documents/8thSemester/dvlsi/HLS_Bonus/svm/hls2-svm/solution4/.autopilot/db/svm.tbgen.tcl 
Execute         source C:/Users/Afroditi/Documents/8thSemester/dvlsi/HLS_Bonus/svm/hls2-svm/solution4/.autopilot/db/svm.tbgen.tcl 
Execute         source C:/Users/Afroditi/Documents/8thSemester/dvlsi/HLS_Bonus/svm/hls2-svm/solution4/.autopilot/db/svm.tbgen.tcl 
Execute         source C:/Users/Afroditi/Documents/8thSemester/dvlsi/HLS_Bonus/svm/hls2-svm/solution4/.autopilot/db/svm.tbgen.tcl 
Execute         source C:/Users/Afroditi/Documents/8thSemester/dvlsi/HLS_Bonus/svm/hls2-svm/solution4/.autopilot/db/svm.tbgen.tcl 
Execute         source C:/Users/Afroditi/Documents/8thSemester/dvlsi/HLS_Bonus/svm/hls2-svm/solution4/.autopilot/db/svm.tbgen.tcl 
Command       ap_source done; 0.172 sec.
Execute       source C:/Users/Afroditi/Documents/8thSemester/dvlsi/HLS_Bonus/svm/hls2-svm/solution4/.autopilot/db/global.setting.tcl 
Execute       source C:/Users/Afroditi/Documents/8thSemester/dvlsi/HLS_Bonus/svm/hls2-svm/solution4/.autopilot/db/svm.compgen.tcl 
Execute       source C:/Users/Afroditi/Documents/8thSemester/dvlsi/HLS_Bonus/svm/hls2-svm/solution4/.autopilot/db/global.setting.tcl 
Execute       source C:/Users/Afroditi/Documents/8thSemester/dvlsi/HLS_Bonus/svm/hls2-svm/solution4/.autopilot/db/svm.constraint.tcl 
Execute       source C:/Users/Afroditi/Documents/8thSemester/dvlsi/HLS_Bonus/svm/hls2-svm/solution4/.autopilot/db/svm.tbgen.tcl 
Execute       source C:/Users/Afroditi/Documents/8thSemester/dvlsi/HLS_Bonus/svm/hls2-svm/solution4/.autopilot/db/global.setting.tcl 
Execute       source C:/Users/Afroditi/Documents/8thSemester/dvlsi/HLS_Bonus/svm/hls2-svm/solution4/.autopilot/db/global.setting.tcl 
Execute       source C:/Users/Afroditi/Documents/8thSemester/dvlsi/HLS_Bonus/svm/hls2-svm/solution4/.autopilot/db/global.setting.tcl 
Execute       source C:/Users/Afroditi/Documents/8thSemester/dvlsi/HLS_Bonus/svm/hls2-svm/solution4/.autopilot/db/svm.tbgen.tcl 
Execute       source C:/Users/Afroditi/Documents/8thSemester/dvlsi/HLS_Bonus/svm/hls2-svm/solution4/.autopilot/db/svm.tbgen.tcl 
Execute       source C:/Users/Afroditi/Documents/8thSemester/dvlsi/HLS_Bonus/svm/hls2-svm/solution4/.autopilot/db/global.setting.tcl 
Execute       source C:/Users/Afroditi/Documents/8thSemester/dvlsi/HLS_Bonus/svm/hls2-svm/solution4/.autopilot/db/svm.constraint.tcl 
Execute       sc_get_clocks svm 
Execute       source C:/Users/Afroditi/Documents/8thSemester/dvlsi/HLS_Bonus/svm/hls2-svm/solution4/.autopilot/db/global.setting.tcl 
Execute       source C:/Users/Afroditi/Documents/8thSemester/dvlsi/HLS_Bonus/svm/hls2-svm/solution4/impl/misc/svm_ap_dadd_3_full_dsp_64_ip.tcl 
Execute       source C:/Users/Afroditi/Documents/8thSemester/dvlsi/HLS_Bonus/svm/hls2-svm/solution4/impl/misc/svm_ap_dcmp_0_no_dsp_64_ip.tcl 
Execute       source C:/Users/Afroditi/Documents/8thSemester/dvlsi/HLS_Bonus/svm/hls2-svm/solution4/impl/misc/svm_ap_dexp_16_full_dsp_64_ip.tcl 
Execute       source C:/Users/Afroditi/Documents/8thSemester/dvlsi/HLS_Bonus/svm/hls2-svm/solution4/impl/misc/svm_ap_dmul_4_max_dsp_64_ip.tcl 
Execute       source C:/Users/Afroditi/Documents/8thSemester/dvlsi/HLS_Bonus/svm/hls2-svm/solution4/impl/misc/svm_ap_faddfsub_3_full_dsp_32_ip.tcl 
Execute       source C:/Users/Afroditi/Documents/8thSemester/dvlsi/HLS_Bonus/svm/hls2-svm/solution4/impl/misc/svm_ap_fmul_2_max_dsp_32_ip.tcl 
Execute       source C:/Users/Afroditi/Documents/8thSemester/dvlsi/HLS_Bonus/svm/hls2-svm/solution4/impl/misc/svm_ap_fpext_0_no_dsp_32_ip.tcl 
Execute       source C:/Users/Afroditi/Documents/8thSemester/dvlsi/HLS_Bonus/svm/hls2-svm/solution4/impl/misc/svm_ap_fsub_3_full_dsp_32_ip.tcl 
Execute       get_config_sdx -target 
Execute       get_config_sdx -profile 
Execute       ::config_rtl 
INFO: [HLS 200-111] Finished generating all RTL models Time (s): cpu = 00:00:07 ; elapsed = 00:00:29 . Memory (MB): peak = 150.129 ; gain = 94.578
INFO: [SYSC 207-301] Generating SystemC RTL for svm.
INFO: [VHDL 208-304] Generating VHDL RTL for svm.
INFO: [VLOG 209-307] Generating Verilog RTL for svm.
Command     autosyn done; 9.682 sec.
Command   csynth_design done; 27.653 sec.
Command ap_source done; 28.138 sec.
Execute cleanup_all 
