INFO: [SIM 2] *************** CSIM start ***************
INFO: [SIM 4] CSIM will launch GCC as the compiler.
   Compiling(apcc) ../../../../fir_test.c in debug mode
INFO: [HLS 200-10] Running 'C:/Xilinx/Vivado/2018.2/bin/unwrapped/win64.o/apcc.exe'
INFO: [HLS 200-10] For user 'Afroditi' on host 'desktop-ii5sp0k' (Windows NT_amd64 version 6.2) on Sun Jun 13 17:58:42 +0300 2021
INFO: [HLS 200-10] In directory 'C:/Users/Afroditi/Documents/8thSemester/dvlsi/HLS_Bonus/Introduction/lab1/prj1-fir/solution1/csim/build'
INFO: [APCC 202-3] Tmp directory is apcc_db
INFO: [APCC 202-1] APCC is done.
   Compiling(apcc) ../../../../fir.c in debug mode
INFO: [HLS 200-10] Running 'C:/Xilinx/Vivado/2018.2/bin/unwrapped/win64.o/apcc.exe'
INFO: [HLS 200-10] For user 'Afroditi' on host 'desktop-ii5sp0k' (Windows NT_amd64 version 6.2) on Sun Jun 13 17:58:52 +0300 2021
INFO: [HLS 200-10] In directory 'C:/Users/Afroditi/Documents/8thSemester/dvlsi/HLS_Bonus/Introduction/lab1/prj1-fir/solution1/csim/build'
INFO: [APCC 202-3] Tmp directory is apcc_db
INFO: [APCC 202-1] APCC is done.
   Generating csim.exe
Comparing against output data 
*******************************************
PASS: The output matches the golden output!
*******************************************
INFO: [SIM 1] CSim done with 0 errors.
INFO: [SIM 3] *************** CSIM finish ***************
