INFO: [SIM 2] *************** CSIM start ***************
INFO: [SIM 4] CSIM will launch GCC as the compiler.
   Compiling ../../../../fir_test.cpp in debug mode
   Compiling ../../../../fir.cpp in debug mode
   Generating csim.exe
1,17c1,17
< 0 7142848 7142880
< 1 7142849 7142880
< 2 7142850 7142880
< 3 7142851 7142880
< 4 7142852 7142880
< 5 7142853 7142880
< 6 7142854 7142880
< 7 7142855 7142880
< 8 7142856 7142880
< 9 7142857 7142880
< 10 7142858 7142880
< 11 7142859 7142880
< 12 7142860 7142880
< 13 7142861 7142880
< 14 7142862 7142880
< 15 7142863 7142880
< 16 7142864 7142880
---
> 0 40 40
> 1 248 328
> 2 245 861
> 3 124 1518
> 4 204 2379
> 5 36 3276
> 6 107 4280
> 7 234 5518
> 8 202 6598
> 9 245 6011
> 10 0 5203
> 11 0 5239
> 12 0 4431
> 13 0 4931
> 14 0 4756
> 15 0 3331
> 16 0 1960
\ No newline at end of file
Comparing against output data 
*******************************************
FAIL: Output DOES NOT match the golden output
*******************************************
ERR: [SIM 100] 'csim_design' failed: nonzero return value.
INFO: [SIM 3] *************** CSIM finish ***************
