INFO: [HLS 200-10] Running 'C:/Xilinx/Vivado/2018.2/bin/unwrapped/win64.o/vivado_hls.exe'
INFO: [HLS 200-10] For user 'Afroditi' on host 'desktop-ii5sp0k' (Windows NT_amd64 version 6.2) on Mon Jun 14 15:23:37 +0300 2021
INFO: [HLS 200-10] In directory 'C:/Users/Afroditi/Documents/8thSemester/dvlsi/HLS_Bonus/fir'
INFO: [HLS 200-10] Opening project 'C:/Users/Afroditi/Documents/8thSemester/dvlsi/HLS_Bonus/fir/hls1-fir'.
INFO: [HLS 200-10] Opening solution 'C:/Users/Afroditi/Documents/8thSemester/dvlsi/HLS_Bonus/fir/hls1-fir/solution2'.
INFO: [SYN 201-201] Setting up clock 'default' with a period of 10ns.
INFO: [HLS 200-10] Setting target device to 'xc7z020clg400-1'
INFO: [SIM 211-2] *************** CSIM start ***************
INFO: [SIM 211-4] CSIM will launch GCC as the compiler.
   Compiling(apcc) ../../../../fir_test.c in debug mode
INFO: [HLS 200-10] Running 'C:/Xilinx/Vivado/2018.2/bin/unwrapped/win64.o/apcc.exe'
INFO: [HLS 200-10] For user 'Afroditi' on host 'desktop-ii5sp0k' (Windows NT_amd64 version 6.2) on Mon Jun 14 15:23:42 +0300 2021
INFO: [HLS 200-10] In directory 'C:/Users/Afroditi/Documents/8thSemester/dvlsi/HLS_Bonus/fir/hls1-fir/solution2/csim/build'
INFO: [APCC 202-3] Tmp directory is apcc_db
INFO: [APCC 202-1] APCC is done.
   Compiling(apcc) ../../../../fir.c in debug mode
INFO: [HLS 200-10] Running 'C:/Xilinx/Vivado/2018.2/bin/unwrapped/win64.o/apcc.exe'
INFO: [HLS 200-10] For user 'Afroditi' on host 'desktop-ii5sp0k' (Windows NT_amd64 version 6.2) on Mon Jun 14 15:23:51 +0300 2021
INFO: [HLS 200-10] In directory 'C:/Users/Afroditi/Documents/8thSemester/dvlsi/HLS_Bonus/fir/hls1-fir/solution2/csim/build'
INFO: [APCC 202-3] Tmp directory is apcc_db
INFO: [APCC 202-1] APCC is done.
   Generating csim.exe
Comparing against output data 
*******************************************
PASS: The output matches the golden output!
*******************************************
INFO: [SIM 211-1] CSim done with 0 errors.
INFO: [SIM 211-3] *************** CSIM finish ***************
