09:09:25 INFO  : Registering command handlers for SDK TCF services
09:09:26 INFO  : Launching XSCT server: xsct.bat -interactive C:\Users\Afroditi\Documents\8thSemester\dvlsi\Lab5\dvlsi2021_lab5\dvlsi2021_ask5_prj\dvlsi2021_ask5_prj.sdk\temp_xsdb_launch_script.tcl
09:09:31 INFO  : XSCT server has started successfully.
09:09:31 INFO  : Successfully done setting XSCT server connection channel  
09:09:35 INFO  : Successfully done setting SDK workspace  
09:09:35 INFO  : Processing command line option -hwspec C:/Users/Afroditi/Documents/8thSemester/dvlsi/Lab5/dvlsi2021_lab5/dvlsi2021_ask5_prj/dvlsi2021_ask5_prj.sdk/dvlsi2021_lab5_top.hdf.
12:52:50 INFO  : Registering command handlers for SDK TCF services
12:52:51 INFO  : Launching XSCT server: xsct.bat -interactive C:\Users\Afroditi\Documents\8thSemester\dvlsi\Lab5\dvlsi2021_lab5\dvlsi2021_ask5_prj\dvlsi2021_ask5_prj.sdk\temp_xsdb_launch_script.tcl
12:52:55 INFO  : XSCT server has started successfully.
12:52:55 INFO  : Successfully done setting XSCT server connection channel  
12:52:56 INFO  : Successfully done setting SDK workspace  
12:52:56 INFO  : Processing command line option -hwspec C:/Users/Afroditi/Documents/8thSemester/dvlsi/Lab5/dvlsi2021_lab5/dvlsi2021_ask5_prj/dvlsi2021_ask5_prj.sdk/dvlsi2021_lab5_top.hdf.
12:52:56 INFO  : Checking for hwspec changes in the project dvlsi2021_lab5_top_hw_platform_0.
12:53:01 INFO  : SDK has detected change in the last modified timestamps for source hardware specification file Source:1622540985505,  Project:1622527482073
12:53:01 INFO  : The hardware specification for project 'dvlsi2021_lab5_top_hw_platform_0' is different from C:/Users/Afroditi/Documents/8thSemester/dvlsi/Lab5/dvlsi2021_lab5/dvlsi2021_ask5_prj/dvlsi2021_ask5_prj.sdk/dvlsi2021_lab5_top.hdf.
12:53:01 INFO  : Copied contents of C:/Users/Afroditi/Documents/8thSemester/dvlsi/Lab5/dvlsi2021_lab5/dvlsi2021_ask5_prj/dvlsi2021_ask5_prj.sdk/dvlsi2021_lab5_top.hdf into \dvlsi2021_lab5_top_hw_platform_0\system.hdf.
12:53:07 INFO  : Synchronizing projects in the workspace with the hardware platform specification changes.
12:53:10 INFO  : 
12:53:11 INFO  : Updating hardware inferred compiler options for lab5_app.
12:53:11 INFO  : Clearing existing target manager status.
14:00:13 INFO  : Registering command handlers for SDK TCF services
14:00:15 INFO  : Launching XSCT server: xsct.bat -interactive C:\Users\Afroditi\Documents\8thSemester\dvlsi\Lab5\dvlsi2021_lab5\dvlsi2021_ask5_prj\dvlsi2021_ask5_prj.sdk\temp_xsdb_launch_script.tcl
14:00:19 INFO  : XSCT server has started successfully.
14:00:20 INFO  : Successfully done setting XSCT server connection channel  
14:00:20 INFO  : Processing command line option -hwspec C:/Users/Afroditi/Documents/8thSemester/dvlsi/Lab5/dvlsi2021_lab5/dvlsi2021_ask5_prj/dvlsi2021_ask5_prj.sdk/dvlsi2021_lab5_top.hdf.
14:00:20 INFO  : Successfully done setting SDK workspace  
14:00:20 INFO  : Checking for hwspec changes in the project dvlsi2021_lab5_top_hw_platform_0.
14:00:25 INFO  : SDK has detected change in the last modified timestamps for source hardware specification file Source:1622545116799,  Project:1622540985505
14:00:25 INFO  : The hardware specification for project 'dvlsi2021_lab5_top_hw_platform_0' is different from C:/Users/Afroditi/Documents/8thSemester/dvlsi/Lab5/dvlsi2021_lab5/dvlsi2021_ask5_prj/dvlsi2021_ask5_prj.sdk/dvlsi2021_lab5_top.hdf.
14:00:25 INFO  : Copied contents of C:/Users/Afroditi/Documents/8thSemester/dvlsi/Lab5/dvlsi2021_lab5/dvlsi2021_ask5_prj/dvlsi2021_ask5_prj.sdk/dvlsi2021_lab5_top.hdf into \dvlsi2021_lab5_top_hw_platform_0\system.hdf.
14:01:09 INFO  : Synchronizing projects in the workspace with the hardware platform specification changes.
14:01:21 INFO  : 
14:01:22 INFO  : Updating hardware inferred compiler options for lab5_app.
14:01:22 INFO  : Clearing existing target manager status.
12:01:59 INFO  : Registering command handlers for SDK TCF services
12:02:00 INFO  : Launching XSCT server: xsct.bat -interactive C:\Users\Afroditi\Documents\8thSemester\dvlsi\Lab5\dvlsi2021_lab5\dvlsi2021_ask5_prj\dvlsi2021_ask5_prj.sdk\temp_xsdb_launch_script.tcl
12:02:04 INFO  : XSCT server has started successfully.
12:02:04 INFO  : Successfully done setting XSCT server connection channel  
12:02:04 INFO  : Successfully done setting SDK workspace  
12:02:04 INFO  : Processing command line option -hwspec C:/Users/Afroditi/Documents/8thSemester/dvlsi/Lab5/dvlsi2021_lab5/dvlsi2021_ask5_prj/dvlsi2021_ask5_prj.sdk/dvlsi2021_lab5_top.hdf.
12:02:04 INFO  : Checking for hwspec changes in the project dvlsi2021_lab5_top_hw_platform_0.
12:35:29 INFO  : Registering command handlers for SDK TCF services
12:35:30 INFO  : Launching XSCT server: xsct.bat -interactive C:\Users\Afroditi\Documents\8thSemester\dvlsi\Lab5\dvlsi2021_lab5\dvlsi2021_ask5_prj\dvlsi2021_ask5_prj.sdk\temp_xsdb_launch_script.tcl
12:35:33 INFO  : XSCT server has started successfully.
12:35:33 INFO  : Successfully done setting XSCT server connection channel  
12:35:34 INFO  : Successfully done setting SDK workspace  
12:35:34 INFO  : Processing command line option -hwspec C:/Users/Afroditi/Documents/8thSemester/dvlsi/Lab5/dvlsi2021_lab5/dvlsi2021_ask5_prj/dvlsi2021_ask5_prj.sdk/dvlsi2021_lab5_top.hdf.
12:35:34 INFO  : Checking for hwspec changes in the project dvlsi2021_lab5_top_hw_platform_0.
12:45:56 INFO  : Registering command handlers for SDK TCF services
12:45:57 INFO  : Launching XSCT server: xsct.bat -interactive C:\Users\Afroditi\Documents\8thSemester\dvlsi\Lab5\dvlsi2021_lab5\dvlsi2021_ask5_prj\dvlsi2021_ask5_prj.sdk\temp_xsdb_launch_script.tcl
12:46:00 INFO  : XSCT server has started successfully.
12:46:00 INFO  : Successfully done setting XSCT server connection channel  
12:46:01 INFO  : Successfully done setting SDK workspace  
12:46:01 INFO  : Processing command line option -hwspec C:/Users/Afroditi/Documents/8thSemester/dvlsi/Lab5/dvlsi2021_lab5/dvlsi2021_ask5_prj/dvlsi2021_ask5_prj.sdk/dvlsi2021_lab5_top.hdf.
12:46:01 INFO  : Checking for hwspec changes in the project dvlsi2021_lab5_top_hw_platform_0.
16:02:08 INFO  : Registering command handlers for SDK TCF services
16:02:09 INFO  : Launching XSCT server: xsct.bat -interactive C:\Users\Afroditi\Documents\8thSemester\dvlsi\Lab5\dvlsi2021_lab5\dvlsi2021_ask5_prj\dvlsi2021_ask5_prj.sdk\temp_xsdb_launch_script.tcl
16:02:12 INFO  : XSCT server has started successfully.
16:02:12 INFO  : Successfully done setting XSCT server connection channel  
16:02:12 INFO  : Processing command line option -hwspec C:/Users/Afroditi/Documents/8thSemester/dvlsi/Lab5/dvlsi2021_lab5/dvlsi2021_ask5_prj/dvlsi2021_ask5_prj.sdk/dvlsi2021_lab5_top.hdf.
16:02:13 INFO  : Successfully done setting SDK workspace  
16:02:13 INFO  : Checking for hwspec changes in the project dvlsi2021_lab5_top_hw_platform_0.
16:02:37 INFO  : Refreshed build settings on project lab5_app
16:17:05 INFO  : Registering command handlers for SDK TCF services
16:17:06 INFO  : Launching XSCT server: xsct.bat -interactive C:\Users\Afroditi\Documents\8thSemester\dvlsi\Lab5\dvlsi2021_lab5\dvlsi2021_ask5_prj\dvlsi2021_ask5_prj.sdk\temp_xsdb_launch_script.tcl
16:17:10 INFO  : XSCT server has started successfully.
16:17:11 INFO  : Successfully done setting XSCT server connection channel  
16:17:11 INFO  : Successfully done setting SDK workspace  
16:17:11 INFO  : Processing command line option -hwspec C:/Users/Afroditi/Documents/8thSemester/dvlsi/Lab5/dvlsi2021_lab5/dvlsi2021_ask5_prj/dvlsi2021_ask5_prj.sdk/dvlsi2021_lab5_top.hdf.
16:17:11 INFO  : Checking for hwspec changes in the project dvlsi2021_lab5_top_hw_platform_0.
13:44:25 INFO  : Example project lab5_app_bsp_xaxidma_example_simple_poll_1 has been created successfully.
17:10:55 INFO  : Registering command handlers for SDK TCF services
17:10:57 INFO  : Launching XSCT server: xsct.bat -interactive C:\Users\Afroditi\Documents\8thSemester\dvlsi\Lab5\dvlsi2021_lab5\dvlsi2021_ask5_prj\dvlsi2021_ask5_prj.sdk\temp_xsdb_launch_script.tcl
17:11:00 INFO  : XSCT server has started successfully.
17:11:00 INFO  : Successfully done setting XSCT server connection channel  
17:11:00 INFO  : Successfully done setting SDK workspace  
17:11:00 INFO  : Processing command line option -hwspec C:/Users/Afroditi/Documents/8thSemester/dvlsi/Lab5/dvlsi2021_lab5/dvlsi2021_ask5_prj/dvlsi2021_ask5_prj.sdk/dvlsi2021_lab5_top.hdf.
17:11:01 INFO  : Checking for hwspec changes in the project dvlsi2021_lab5_top_hw_platform_0.
17:11:05 INFO  : SDK has detected change in the last modified timestamps for source hardware specification file Source:1622556568123,  Project:1622545116799
17:11:05 INFO  : The hardware specification for project 'dvlsi2021_lab5_top_hw_platform_0' is different from C:/Users/Afroditi/Documents/8thSemester/dvlsi/Lab5/dvlsi2021_lab5/dvlsi2021_ask5_prj/dvlsi2021_ask5_prj.sdk/dvlsi2021_lab5_top.hdf.
17:11:05 INFO  : Copied contents of C:/Users/Afroditi/Documents/8thSemester/dvlsi/Lab5/dvlsi2021_lab5/dvlsi2021_ask5_prj/dvlsi2021_ask5_prj.sdk/dvlsi2021_lab5_top.hdf into \dvlsi2021_lab5_top_hw_platform_0\system.hdf.
17:11:10 INFO  : Synchronizing projects in the workspace with the hardware platform specification changes.
17:11:14 INFO  : 
17:11:15 INFO  : Updating hardware inferred compiler options for lab5_app.
17:11:16 INFO  : Updating hardware inferred compiler options for lab5_app_bsp_xaxidma_example_simple_poll_1.
17:11:16 INFO  : Clearing existing target manager status.
18:38:29 INFO  : Registering command handlers for SDK TCF services
18:38:29 INFO  : Launching XSCT server: xsct.bat -interactive C:\Users\Afroditi\Documents\8thSemester\dvlsi\Lab5\dvlsi2021_lab5\dvlsi2021_ask5_prj\dvlsi2021_ask5_prj.sdk\temp_xsdb_launch_script.tcl
18:38:33 INFO  : XSCT server has started successfully.
18:38:34 INFO  : Successfully done setting XSCT server connection channel  
18:38:34 INFO  : Successfully done setting SDK workspace  
18:38:34 INFO  : Processing command line option -hwspec C:/Users/Afroditi/Documents/8thSemester/dvlsi/Lab5/dvlsi2021_lab5/dvlsi2021_ask5_prj/dvlsi2021_ask5_prj.sdk/dvlsi2021_lab5_top.hdf.
18:38:34 INFO  : Checking for hwspec changes in the project dvlsi2021_lab5_top_hw_platform_0.
21:33:51 INFO  : Registering command handlers for SDK TCF services
21:33:52 INFO  : Launching XSCT server: xsct.bat -interactive C:\Users\Afroditi\Documents\8thSemester\dvlsi\Lab5\dvlsi2021_lab5\dvlsi2021_ask5_prj\dvlsi2021_ask5_prj.sdk\temp_xsdb_launch_script.tcl
21:33:55 INFO  : XSCT server has started successfully.
21:33:56 INFO  : Successfully done setting XSCT server connection channel  
21:33:56 INFO  : Processing command line option -hwspec C:/Users/Afroditi/Documents/8thSemester/dvlsi/Lab5/dvlsi2021_lab5/dvlsi2021_ask5_prj/dvlsi2021_ask5_prj.sdk/dvlsi2021_lab5_top.hdf.
21:33:56 INFO  : Successfully done setting SDK workspace  
21:33:56 INFO  : Checking for hwspec changes in the project dvlsi2021_lab5_top_hw_platform_0.
21:34:00 INFO  : SDK has detected change in the last modified timestamps for source hardware specification file Source:1622572334301,  Project:1622556568123
21:34:00 INFO  : The hardware specification for project 'dvlsi2021_lab5_top_hw_platform_0' is different from C:/Users/Afroditi/Documents/8thSemester/dvlsi/Lab5/dvlsi2021_lab5/dvlsi2021_ask5_prj/dvlsi2021_ask5_prj.sdk/dvlsi2021_lab5_top.hdf.
21:34:00 INFO  : Copied contents of C:/Users/Afroditi/Documents/8thSemester/dvlsi/Lab5/dvlsi2021_lab5/dvlsi2021_ask5_prj/dvlsi2021_ask5_prj.sdk/dvlsi2021_lab5_top.hdf into \dvlsi2021_lab5_top_hw_platform_0\system.hdf.
21:34:07 INFO  : Synchronizing projects in the workspace with the hardware platform specification changes.
21:34:11 INFO  : 
21:34:11 INFO  : Updating hardware inferred compiler options for lab5_app.
21:34:12 INFO  : Updating hardware inferred compiler options for lab5_app_bsp_xaxidma_example_simple_poll_1.
21:34:12 INFO  : Clearing existing target manager status.
21:38:41 INFO  : Registering command handlers for SDK TCF services
21:38:43 INFO  : Launching XSCT server: xsct.bat -interactive C:\Users\Afroditi\Documents\8thSemester\dvlsi\Lab5\dvlsi2021_lab5\dvlsi2021_ask5_prj\dvlsi2021_ask5_prj.sdk\temp_xsdb_launch_script.tcl
21:38:46 INFO  : XSCT server has started successfully.
21:38:46 INFO  : Successfully done setting XSCT server connection channel  
21:38:46 INFO  : Processing command line option -hwspec C:/Users/Afroditi/Documents/8thSemester/dvlsi/Lab5/dvlsi2021_lab5/dvlsi2021_ask5_prj/dvlsi2021_ask5_prj.sdk/dvlsi2021_lab5_top.hdf.
21:38:46 INFO  : Successfully done setting SDK workspace  
21:38:47 INFO  : Checking for hwspec changes in the project dvlsi2021_lab5_top_hw_platform_0.
00:37:25 INFO  : Registering command handlers for SDK TCF services
00:37:28 INFO  : Launching XSCT server: xsct.bat -interactive C:\Users\Afroditi\Documents\8thSemester\dvlsi\Lab5\dvlsi2021_lab5\dvlsi2021_ask5_prj\dvlsi2021_ask5_prj.sdk\temp_xsdb_launch_script.tcl
00:37:34 INFO  : XSCT server has started successfully.
00:37:35 INFO  : Successfully done setting XSCT server connection channel  
00:37:35 INFO  : Processing command line option -hwspec C:/Users/Afroditi/Documents/8thSemester/dvlsi/Lab5/dvlsi2021_lab5/dvlsi2021_ask5_prj/dvlsi2021_ask5_prj.sdk/dvlsi2021_lab5_top.hdf.
00:37:35 INFO  : Successfully done setting SDK workspace  
00:37:35 INFO  : Checking for hwspec changes in the project dvlsi2021_lab5_top_hw_platform_0.
00:37:41 INFO  : SDK has detected change in the last modified timestamps for source hardware specification file Source:1622583211546,  Project:1622572334301
00:37:41 INFO  : The hardware specification for project 'dvlsi2021_lab5_top_hw_platform_0' is different from C:/Users/Afroditi/Documents/8thSemester/dvlsi/Lab5/dvlsi2021_lab5/dvlsi2021_ask5_prj/dvlsi2021_ask5_prj.sdk/dvlsi2021_lab5_top.hdf.
00:37:42 INFO  : Copied contents of C:/Users/Afroditi/Documents/8thSemester/dvlsi/Lab5/dvlsi2021_lab5/dvlsi2021_ask5_prj/dvlsi2021_ask5_prj.sdk/dvlsi2021_lab5_top.hdf into \dvlsi2021_lab5_top_hw_platform_0\system.hdf.
00:37:51 INFO  : Synchronizing projects in the workspace with the hardware platform specification changes.
00:37:55 INFO  : 
00:37:56 INFO  : Updating hardware inferred compiler options for lab5_app.
00:37:57 INFO  : Updating hardware inferred compiler options for lab5_app_bsp_xaxidma_example_simple_poll_1.
00:37:57 INFO  : Clearing existing target manager status.
00:59:06 INFO  : Registering command handlers for SDK TCF services
00:59:09 INFO  : Launching XSCT server: xsct.bat -interactive C:\Users\Afroditi\Documents\8thSemester\dvlsi\Lab5\dvlsi2021_lab5\dvlsi2021_ask5_prj\dvlsi2021_ask5_prj.sdk\temp_xsdb_launch_script.tcl
00:59:16 INFO  : XSCT server has started successfully.
00:59:17 INFO  : Processing command line option -hwspec C:/Users/Afroditi/Documents/8thSemester/dvlsi/Lab5/dvlsi2021_lab5/dvlsi2021_ask5_prj/dvlsi2021_ask5_prj.sdk/dvlsi2021_lab5_top.hdf.
00:59:17 INFO  : Successfully done setting XSCT server connection channel  
00:59:17 INFO  : Checking for hwspec changes in the project dvlsi2021_lab5_top_hw_platform_0.
00:59:18 INFO  : Successfully done setting SDK workspace  
09:38:17 INFO  : Registering command handlers for SDK TCF services
09:38:18 INFO  : Launching XSCT server: xsct.bat -interactive C:\Users\Afroditi\Documents\8thSemester\dvlsi\Lab5\dvlsi2021_lab5\dvlsi2021_ask5_prj\dvlsi2021_ask5_prj.sdk\temp_xsdb_launch_script.tcl
09:38:22 INFO  : XSCT server has started successfully.
09:38:28 INFO  : Successfully done setting XSCT server connection channel  
09:38:28 INFO  : Processing command line option -hwspec C:/Users/Afroditi/Documents/8thSemester/dvlsi/Lab5/dvlsi2021_lab5/dvlsi2021_ask5_prj/dvlsi2021_ask5_prj.sdk/dvlsi2021_lab5_top.hdf.
09:38:28 INFO  : Checking for hwspec changes in the project dvlsi2021_lab5_top_hw_platform_0.
09:38:35 INFO  : Successfully done setting SDK workspace  
20:22:02 INFO  : Registering command handlers for SDK TCF services
20:22:03 INFO  : Launching XSCT server: xsct.bat -interactive C:\Users\Afroditi\Documents\8thSemester\dvlsi\Lab5\dvlsi2021_lab5\dvlsi2021_ask5_prj\dvlsi2021_ask5_prj.sdk\temp_xsdb_launch_script.tcl
20:22:09 INFO  : XSCT server has started successfully.
20:22:11 INFO  : Successfully done setting XSCT server connection channel  
20:22:11 INFO  : Successfully done setting SDK workspace  
20:22:11 INFO  : Processing command line option -hwspec C:/Users/Afroditi/Documents/8thSemester/dvlsi/Lab5/dvlsi2021_lab5/dvlsi2021_ask5_prj/dvlsi2021_ask5_prj.sdk/dvlsi2021_lab5_top.hdf.
20:22:11 INFO  : Checking for hwspec changes in the project dvlsi2021_lab5_top_hw_platform_0.
18:18:59 INFO  : Registering command handlers for SDK TCF services
18:19:00 INFO  : Launching XSCT server: xsct.bat -interactive C:\Users\Afroditi\Documents\8thSemester\dvlsi\Lab5\dvlsi2021_lab5\dvlsi2021_ask5_prj\dvlsi2021_ask5_prj.sdk\temp_xsdb_launch_script.tcl
18:19:05 INFO  : XSCT server has started successfully.
18:19:05 INFO  : Successfully done setting XSCT server connection channel  
18:19:10 INFO  : Successfully done setting SDK workspace  
18:19:10 INFO  : Processing command line option -hwspec C:/Users/Afroditi/Documents/8thSemester/dvlsi/Lab5/dvlsi2021_lab5/dvlsi2021_ask5_prj/dvlsi2021_ask5_prj.sdk/dvlsi2021_lab5_top.hdf.
18:19:10 INFO  : Checking for hwspec changes in the project dvlsi2021_lab5_top_hw_platform_0.
21:22:40 INFO  : Registering command handlers for SDK TCF services
21:22:41 INFO  : Launching XSCT server: xsct.bat -interactive C:\Users\Afroditi\Documents\8thSemester\dvlsi\Lab5\dvlsi2021_lab5\dvlsi2021_ask5_prj\dvlsi2021_ask5_prj.sdk\temp_xsdb_launch_script.tcl
21:22:44 INFO  : XSCT server has started successfully.
21:22:44 INFO  : Successfully done setting XSCT server connection channel  
21:22:44 INFO  : Successfully done setting SDK workspace  
21:22:44 INFO  : Processing command line option -hwspec C:/Users/Afroditi/Documents/8thSemester/dvlsi/Lab5/dvlsi2021_lab5/dvlsi2021_ask5_prj/dvlsi2021_ask5_prj.sdk/dvlsi2021_lab5_top.hdf.
21:22:44 INFO  : Checking for hwspec changes in the project dvlsi2021_lab5_top_hw_platform_0.
19:22:47 INFO  : Registering command handlers for SDK TCF services
19:22:49 INFO  : Launching XSCT server: xsct.bat -interactive C:\Users\Afroditi\Documents\8thSemester\dvlsi\Lab5\dvlsi2021_lab5\dvlsi2021_ask5_prj\dvlsi2021_ask5_prj.sdk\temp_xsdb_launch_script.tcl
19:22:53 INFO  : XSCT server has started successfully.
19:22:54 INFO  : Successfully done setting XSCT server connection channel  
19:22:54 INFO  : Processing command line option -hwspec C:/Users/Afroditi/Documents/8thSemester/dvlsi/Lab5/dvlsi2021_lab5/dvlsi2021_ask5_prj/dvlsi2021_ask5_prj.sdk/dvlsi2021_lab5_top.hdf.
19:22:54 INFO  : Checking for hwspec changes in the project dvlsi2021_lab5_top_hw_platform_0.
19:22:54 INFO  : Successfully done setting SDK workspace  
19:23:01 INFO  : SDK has detected change in the last modified timestamps for source hardware specification file Source:1622650720727,  Project:1622583211546
19:23:01 INFO  : The hardware specification for project 'dvlsi2021_lab5_top_hw_platform_0' is different from C:/Users/Afroditi/Documents/8thSemester/dvlsi/Lab5/dvlsi2021_lab5/dvlsi2021_ask5_prj/dvlsi2021_ask5_prj.sdk/dvlsi2021_lab5_top.hdf.
19:23:01 INFO  : Copied contents of C:/Users/Afroditi/Documents/8thSemester/dvlsi/Lab5/dvlsi2021_lab5/dvlsi2021_ask5_prj/dvlsi2021_ask5_prj.sdk/dvlsi2021_lab5_top.hdf into \dvlsi2021_lab5_top_hw_platform_0\system.hdf.
19:23:11 INFO  : Synchronizing projects in the workspace with the hardware platform specification changes.
19:23:18 INFO  : 
19:23:19 INFO  : Updating hardware inferred compiler options for lab5_app.
19:23:20 INFO  : Updating hardware inferred compiler options for lab5_app_bsp_xaxidma_example_simple_poll_1.
19:23:20 INFO  : Clearing existing target manager status.
19:24:20 INFO  : Registering command handlers for SDK TCF services
19:24:21 INFO  : Launching XSCT server: xsct.bat -interactive C:\Users\Afroditi\Documents\8thSemester\dvlsi\Lab5\dvlsi2021_lab5\dvlsi2021_ask5_prj\dvlsi2021_ask5_prj.sdk\temp_xsdb_launch_script.tcl
19:24:24 INFO  : XSCT server has started successfully.
19:24:24 INFO  : Successfully done setting XSCT server connection channel  
19:24:24 INFO  : Successfully done setting SDK workspace  
19:24:24 INFO  : Processing command line option -hwspec C:/Users/Afroditi/Documents/8thSemester/dvlsi/Lab5/dvlsi2021_lab5/dvlsi2021_ask5_prj/dvlsi2021_ask5_prj.sdk/dvlsi2021_lab5_top.hdf.
19:24:24 INFO  : Checking for hwspec changes in the project dvlsi2021_lab5_top_hw_platform_0.
22:32:21 INFO  : Registering command handlers for SDK TCF services
22:32:22 INFO  : Launching XSCT server: xsct.bat -interactive C:\Users\Afroditi\Documents\8thSemester\dvlsi\Lab5\dvlsi2021_lab5\dvlsi2021_ask5_prj\dvlsi2021_ask5_prj.sdk\temp_xsdb_launch_script.tcl
22:32:25 INFO  : XSCT server has started successfully.
22:32:26 INFO  : Successfully done setting XSCT server connection channel  
22:32:26 INFO  : Successfully done setting SDK workspace  
22:32:26 INFO  : Processing command line option -hwspec C:/Users/Afroditi/Documents/8thSemester/dvlsi/Lab5/dvlsi2021_lab5/dvlsi2021_ask5_prj/dvlsi2021_ask5_prj.sdk/dvlsi2021_lab5_top.hdf.
22:32:26 INFO  : Checking for hwspec changes in the project dvlsi2021_lab5_top_hw_platform_0.
23:03:11 INFO  : Registering command handlers for SDK TCF services
23:03:12 INFO  : Launching XSCT server: xsct.bat -interactive C:\Users\Afroditi\Documents\8thSemester\dvlsi\Lab5\dvlsi2021_lab5\dvlsi2021_ask5_prj\dvlsi2021_ask5_prj.sdk\temp_xsdb_launch_script.tcl
23:03:15 INFO  : XSCT server has started successfully.
23:03:16 INFO  : Processing command line option -hwspec C:/Users/Afroditi/Documents/8thSemester/dvlsi/Lab5/dvlsi2021_lab5/dvlsi2021_ask5_prj/dvlsi2021_ask5_prj.sdk/dvlsi2021_lab5_top.hdf.
23:03:16 INFO  : Successfully done setting XSCT server connection channel  
23:03:16 INFO  : Checking for hwspec changes in the project dvlsi2021_lab5_top_hw_platform_0.
23:03:20 INFO  : SDK has detected change in the last modified timestamps for source hardware specification file Source:1622663328103,  Project:1622650720727
23:03:20 INFO  : The hardware specification for project 'dvlsi2021_lab5_top_hw_platform_0' is different from C:/Users/Afroditi/Documents/8thSemester/dvlsi/Lab5/dvlsi2021_lab5/dvlsi2021_ask5_prj/dvlsi2021_ask5_prj.sdk/dvlsi2021_lab5_top.hdf.
23:03:20 INFO  : Successfully done setting SDK workspace  
23:03:20 INFO  : Copied contents of C:/Users/Afroditi/Documents/8thSemester/dvlsi/Lab5/dvlsi2021_lab5/dvlsi2021_ask5_prj/dvlsi2021_ask5_prj.sdk/dvlsi2021_lab5_top.hdf into \dvlsi2021_lab5_top_hw_platform_0\system.hdf.
23:03:56 INFO  : Synchronizing projects in the workspace with the hardware platform specification changes.
23:04:06 INFO  : 
23:04:07 INFO  : Updating hardware inferred compiler options for lab5_app.
23:04:08 INFO  : Updating hardware inferred compiler options for lab5_app_bsp_xaxidma_example_simple_poll_1.
23:04:08 INFO  : Clearing existing target manager status.
23:05:00 INFO  : Registering command handlers for SDK TCF services
23:05:01 INFO  : Launching XSCT server: xsct.bat -interactive C:\Users\Afroditi\Documents\8thSemester\dvlsi\Lab5\dvlsi2021_lab5\dvlsi2021_ask5_prj\dvlsi2021_ask5_prj.sdk\temp_xsdb_launch_script.tcl
23:05:04 INFO  : XSCT server has started successfully.
23:05:05 INFO  : Successfully done setting XSCT server connection channel  
23:05:05 INFO  : Successfully done setting SDK workspace  
23:05:05 INFO  : Processing command line option -hwspec C:/Users/Afroditi/Documents/8thSemester/dvlsi/Lab5/dvlsi2021_lab5/dvlsi2021_ask5_prj/dvlsi2021_ask5_prj.sdk/dvlsi2021_lab5_top.hdf.
23:05:05 INFO  : Checking for hwspec changes in the project dvlsi2021_lab5_top_hw_platform_0.
23:53:26 INFO  : Registering command handlers for SDK TCF services
23:53:27 INFO  : Launching XSCT server: xsct.bat -interactive C:\Users\Afroditi\Documents\8thSemester\dvlsi\Lab5\dvlsi2021_lab5\dvlsi2021_ask5_prj\dvlsi2021_ask5_prj.sdk\temp_xsdb_launch_script.tcl
23:53:31 INFO  : XSCT server has started successfully.
23:53:32 INFO  : Successfully done setting XSCT server connection channel  
23:53:32 INFO  : Successfully done setting SDK workspace  
23:53:32 INFO  : Processing command line option -hwspec C:/Users/Afroditi/Documents/8thSemester/dvlsi/Lab5/dvlsi2021_lab5/dvlsi2021_ask5_prj/dvlsi2021_ask5_prj.sdk/dvlsi2021_lab5_top.hdf.
23:53:32 INFO  : Checking for hwspec changes in the project dvlsi2021_lab5_top_hw_platform_0.
00:03:23 INFO  : Registering command handlers for SDK TCF services
00:03:25 INFO  : Launching XSCT server: xsct.bat -interactive C:\Users\Afroditi\Documents\8thSemester\dvlsi\Lab5\dvlsi2021_lab5\dvlsi2021_ask5_prj\dvlsi2021_ask5_prj.sdk\temp_xsdb_launch_script.tcl
00:03:31 INFO  : XSCT server has started successfully.
00:03:32 INFO  : Successfully done setting XSCT server connection channel  
00:03:32 INFO  : Successfully done setting SDK workspace  
00:03:32 INFO  : Processing command line option -hwspec C:/Users/Afroditi/Documents/8thSemester/dvlsi/Lab5/dvlsi2021_lab5/dvlsi2021_ask5_prj/dvlsi2021_ask5_prj.sdk/dvlsi2021_lab5_top.hdf.
00:03:32 INFO  : Checking for hwspec changes in the project dvlsi2021_lab5_top_hw_platform_0.
21:50:40 INFO  : Registering command handlers for SDK TCF services
21:50:42 INFO  : Launching XSCT server: xsct.bat -interactive C:\Users\Afroditi\Documents\8thSemester\dvlsi\Lab5\dvlsi2021_lab5\dvlsi2021_ask5_prj\dvlsi2021_ask5_prj.sdk\temp_xsdb_launch_script.tcl
21:50:46 INFO  : XSCT server has started successfully.
21:50:47 INFO  : Successfully done setting XSCT server connection channel  
21:50:47 INFO  : Processing command line option -hwspec C:/Users/Afroditi/Documents/8thSemester/dvlsi/Lab5/dvlsi2021_lab5/dvlsi2021_ask5_prj/dvlsi2021_ask5_prj.sdk/dvlsi2021_lab5_top.hdf.
21:50:47 INFO  : Checking for hwspec changes in the project dvlsi2021_lab5_top_hw_platform_0.
21:50:52 INFO  : SDK has detected change in the last modified timestamps for source hardware specification file Source:1622659725418,  Project:1622663328103
21:50:52 INFO  : The hardware specification for project 'dvlsi2021_lab5_top_hw_platform_0' is different from C:/Users/Afroditi/Documents/8thSemester/dvlsi/Lab5/dvlsi2021_lab5/dvlsi2021_ask5_prj/dvlsi2021_ask5_prj.sdk/dvlsi2021_lab5_top.hdf.
21:50:52 INFO  : Successfully done setting SDK workspace  
21:50:53 INFO  : Copied contents of C:/Users/Afroditi/Documents/8thSemester/dvlsi/Lab5/dvlsi2021_lab5/dvlsi2021_ask5_prj/dvlsi2021_ask5_prj.sdk/dvlsi2021_lab5_top.hdf into \dvlsi2021_lab5_top_hw_platform_0\system.hdf.
21:50:59 INFO  : Synchronizing projects in the workspace with the hardware platform specification changes.
21:51:04 INFO  : 
21:51:05 INFO  : Updating hardware inferred compiler options for lab5_app.
21:51:06 INFO  : Updating hardware inferred compiler options for lab5_app_bsp_xaxidma_example_simple_poll_1.
21:51:06 INFO  : Clearing existing target manager status.
22:01:23 INFO  : Registering command handlers for SDK TCF services
22:01:25 INFO  : Launching XSCT server: xsct.bat -interactive C:\Users\Afroditi\Documents\8thSemester\dvlsi\Lab5\dvlsi2021_lab5\dvlsi2021_ask5_prj\dvlsi2021_ask5_prj.sdk\temp_xsdb_launch_script.tcl
22:01:28 INFO  : XSCT server has started successfully.
22:01:28 INFO  : Successfully done setting XSCT server connection channel  
22:01:28 INFO  : Successfully done setting SDK workspace  
22:01:29 INFO  : Processing command line option -hwspec C:/Users/Afroditi/Documents/8thSemester/dvlsi/Lab5/dvlsi2021_lab5/dvlsi2021_ask5_prj/dvlsi2021_ask5_prj.sdk/dvlsi2021_lab5_top.hdf.
22:01:29 INFO  : Checking for hwspec changes in the project dvlsi2021_lab5_top_hw_platform_0.
01:46:49 INFO  : Registering command handlers for SDK TCF services
01:46:52 INFO  : Launching XSCT server: xsct.bat -interactive C:\Users\Afroditi\Documents\8thSemester\dvlsi\Lab5\dvlsi2021_lab5\dvlsi2021_ask5_prj\dvlsi2021_ask5_prj.sdk\temp_xsdb_launch_script.tcl
01:46:56 INFO  : XSCT server has started successfully.
01:46:56 INFO  : Successfully done setting XSCT server connection channel  
01:46:57 INFO  : Successfully done setting SDK workspace  
01:46:57 INFO  : Processing command line option -hwspec C:/Users/Afroditi/Documents/8thSemester/dvlsi/Lab5/dvlsi2021_lab5/dvlsi2021_ask5_prj/dvlsi2021_ask5_prj.sdk/dvlsi2021_lab5_top.hdf.
01:46:57 INFO  : Checking for hwspec changes in the project dvlsi2021_lab5_top_hw_platform_0.
01:47:02 INFO  : SDK has detected change in the last modified timestamps for source hardware specification file Source:1622673565803,  Project:1622659725418
01:47:02 INFO  : The hardware specification for project 'dvlsi2021_lab5_top_hw_platform_0' is different from C:/Users/Afroditi/Documents/8thSemester/dvlsi/Lab5/dvlsi2021_lab5/dvlsi2021_ask5_prj/dvlsi2021_ask5_prj.sdk/dvlsi2021_lab5_top.hdf.
01:47:02 INFO  : Copied contents of C:/Users/Afroditi/Documents/8thSemester/dvlsi/Lab5/dvlsi2021_lab5/dvlsi2021_ask5_prj/dvlsi2021_ask5_prj.sdk/dvlsi2021_lab5_top.hdf into \dvlsi2021_lab5_top_hw_platform_0\system.hdf.
01:47:10 INFO  : Synchronizing projects in the workspace with the hardware platform specification changes.
01:47:14 INFO  : 
01:47:15 INFO  : Updating hardware inferred compiler options for lab5_app.
01:47:17 INFO  : Updating hardware inferred compiler options for lab5_app_bsp_xaxidma_example_simple_poll_1.
01:47:17 INFO  : Clearing existing target manager status.
13:37:59 INFO  : Registering command handlers for SDK TCF services
13:38:01 INFO  : Launching XSCT server: xsct.bat -interactive C:\Users\Afroditi\Documents\8thSemester\dvlsi\Lab5\dvlsi2021_lab5\dvlsi2021_ask5_prj\dvlsi2021_ask5_prj.sdk\temp_xsdb_launch_script.tcl
13:38:06 INFO  : XSCT server has started successfully.
13:38:11 INFO  : Successfully done setting XSCT server connection channel  
13:38:11 INFO  : Successfully done setting SDK workspace  
13:38:11 INFO  : Processing command line option -hwspec C:/Users/Afroditi/Documents/8thSemester/dvlsi/Lab5/dvlsi2021_lab5/dvlsi2021_ask5_prj/dvlsi2021_ask5_prj.sdk/dvlsi2021_lab5_top.hdf.
13:38:20 INFO  : Checking for hwspec changes in the project dvlsi2021_lab5_top_hw_platform_0.
13:56:26 INFO  : No changes in MSS file content so not generating sources.
15:07:14 INFO  : Registering command handlers for SDK TCF services
15:07:15 INFO  : Launching XSCT server: xsct.bat -interactive C:\Users\Afroditi\Documents\8thSemester\dvlsi\Lab5\dvlsi2021_lab5\dvlsi2021_ask5_prj\dvlsi2021_ask5_prj.sdk\temp_xsdb_launch_script.tcl
15:07:19 INFO  : XSCT server has started successfully.
15:07:20 INFO  : Successfully done setting XSCT server connection channel  
15:07:20 INFO  : Successfully done setting SDK workspace  
15:07:20 INFO  : Processing command line option -hwspec C:/Users/Afroditi/Documents/8thSemester/dvlsi/Lab5/dvlsi2021_lab5/dvlsi2021_ask5_prj/dvlsi2021_ask5_prj.sdk/dvlsi2021_lab5_top.hdf.
15:07:20 INFO  : Checking for hwspec changes in the project dvlsi2021_lab5_top_hw_platform_0.
15:07:25 INFO  : SDK has detected change in the last modified timestamps for source hardware specification file Source:1622721848129,  Project:1622673565803
15:07:25 INFO  : The hardware specification for project 'dvlsi2021_lab5_top_hw_platform_0' is different from C:/Users/Afroditi/Documents/8thSemester/dvlsi/Lab5/dvlsi2021_lab5/dvlsi2021_ask5_prj/dvlsi2021_ask5_prj.sdk/dvlsi2021_lab5_top.hdf.
15:07:25 INFO  : Copied contents of C:/Users/Afroditi/Documents/8thSemester/dvlsi/Lab5/dvlsi2021_lab5/dvlsi2021_ask5_prj/dvlsi2021_ask5_prj.sdk/dvlsi2021_lab5_top.hdf into \dvlsi2021_lab5_top_hw_platform_0\system.hdf.
15:07:31 INFO  : Synchronizing projects in the workspace with the hardware platform specification changes.
15:07:37 INFO  : 
15:07:38 INFO  : Updating hardware inferred compiler options for lab5_app.
15:07:39 INFO  : Updating hardware inferred compiler options for lab5_app_bsp_xaxidma_example_simple_poll_1.
15:07:39 INFO  : Clearing existing target manager status.
09:56:03 INFO  : Registering command handlers for SDK TCF services
09:56:05 INFO  : Launching XSCT server: xsct.bat -interactive C:\Users\Afroditi\Documents\8thSemester\dvlsi\Lab5\dvlsi2021_lab5\dvlsi2021_ask5_prj\dvlsi2021_ask5_prj.sdk\temp_xsdb_launch_script.tcl
09:56:10 INFO  : XSCT server has started successfully.
09:56:15 INFO  : Processing command line option -hwspec C:/Users/Afroditi/Documents/8thSemester/dvlsi/Lab5/dvlsi2021_lab5/dvlsi2021_ask5_prj/dvlsi2021_ask5_prj.sdk/dvlsi2021_lab5_top.hdf.
09:56:15 INFO  : Checking for hwspec changes in the project dvlsi2021_lab5_top_hw_platform_0.
09:56:15 INFO  : Successfully done setting XSCT server connection channel  
09:56:25 INFO  : SDK has detected change in the last modified timestamps for source hardware specification file Source:1622789664212,  Project:1622721848129
09:56:25 INFO  : The hardware specification for project 'dvlsi2021_lab5_top_hw_platform_0' is different from C:/Users/Afroditi/Documents/8thSemester/dvlsi/Lab5/dvlsi2021_lab5/dvlsi2021_ask5_prj/dvlsi2021_ask5_prj.sdk/dvlsi2021_lab5_top.hdf.
09:56:25 INFO  : Successfully done setting SDK workspace  
09:56:25 INFO  : Copied contents of C:/Users/Afroditi/Documents/8thSemester/dvlsi/Lab5/dvlsi2021_lab5/dvlsi2021_ask5_prj/dvlsi2021_ask5_prj.sdk/dvlsi2021_lab5_top.hdf into \dvlsi2021_lab5_top_hw_platform_0\system.hdf.
09:57:03 INFO  : Synchronizing projects in the workspace with the hardware platform specification changes.
09:57:17 INFO  : 
09:57:19 INFO  : Updating hardware inferred compiler options for lab5_app.
09:57:20 INFO  : Updating hardware inferred compiler options for lab5_app_bsp_xaxidma_example_simple_poll_1.
09:57:20 INFO  : Clearing existing target manager status.
09:58:38 INFO  : Registering command handlers for SDK TCF services
09:58:39 INFO  : Launching XSCT server: xsct.bat -interactive C:\Users\Afroditi\Documents\8thSemester\dvlsi\Lab5\dvlsi2021_lab5\dvlsi2021_ask5_prj\dvlsi2021_ask5_prj.sdk\temp_xsdb_launch_script.tcl
09:58:42 INFO  : XSCT server has started successfully.
09:58:42 INFO  : Successfully done setting XSCT server connection channel  
09:58:42 INFO  : Processing command line option -hwspec C:/Users/Afroditi/Documents/8thSemester/dvlsi/Lab5/dvlsi2021_lab5/dvlsi2021_ask5_prj/dvlsi2021_ask5_prj.sdk/dvlsi2021_lab5_top.hdf.
09:58:43 INFO  : Successfully done setting SDK workspace  
09:58:43 INFO  : Checking for hwspec changes in the project dvlsi2021_lab5_top_hw_platform_0.
15:34:21 INFO  : Registering command handlers for SDK TCF services
15:34:22 INFO  : Launching XSCT server: xsct.bat -interactive C:\Users\Afroditi\Documents\8thSemester\dvlsi\Lab5\dvlsi2021_lab5\dvlsi2021_ask5_prj\dvlsi2021_ask5_prj.sdk\temp_xsdb_launch_script.tcl
15:34:26 INFO  : XSCT server has started successfully.
15:34:27 INFO  : Successfully done setting XSCT server connection channel  
15:34:27 INFO  : Successfully done setting SDK workspace  
15:34:27 INFO  : Processing command line option -hwspec C:/Users/Afroditi/Documents/8thSemester/dvlsi/Lab5/dvlsi2021_lab5/dvlsi2021_ask5_prj/dvlsi2021_ask5_prj.sdk/dvlsi2021_lab5_top.hdf.
15:34:27 INFO  : Checking for hwspec changes in the project dvlsi2021_lab5_top_hw_platform_0.
