

================================================================
== Vivado HLS Report for 'svm'
================================================================
* Date:           Thu Jul 15 16:35:21 2021

* Version:        2018.2 (Build 2258646 on Thu Jun 14 20:25:20 MDT 2018)
* Project:        hls2-svm
* Solution:       solution1
* Product family: zynq
* Target device:  xc7z020clg484-1


================================================================
== Performance Estimates
================================================================
+ Timing (ns): 
    * Summary: 
    +--------+-------+----------+------------+
    |  Clock | Target| Estimated| Uncertainty|
    +--------+-------+----------+------------+
    |ap_clk  |  10.00|     8.232|        1.25|
    +--------+-------+----------+------------+

+ Latency (clock cycles): 
    * Summary: 
    +--------+--------+--------+--------+---------+
    |     Latency     |     Interval    | Pipeline|
    |   min  |   max  |   min  |   max  |   Type  |
    +--------+--------+--------+--------+---------+
    |  403261|  403261|  403261|  403261|   none  |
    +--------+--------+--------+--------+---------+

    + Detail: 
        * Instance: 
        N/A

        * Loop: 
        +-------------------+--------+--------+----------+-----------+-----------+------+----------+
        |                   |     Latency     | Iteration|  Initiation Interval  | Trip |          |
        |     Loop Name     |   min  |   max  |  Latency |  achieved |   target  | Count| Pipelined|
        +-------------------+--------+--------+----------+-----------+-----------+------+----------+
        |- Sum_Outter_Loop  |  403260|  403260|       330|          -|          -|  1222|    no    |
        | + Sum_Inner_Loop  |     288|     288|        16|          -|          -|    18|    no    |
        +-------------------+--------+--------+----------+-----------+-----------+------+----------+



================================================================
== Utilization Estimates
================================================================
* Summary: 
+-----------------+---------+-------+--------+-------+
|       Name      | BRAM_18K| DSP48E|   FF   |  LUT  |
+-----------------+---------+-------+--------+-------+
|DSP              |        -|      -|       -|      -|
|Expression       |        -|      -|       0|    146|
|FIFO             |        -|      -|       -|      -|
|Instance         |        -|     45|    2889|   5644|
|Memory           |       68|      -|       0|      0|
|Multiplexer      |        -|      -|       -|    394|
|Register         |        -|      -|     628|      -|
+-----------------+---------+-------+--------+-------+
|Total            |       68|     45|    3517|   6184|
+-----------------+---------+-------+--------+-------+
|Available        |      280|    220|  106400|  53200|
+-----------------+---------+-------+--------+-------+
|Utilization (%)  |       24|     20|       3|     11|
+-----------------+---------+-------+--------+-------+

+ Detail: 
    * Instance: 
    +-------------------------+----------------------+---------+-------+------+------+
    |         Instance        |        Module        | BRAM_18K| DSP48E|  FF  |  LUT |
    +-------------------------+----------------------+---------+-------+------+------+
    |svm_dadd_64ns_64neOg_U4  |svm_dadd_64ns_64neOg  |        0|      3|   445|  1149|
    |svm_dcmp_64ns_64ng8j_U6  |svm_dcmp_64ns_64ng8j  |        0|      0|   130|   469|
    |svm_dexp_64ns_64nhbi_U7  |svm_dexp_64ns_64nhbi  |        0|     26|  1549|  2599|
    |svm_dmul_64ns_64nfYi_U5  |svm_dmul_64ns_64nfYi  |        0|     11|   317|   578|
    |svm_faddfsub_32nsbkb_U1  |svm_faddfsub_32nsbkb  |        0|      2|   205|   390|
    |svm_fmul_32ns_32ncud_U2  |svm_fmul_32ns_32ncud  |        0|      3|   143|   321|
    |svm_fpext_32ns_64dEe_U3  |svm_fpext_32ns_64dEe  |        0|      0|   100|   138|
    +-------------------------+----------------------+---------+-------+------+------+
    |Total                    |                      |        0|     45|  2889|  5644|
    +-------------------------+----------------------+---------+-------+------+------+

    * DSP48: 
    N/A

    * Memory: 
    +----------+------------+---------+---+----+-------+-----+------+-------------+
    |  Memory  |   Module   | BRAM_18K| FF| LUT| Words | Bits| Banks| W*Bits*Banks|
    +----------+------------+---------+---+----+-------+-----+------+-------------+
    |Co_U      |svm_Co      |        4|  0|   0|   1222|   32|     1|        39104|
    |SupVec_U  |svm_SupVec  |       64|  0|   0|  21996|   32|     1|       703872|
    +----------+------------+---------+---+----+-------+-----+------+-------------+
    |Total     |            |       68|  0|   0|  23218|   64|     2|       742976|
    +----------+------------+---------+---+----+-------+-----+------+-------------+

    * FIFO: 
    N/A

    * Expression: 
    +---------------------+----------+-------+---+----+------------+------------+
    |    Variable Name    | Operation| DSP48E| FF| LUT| Bitwidth P0| Bitwidth P1|
    +---------------------+----------+-------+---+----+------------+------------+
    |i_1_fu_222_p2        |     +    |      0|  0|  13|          11|           1|
    |j_1_fu_319_p2        |     +    |      0|  0|  15|           5|           1|
    |tmp_16_fu_256_p2     |     +    |      0|  0|  23|          16|          16|
    |tmp_17_fu_334_p2     |     +    |      0|  0|  23|          16|          16|
    |tmp_13_fu_298_p2     |    and   |      0|  0|   2|           1|           1|
    |exitcond1_fu_216_p2  |   icmp   |      0|  0|  13|          11|          11|
    |exitcond_fu_313_p2   |   icmp   |      0|  0|  11|           5|           5|
    |notlhs_fu_280_p2     |   icmp   |      0|  0|  13|          11|           2|
    |notrhs_fu_286_p2     |   icmp   |      0|  0|  29|          52|           1|
    |tmp_11_fu_292_p2     |    or    |      0|  0|   2|           1|           1|
    |class_hw             |  select  |      0|  0|   2|           1|           1|
    +---------------------+----------+-------+---+----+------------+------------+
    |Total                |          |      0|  0| 146|         130|          56|
    +---------------------+----------+-------+---+----+------------+------------+

    * Multiplexer: 
    +-------------------+-----+-----------+-----+-----------+
    |        Name       | LUT | Input Size| Bits| Total Bits|
    +-------------------+-----+-----------+-----+-----------+
    |ap_NS_fsm          |  253|         59|    1|         59|
    |grp_fu_170_opcode  |   15|          3|    2|          6|
    |grp_fu_170_p0      |   15|          3|   32|         96|
    |grp_fu_170_p1      |   15|          3|   32|         96|
    |grp_fu_179_p0      |   15|          3|   32|         96|
    |grp_fu_183_p0      |   15|          3|   64|        192|
    |grp_fu_183_p1      |   15|          3|   64|        192|
    |grp_fu_189_p1      |   15|          3|   64|        192|
    |i_reg_136          |    9|          2|   11|         22|
    |j_reg_159          |    9|          2|    5|         10|
    |norm_reg_147       |    9|          2|   32|         64|
    |sum_reg_124        |    9|          2|   64|        128|
    +-------------------+-----+-----------+-----+-----------+
    |Total              |  394|         88|  403|       1153|
    +-------------------+-----+-----------+-----+-----------+

    * Register: 
    +---------------------+----+----+-----+-----------+
    |         Name        | FF | LUT| Bits| Const Bits|
    +---------------------+----+----+-----+-----------+
    |Co_load_reg_411      |  32|   0|   32|          0|
    |SupVec_load_reg_390  |  32|   0|   32|          0|
    |ap_CS_fsm            |  58|   0|   58|          0|
    |dif_reg_395          |  32|   0|   32|          0|
    |i_1_reg_347          |  11|   0|   11|          0|
    |i_reg_136            |  11|   0|   11|          0|
    |j_1_reg_365          |   5|   0|    5|          0|
    |j_reg_159            |   5|   0|    5|          0|
    |norm_reg_147         |  32|   0|   32|          0|
    |reg_205              |  64|   0|   64|          0|
    |reg_210              |  64|   0|   64|          0|
    |sum_reg_124          |  64|   0|   64|          0|
    |tmp_16_reg_357       |  15|   0|   16|          1|
    |tmp_1_reg_352        |  11|   0|   64|         53|
    |tmp_5_reg_416        |  64|   0|   64|          0|
    |tmp_7_reg_421        |  64|   0|   64|          0|
    |tmp_8_reg_401        |  32|   0|   32|          0|
    |x_load_reg_385       |  32|   0|   32|          0|
    +---------------------+----+----+-----+-----------+
    |Total                | 628|   0|  682|         54|
    +---------------------+----+----+-----+-----------+



================================================================
== Interface
================================================================
* Summary: 
+-----------------+-----+-----+------------+--------------+--------------+
|    RTL Ports    | Dir | Bits|  Protocol  | Source Object|    C Type    |
+-----------------+-----+-----+------------+--------------+--------------+
|ap_clk           |  in |    1| ap_ctrl_hs |      svm     | return value |
|ap_rst           |  in |    1| ap_ctrl_hs |      svm     | return value |
|ap_start         |  in |    1| ap_ctrl_hs |      svm     | return value |
|ap_done          | out |    1| ap_ctrl_hs |      svm     | return value |
|ap_idle          | out |    1| ap_ctrl_hs |      svm     | return value |
|ap_ready         | out |    1| ap_ctrl_hs |      svm     | return value |
|class_hw         | out |   16|   ap_vld   |   class_hw   |    pointer   |
|class_hw_ap_vld  | out |    1|   ap_vld   |   class_hw   |    pointer   |
|x_address0       | out |    5|  ap_memory |       x      |     array    |
|x_ce0            | out |    1|  ap_memory |       x      |     array    |
|x_q0             |  in |   32|  ap_memory |       x      |     array    |
+-----------------+-----+-----+------------+--------------+--------------+

