

================================================================
== Vivado HLS Report for 'svm7'
================================================================
* Date:           Thu Jul 15 23:40:59 2021

* Version:        2018.2 (Build 2258646 on Thu Jun 14 20:25:20 MDT 2018)
* Project:        mult_svms
* Solution:       solution3
* Product family: zynq
* Target device:  xc7z020clg484-1


================================================================
== Performance Estimates
================================================================
+ Timing (ns): 
    * Summary: 
    +--------+-------+----------+------------+
    |  Clock | Target| Estimated| Uncertainty|
    +--------+-------+----------+------------+
    |ap_clk  |  10.00|     8.317|        1.25|
    +--------+-------+----------+------------+

+ Latency (clock cycles): 
    * Summary: 
    +--------+--------+--------+--------+---------+
    |     Latency     |     Interval    | Pipeline|
    |   min  |   max  |   min  |   max  |   Type  |
    +--------+--------+--------+--------+---------+
    |  175969|  175969|  175969|  175969|   none  |
    +--------+--------+--------+--------+---------+

    + Detail: 
        * Instance: 
        N/A

        * Loop: 
        +-------------------+--------+--------+----------+-----------+-----------+------+----------+
        |                   |     Latency     | Iteration|  Initiation Interval  | Trip |          |
        |     Loop Name     |   min  |   max  |  Latency |  achieved |   target  | Count| Pipelined|
        +-------------------+--------+--------+----------+-----------+-----------+------+----------+
        |- Sum_Outter_Loop  |  175968|  175968|       144|          -|          -|  1222|    no    |
        | + Sum_Inner_Loop  |     102|     102|        51|          -|          -|     2|    no    |
        +-------------------+--------+--------+----------+-----------+-----------+------+----------+



================================================================
== Utilization Estimates
================================================================
* Summary: 
+-----------------+---------+-------+--------+-------+
|       Name      | BRAM_18K| DSP48E|   FF   |  LUT  |
+-----------------+---------+-------+--------+-------+
|DSP              |        -|      -|       -|      -|
|Expression       |        -|      -|       0|    452|
|FIFO             |        -|      -|       -|      -|
|Instance         |        -|     50|    3237|   6355|
|Memory           |       68|      -|       0|      0|
|Multiplexer      |        -|      -|       -|    714|
|Register         |        -|      -|     824|      -|
+-----------------+---------+-------+--------+-------+
|Total            |       68|     50|    4061|   7521|
+-----------------+---------+-------+--------+-------+
|Available        |      280|    220|  106400|  53200|
+-----------------+---------+-------+--------+-------+
|Utilization (%)  |       24|     22|       3|     14|
+-----------------+---------+-------+--------+-------+

+ Detail: 
    * Instance: 
    +--------------------------+----------------------+---------+-------+------+------+
    |         Instance         |        Module        | BRAM_18K| DSP48E|  FF  |  LUT |
    +--------------------------+----------------------+---------+-------+------+------+
    |svm_top_dadd_64nsfYi_U38  |svm_top_dadd_64nsfYi  |        0|      3|   445|  1149|
    |svm_top_dcmp_64nshbi_U40  |svm_top_dcmp_64nshbi  |        0|      0|   130|   469|
    |svm_top_dexp_64nsibs_U41  |svm_top_dexp_64nsibs  |        0|     26|  1549|  2599|
    |svm_top_dmul_64nsg8j_U39  |svm_top_dmul_64nsg8j  |        0|     11|   317|   578|
    |svm_top_faddfsub_bkb_U33  |svm_top_faddfsub_bkb  |        0|      2|   205|   390|
    |svm_top_fmul_32nsdEe_U35  |svm_top_fmul_32nsdEe  |        0|      3|   143|   321|
    |svm_top_fmul_32nsdEe_U36  |svm_top_fmul_32nsdEe  |        0|      3|   143|   321|
    |svm_top_fpext_32neOg_U37  |svm_top_fpext_32neOg  |        0|      0|   100|   138|
    |svm_top_fsub_32nscud_U34  |svm_top_fsub_32nscud  |        0|      2|   205|   390|
    +--------------------------+----------------------+---------+-------+------+------+
    |Total                     |                      |        0|     50|  3237|  6355|
    +--------------------------+----------------------+---------+-------+------+------+

    * DSP48: 
    N/A

    * Memory: 
    +----------+---------------+---------+---+----+-------+-----+------+-------------+
    |  Memory  |     Module    | BRAM_18K| FF| LUT| Words | Bits| Banks| W*Bits*Banks|
    +----------+---------------+---------+---+----+-------+-----+------+-------------+
    |Co_U      |svm5_Co9       |        4|  0|   0|   1222|   32|     1|        39104|
    |SupVec_U  |svm5_SupVec12  |       64|  0|   0|  21996|   32|     1|       703872|
    +----------+---------------+---------+---+----+-------+-----+------+-------------+
    |Total     |               |       68|  0|   0|  23218|   64|     2|       742976|
    +----------+---------------+---------+---+----+-------+-----+------+-------------+

    * FIFO: 
    N/A

    * Expression: 
    +--------------------+----------+-------+---+----+------------+------------+
    |    Variable Name   | Operation| DSP48E| FF| LUT| Bitwidth P0| Bitwidth P1|
    +--------------------+----------+-------+---+----+------------+------------+
    |i_1_fu_405_p2       |     +    |      0|  0|  13|          11|           1|
    |j_1_fu_721_p2       |     +    |      0|  0|  15|           5|           4|
    |tmp_11_fu_621_p2    |     +    |      0|  0|  15|           5|           3|
    |tmp_13_fu_646_p2    |     +    |      0|  0|  15|           5|           3|
    |tmp_15_fu_671_p2    |     +    |      0|  0|  15|           5|           3|
    |tmp_17_fu_696_p2    |     +    |      0|  0|  15|           5|           4|
    |tmp_39_fu_439_p2    |     +    |      0|  0|  23|          16|          16|
    |tmp_40_fu_511_p2    |     +    |      0|  0|  23|          16|          16|
    |tmp_41_fu_536_p2    |     +    |      0|  0|  23|          16|          16|
    |tmp_42_fu_561_p2    |     +    |      0|  0|  23|          16|          16|
    |tmp_43_fu_586_p2    |     +    |      0|  0|  23|          16|          16|
    |tmp_44_fu_611_p2    |     +    |      0|  0|  23|          16|          16|
    |tmp_45_fu_636_p2    |     +    |      0|  0|  23|          16|          16|
    |tmp_46_fu_661_p2    |     +    |      0|  0|  23|          16|          16|
    |tmp_47_fu_686_p2    |     +    |      0|  0|  23|          16|          16|
    |tmp_48_fu_711_p2    |     +    |      0|  0|  23|          16|          16|
    |tmp_4_fu_521_p2     |     +    |      0|  0|  15|           5|           1|
    |tmp_6_fu_546_p2     |     +    |      0|  0|  15|           5|           2|
    |tmp_8_fu_571_p2     |     +    |      0|  0|  15|           5|           2|
    |tmp_s_fu_596_p2     |     +    |      0|  0|  15|           5|           3|
    |tmp_36_fu_481_p2    |    and   |      0|  0|   2|           1|           1|
    |exitcond_fu_399_p2  |   icmp   |      0|  0|  13|          11|          11|
    |notlhs_fu_463_p2    |   icmp   |      0|  0|  13|          11|           2|
    |notrhs_fu_469_p2    |   icmp   |      0|  0|  29|          52|           1|
    |tmp_2_fu_496_p2     |   icmp   |      0|  0|  11|           5|           5|
    |ap_block_state1     |    or    |      0|  0|   2|           1|           1|
    |tmp_34_fu_475_p2    |    or    |      0|  0|   2|           1|           1|
    |class_hw            |  select  |      0|  0|   2|           1|           1|
    +--------------------+----------+-------+---+----+------------+------------+
    |Total               |          |      0|  0| 452|         299|         209|
    +--------------------+----------+-------+---+----+------------+------------+

    * Multiplexer: 
    +-------------------+-----+-----------+-----+-----------+
    |        Name       | LUT | Input Size| Bits| Total Bits|
    +-------------------+-----+-----------+-----+-----------+
    |SupVec_address0    |   44|          9|   15|        135|
    |ap_NS_fsm          |  409|         94|    1|         94|
    |ap_done            |    9|          2|    1|          2|
    |grp_fu_316_opcode  |   15|          3|    2|          6|
    |grp_fu_316_p0      |   21|          4|   32|        128|
    |grp_fu_316_p1      |   21|          4|   32|        128|
    |grp_fu_324_p0      |   15|          3|   32|         96|
    |grp_fu_324_p1      |   15|          3|   32|         96|
    |grp_fu_332_p0      |   15|          3|   32|         96|
    |grp_fu_336_p0      |   15|          3|   64|        192|
    |grp_fu_336_p1      |   15|          3|   64|        192|
    |grp_fu_342_p1      |   15|          3|   64|        192|
    |i_reg_282          |    9|          2|   11|         22|
    |j_reg_304          |    9|          2|    5|         10|
    |norm_reg_293       |    9|          2|   32|         64|
    |reg_363            |    9|          2|   32|         64|
    |sum_reg_270        |    9|          2|   64|        128|
    |x_address0         |   33|          6|    5|         30|
    |x_address1         |   27|          5|    5|         25|
    +-------------------+-----+-----------+-----+-----------+
    |Total              |  714|        155|  525|       1700|
    +-------------------+-----+-----------+-----+-----------+

    * Register: 
    +-----------------------+----+----+-----+-----------+
    |          Name         | FF | LUT| Bits| Const Bits|
    +-----------------------+----+----+-----+-----------+
    |Co_load_reg_882        |  32|   0|   32|          0|
    |SupVec_load_1_reg_786  |  32|   0|   32|          0|
    |ap_CS_fsm              |  93|   0|   93|          0|
    |ap_done_reg            |   1|   0|    1|          0|
    |dif1_reg_801           |  32|   0|   32|          0|
    |i_1_reg_730            |  11|   0|   11|          0|
    |i_reg_282              |  11|   0|   11|          0|
    |j_1_reg_872            |   5|   0|    5|          0|
    |j_reg_304              |   5|   0|    5|          0|
    |mul1_reg_817           |  32|   0|   32|          0|
    |norm_reg_293           |  32|   0|   32|          0|
    |reg_358                |  64|   0|   64|          0|
    |reg_363                |  32|   0|   32|          0|
    |reg_369                |  32|   0|   32|          0|
    |reg_374                |  32|   0|   32|          0|
    |reg_381                |  32|   0|   32|          0|
    |reg_387                |  32|   0|   32|          0|
    |reg_393                |  64|   0|   64|          0|
    |sum_reg_270            |  64|   0|   64|          0|
    |tmp_1_reg_735          |  11|   0|   64|         53|
    |tmp_29_reg_887         |  64|   0|   64|          0|
    |tmp_31_reg_892         |  64|   0|   64|          0|
    |tmp_39_reg_740         |  15|   0|   16|          1|
    |x_load_1_reg_781       |  32|   0|   32|          0|
    +-----------------------+----+----+-----+-----------+
    |Total                  | 824|   0|  878|         54|
    +-----------------------+----+----+-----+-----------+



================================================================
== Interface
================================================================
* Summary: 
+-----------------+-----+-----+------------+--------------+--------------+
|    RTL Ports    | Dir | Bits|  Protocol  | Source Object|    C Type    |
+-----------------+-----+-----+------------+--------------+--------------+
|ap_clk           |  in |    1| ap_ctrl_hs |     svm7     | return value |
|ap_rst           |  in |    1| ap_ctrl_hs |     svm7     | return value |
|ap_start         |  in |    1| ap_ctrl_hs |     svm7     | return value |
|ap_done          | out |    1| ap_ctrl_hs |     svm7     | return value |
|ap_continue      |  in |    1| ap_ctrl_hs |     svm7     | return value |
|ap_idle          | out |    1| ap_ctrl_hs |     svm7     | return value |
|ap_ready         | out |    1| ap_ctrl_hs |     svm7     | return value |
|class_hw         | out |   16|   ap_vld   |   class_hw   |    pointer   |
|class_hw_ap_vld  | out |    1|   ap_vld   |   class_hw   |    pointer   |
|x_address0       | out |    5|  ap_memory |       x      |     array    |
|x_ce0            | out |    1|  ap_memory |       x      |     array    |
|x_q0             |  in |   32|  ap_memory |       x      |     array    |
|x_address1       | out |    5|  ap_memory |       x      |     array    |
|x_ce1            | out |    1|  ap_memory |       x      |     array    |
|x_q1             |  in |   32|  ap_memory |       x      |     array    |
+-----------------+-----+-----+------------+--------------+--------------+

