

================================================================
== Vivado HLS Report for 'svm'
================================================================
* Date:           Fri Jul 16 00:46:17 2021

* Version:        2018.2 (Build 2258646 on Thu Jun 14 20:25:20 MDT 2018)
* Project:        hls2-svm
* Solution:       solution4
* Product family: zynq
* Target device:  xc7z020clg484-1


================================================================
== Performance Estimates
================================================================
+ Timing (ns): 
    * Summary: 
    +--------+-------+----------+------------+
    |  Clock | Target| Estimated| Uncertainty|
    +--------+-------+----------+------------+
    |ap_clk  |  10.00|     8.427|        1.25|
    +--------+-------+----------+------------+

+ Latency (clock cycles): 
    * Summary: 
    +--------+--------+--------+--------+---------+
    |     Latency     |     Interval    | Pipeline|
    |   min  |   max  |   min  |   max  |   Type  |
    +--------+--------+--------+--------+---------+
    |  175969|  175969|  175969|  175969|   none  |
    +--------+--------+--------+--------+---------+

    + Detail: 
        * Instance: 
        N/A

        * Loop: 
        +-------------------+--------+--------+----------+-----------+-----------+------+----------+
        |                   |     Latency     | Iteration|  Initiation Interval  | Trip |          |
        |     Loop Name     |   min  |   max  |  Latency |  achieved |   target  | Count| Pipelined|
        +-------------------+--------+--------+----------+-----------+-----------+------+----------+
        |- Sum_Outter_Loop  |  175968|  175968|       144|          -|          -|  1222|    no    |
        | + Sum_Inner_Loop  |     102|     102|        51|          -|          -|     2|    no    |
        +-------------------+--------+--------+----------+-----------+-----------+------+----------+



================================================================
== Utilization Estimates
================================================================
* Summary: 
+-----------------+---------+-------+--------+-------+
|       Name      | BRAM_18K| DSP48E|   FF   |  LUT  |
+-----------------+---------+-------+--------+-------+
|DSP              |        -|      -|       -|      -|
|Expression       |        -|      -|       0|    281|
|FIFO             |        -|      -|       -|      -|
|Instance         |        -|     54|    3647|   7135|
|Memory           |       76|      -|       0|      0|
|Multiplexer      |        -|      -|       -|    671|
|Register         |        -|      -|    1342|      -|
+-----------------+---------+-------+--------+-------+
|Total            |       76|     54|    4989|   8087|
+-----------------+---------+-------+--------+-------+
|Available        |      280|    220|  106400|  53200|
+-----------------+---------+-------+--------+-------+
|Utilization (%)  |       27|     24|       4|     15|
+-----------------+---------+-------+--------+-------+

+ Detail: 
    * Instance: 
    +--------------------------+----------------------+---------+-------+------+------+
    |         Instance         |        Module        | BRAM_18K| DSP48E|  FF  |  LUT |
    +--------------------------+----------------------+---------+-------+------+------+
    |svm_dadd_64ns_64nfYi_U8   |svm_dadd_64ns_64nfYi  |        0|      3|   445|  1149|
    |svm_dcmp_64ns_64nhbi_U10  |svm_dcmp_64ns_64nhbi  |        0|      0|   130|   469|
    |svm_dexp_64ns_64nibs_U11  |svm_dexp_64ns_64nibs  |        0|     26|  1549|  2599|
    |svm_dmul_64ns_64ng8j_U9   |svm_dmul_64ns_64ng8j  |        0|     11|   317|   578|
    |svm_faddfsub_32nsbkb_U1   |svm_faddfsub_32nsbkb  |        0|      2|   205|   390|
    |svm_fmul_32ns_32ndEe_U5   |svm_fmul_32ns_32ndEe  |        0|      3|   143|   321|
    |svm_fmul_32ns_32ndEe_U6   |svm_fmul_32ns_32ndEe  |        0|      3|   143|   321|
    |svm_fpext_32ns_64eOg_U7   |svm_fpext_32ns_64eOg  |        0|      0|   100|   138|
    |svm_fsub_32ns_32ncud_U2   |svm_fsub_32ns_32ncud  |        0|      2|   205|   390|
    |svm_fsub_32ns_32ncud_U3   |svm_fsub_32ns_32ncud  |        0|      2|   205|   390|
    |svm_fsub_32ns_32ncud_U4   |svm_fsub_32ns_32ncud  |        0|      2|   205|   390|
    +--------------------------+----------------------+---------+-------+------+------+
    |Total                     |                      |        0|     54|  3647|  7135|
    +--------------------------+----------------------+---------+-------+------+------+

    * DSP48: 
    N/A

    * Memory: 
    +------------+--------------+---------+---+----+------+-----+------+-------------+
    |   Memory   |    Module    | BRAM_18K| FF| LUT| Words| Bits| Banks| W*Bits*Banks|
    +------------+--------------+---------+---+----+------+-----+------+-------------+
    |Co_U        |svm_Co        |        4|  0|   0|  1222|   32|     1|        39104|
    |SupVec_0_U  |svm_SupVec_0  |        8|  0|   0|  2444|   32|     1|        78208|
    |SupVec_1_U  |svm_SupVec_1  |        8|  0|   0|  2444|   32|     1|        78208|
    |SupVec_2_U  |svm_SupVec_2  |        8|  0|   0|  2444|   32|     1|        78208|
    |SupVec_3_U  |svm_SupVec_3  |        8|  0|   0|  2444|   32|     1|        78208|
    |SupVec_4_U  |svm_SupVec_4  |        8|  0|   0|  2444|   32|     1|        78208|
    |SupVec_5_U  |svm_SupVec_5  |        8|  0|   0|  2444|   32|     1|        78208|
    |SupVec_6_U  |svm_SupVec_6  |        8|  0|   0|  2444|   32|     1|        78208|
    |SupVec_7_U  |svm_SupVec_7  |        8|  0|   0|  2444|   32|     1|        78208|
    |SupVec_8_U  |svm_SupVec_8  |        8|  0|   0|  2444|   32|     1|        78208|
    +------------+--------------+---------+---+----+------+-----+------+-------------+
    |Total       |              |       76|  0|   0| 23218|  320|    10|       742976|
    +------------+--------------+---------+---+----+------+-----+------+-------------+

    * FIFO: 
    N/A

    * Expression: 
    +----------------------------+----------+-------+---+----+------------+------------+
    |        Variable Name       | Operation| DSP48E| FF| LUT| Bitwidth P0| Bitwidth P1|
    +----------------------------+----------+-------+---+----+------------+------------+
    |i_1_fu_527_p2               |     +    |      0|  0|  13|          11|           1|
    |indvars_iv_next4_fu_606_p2  |     +    |      0|  0|  10|           2|           1|
    |j_1_fu_677_p2               |     +    |      0|  0|  15|           4|           5|
    |tmp_21_fu_623_p2            |     +    |      0|  0|  17|          13|          13|
    |tmp_4_cast_fu_639_p2        |     +    |      0|  0|  13|           1|           4|
    |tmp_5_cast_fu_768_p2        |     +    |      0|  0|  13|           3|           4|
    |tmp_6_cast_fu_683_p2        |     +    |      0|  0|  13|           2|           4|
    |tmp_7_cast_fu_779_p2        |     +    |      0|  0|  13|           3|           4|
    |tmp_8_cast_fu_720_p2        |     +    |      0|  0|  13|           2|           4|
    |tmp_cast_fu_757_p2          |     +    |      0|  0|  13|           3|           4|
    |tmp_7_fu_585_p2             |    and   |      0|  0|   2|           1|           1|
    |exitcond5_fu_600_p2         |   icmp   |      0|  0|   9|           2|           3|
    |exitcond_fu_521_p2          |   icmp   |      0|  0|  13|          11|          11|
    |notlhs_fu_567_p2            |   icmp   |      0|  0|  13|          11|           2|
    |notrhs_fu_573_p2            |   icmp   |      0|  0|  29|          52|           1|
    |tmp_24_fu_688_p2            |   icmp   |      0|  0|   9|           4|           4|
    |tmp_26_fu_725_p2            |   icmp   |      0|  0|   9|           4|           4|
    |tmp_28_fu_762_p2            |   icmp   |      0|  0|   9|           4|           4|
    |tmp_30_fu_773_p2            |   icmp   |      0|  0|   9|           4|           4|
    |tmp_32_fu_784_p2            |   icmp   |      0|  0|   9|           4|           4|
    |tmp_s_fu_645_p2             |   icmp   |      0|  0|   9|           4|           4|
    |tmp_5_fu_579_p2             |    or    |      0|  0|   2|           1|           1|
    |class_hw                    |  select  |      0|  0|   2|           1|           1|
    |newIndex4_cast_fu_790_p3    |  select  |      0|  0|   2|           1|           1|
    |newIndex5_cast_fu_651_p3    |  select  |      0|  0|   2|           1|           1|
    |newIndex6_cast_fu_814_p3    |  select  |      0|  0|   2|           1|           1|
    |newIndex7_cast_fu_694_p3    |  select  |      0|  0|   2|           1|           1|
    |newIndex8_cast_fu_838_p3    |  select  |      0|  0|   2|           1|           1|
    |newIndex9_cast_fu_731_p3    |  select  |      0|  0|   2|           1|           1|
    |not_tmp_1_fu_703_p2         |    xor   |      0|  0|   2|           1|           2|
    |not_tmp_2_fu_740_p2         |    xor   |      0|  0|   2|           1|           2|
    |not_tmp_3_fu_798_p2         |    xor   |      0|  0|   2|           1|           2|
    |not_tmp_4_fu_822_p2         |    xor   |      0|  0|   2|           1|           2|
    |not_tmp_5_fu_846_p2         |    xor   |      0|  0|   2|           1|           2|
    |not_tmp_s_fu_660_p2         |    xor   |      0|  0|   2|           1|           2|
    +----------------------------+----------+-------+---+----+------------+------------+
    |Total                       |          |      0|  0| 281|         159|         106|
    +----------------------------+----------+-------+---+----+------------+------------+

    * Multiplexer: 
    +---------------------+-----+-----------+-----+-----------+
    |         Name        | LUT | Input Size| Bits| Total Bits|
    +---------------------+-----+-----------+-----+-----------+
    |ap_NS_fsm            |  409|         94|    1|         94|
    |grp_fu_441_opcode    |   15|          3|    2|          6|
    |grp_fu_441_p0        |   44|          9|   32|        288|
    |grp_fu_441_p1        |   44|          9|   32|        288|
    |grp_fu_457_p0        |   27|          5|   32|        160|
    |grp_fu_457_p1        |   27|          5|   32|        160|
    |grp_fu_465_p0        |   15|          3|   32|         96|
    |grp_fu_469_p0        |   15|          3|   64|        192|
    |grp_fu_469_p1        |   15|          3|   64|        192|
    |grp_fu_475_p1        |   15|          3|   64|        192|
    |i_reg_396            |    9|          2|   11|         22|
    |indvars_iv3_reg_408  |    9|          2|    2|          4|
    |j_reg_430            |    9|          2|    5|         10|
    |norm_reg_419         |    9|          2|   32|         64|
    |sum_reg_384          |    9|          2|   64|        128|
    +---------------------+-----+-----------+-----+-----------+
    |Total                |  671|        147|  469|       1896|
    +---------------------+-----+-----------+-----+-----------+

    * Register: 
    +--------------------------+----+----+-----+-----------+
    |           Name           | FF | LUT| Bits| Const Bits|
    +--------------------------+----+----+-----+-----------+
    |Co_load_reg_1133          |  32|   0|   32|          0|
    |SupVec_0_load_reg_952     |  32|   0|   32|          0|
    |SupVec_1_load_reg_962     |  32|   0|   32|          0|
    |SupVec_2_load_reg_1008    |  32|   0|   32|          0|
    |SupVec_3_load_reg_1063    |  32|   0|   32|          0|
    |SupVec_4_load_reg_1083    |  32|   0|   32|          0|
    |SupVec_5_load_reg_1103    |  32|   0|   32|          0|
    |SupVec_6_load_reg_1123    |  32|   0|   32|          0|
    |SupVec_7_load_reg_972     |  32|   0|   32|          0|
    |SupVec_8_load_reg_982     |  32|   0|   32|          0|
    |ap_CS_fsm                 |  93|   0|   93|          0|
    |dif1_reg_997              |  32|   0|   32|          0|
    |dif7_reg_1013             |  32|   0|   32|          0|
    |dif8_reg_1019             |  32|   0|   32|          0|
    |i_1_reg_865               |  11|   0|   11|          0|
    |i_reg_396                 |  11|   0|   11|          0|
    |indvars_iv3_reg_408       |   2|   0|    2|          0|
    |indvars_iv_next4_reg_883  |   2|   0|    2|          0|
    |j_1_reg_937               |   5|   0|    5|          0|
    |j_reg_430                 |   5|   0|    5|          0|
    |mul1_reg_1053             |  32|   0|   32|          0|
    |norm_reg_419              |  32|   0|   32|          0|
    |reg_491                   |  64|   0|   64|          0|
    |reg_496                   |  32|   0|   32|          0|
    |reg_503                   |  32|   0|   32|          0|
    |reg_509                   |  32|   0|   32|          0|
    |reg_515                   |  64|   0|   64|          0|
    |sum_reg_384               |  64|   0|   64|          0|
    |tmp_18_reg_1138           |  64|   0|   64|          0|
    |tmp_1_reg_870             |  11|   0|   64|         53|
    |tmp_20_reg_1143           |  64|   0|   64|          0|
    |tmp_22_reg_898            |   4|   0|    4|          0|
    |tmp_23_cast_reg_875       |  11|   0|   13|          2|
    |tmp_28_reg_1035           |   1|   0|    1|          0|
    |tmp_30_reg_1041           |   1|   0|    1|          0|
    |tmp_32_reg_1047           |   1|   0|    1|          0|
    |x_0_load_reg_947          |  32|   0|   32|          0|
    |x_1_load_reg_957          |  32|   0|   32|          0|
    |x_2_load_reg_1003         |  32|   0|   32|          0|
    |x_3_load_reg_1058         |  32|   0|   32|          0|
    |x_4_load_reg_1078         |  32|   0|   32|          0|
    |x_5_load_reg_1098         |  32|   0|   32|          0|
    |x_6_load_reg_1118         |  32|   0|   32|          0|
    |x_7_load_reg_967          |  32|   0|   32|          0|
    |x_8_load_reg_977          |  32|   0|   32|          0|
    +--------------------------+----+----+-----+-----------+
    |Total                     |1342|   0| 1397|         55|
    +--------------------------+----+----+-----+-----------+



================================================================
== Interface
================================================================
* Summary: 
+-----------------+-----+-----+------------+--------------+--------------+
|    RTL Ports    | Dir | Bits|  Protocol  | Source Object|    C Type    |
+-----------------+-----+-----+------------+--------------+--------------+
|ap_clk           |  in |    1| ap_ctrl_hs |      svm     | return value |
|ap_rst           |  in |    1| ap_ctrl_hs |      svm     | return value |
|ap_start         |  in |    1| ap_ctrl_hs |      svm     | return value |
|ap_done          | out |    1| ap_ctrl_hs |      svm     | return value |
|ap_idle          | out |    1| ap_ctrl_hs |      svm     | return value |
|ap_ready         | out |    1| ap_ctrl_hs |      svm     | return value |
|class_hw         | out |   16|   ap_vld   |   class_hw   |    pointer   |
|class_hw_ap_vld  | out |    1|   ap_vld   |   class_hw   |    pointer   |
|x_0_address0     | out |    1|  ap_memory |      x_0     |     array    |
|x_0_ce0          | out |    1|  ap_memory |      x_0     |     array    |
|x_0_q0           |  in |   32|  ap_memory |      x_0     |     array    |
|x_1_address0     | out |    1|  ap_memory |      x_1     |     array    |
|x_1_ce0          | out |    1|  ap_memory |      x_1     |     array    |
|x_1_q0           |  in |   32|  ap_memory |      x_1     |     array    |
|x_2_address0     | out |    1|  ap_memory |      x_2     |     array    |
|x_2_ce0          | out |    1|  ap_memory |      x_2     |     array    |
|x_2_q0           |  in |   32|  ap_memory |      x_2     |     array    |
|x_3_address0     | out |    1|  ap_memory |      x_3     |     array    |
|x_3_ce0          | out |    1|  ap_memory |      x_3     |     array    |
|x_3_q0           |  in |   32|  ap_memory |      x_3     |     array    |
|x_4_address0     | out |    1|  ap_memory |      x_4     |     array    |
|x_4_ce0          | out |    1|  ap_memory |      x_4     |     array    |
|x_4_q0           |  in |   32|  ap_memory |      x_4     |     array    |
|x_5_address0     | out |    1|  ap_memory |      x_5     |     array    |
|x_5_ce0          | out |    1|  ap_memory |      x_5     |     array    |
|x_5_q0           |  in |   32|  ap_memory |      x_5     |     array    |
|x_6_address0     | out |    1|  ap_memory |      x_6     |     array    |
|x_6_ce0          | out |    1|  ap_memory |      x_6     |     array    |
|x_6_q0           |  in |   32|  ap_memory |      x_6     |     array    |
|x_7_address0     | out |    1|  ap_memory |      x_7     |     array    |
|x_7_ce0          | out |    1|  ap_memory |      x_7     |     array    |
|x_7_q0           |  in |   32|  ap_memory |      x_7     |     array    |
|x_8_address0     | out |    1|  ap_memory |      x_8     |     array    |
|x_8_ce0          | out |    1|  ap_memory |      x_8     |     array    |
|x_8_q0           |  in |   32|  ap_memory |      x_8     |     array    |
+-----------------+-----+-----+------------+--------------+--------------+

