

================================================================
== Vivado HLS Report for 'fir'
================================================================
* Date:           Mon Jun 14 15:15:51 2021

* Version:        2018.2 (Build 2258646 on Thu Jun 14 20:25:20 MDT 2018)
* Project:        hls1-fir2
* Solution:       solution1
* Product family: zynq
* Target device:  xc7z020clg400-1


================================================================
== Performance Estimates
================================================================
+ Timing (ns): 
    * Summary: 
    +--------+-------+----------+------------+
    |  Clock | Target| Estimated| Uncertainty|
    +--------+-------+----------+------------+
    |ap_clk  |  10.00|     8.710|        1.25|
    +--------+-------+----------+------------+

+ Latency (clock cycles): 
    * Summary: 
    +-----+-----+-----+-----+---------+
    |  Latency  |  Interval | Pipeline|
    | min | max | min | max |   Type  |
    +-----+-----+-----+-----+---------+
    |    1|    1|    1|    1|   none  |
    +-----+-----+-----+-----+---------+

    + Detail: 
        * Instance: 
        N/A

        * Loop: 
        N/A



================================================================
== Utilization Estimates
================================================================
* Summary: 
+-----------------+---------+-------+--------+-------+
|       Name      | BRAM_18K| DSP48E|   FF   |  LUT  |
+-----------------+---------+-------+--------+-------+
|DSP              |        -|      -|       -|      -|
|Expression       |        -|      -|       0|    167|
|FIFO             |        -|      -|       -|      -|
|Instance         |        -|      -|       -|      -|
|Memory           |        -|      -|       -|      -|
|Multiplexer      |        -|      -|       -|     15|
|Register         |        -|      -|      72|      -|
+-----------------+---------+-------+--------+-------+
|Total            |        0|      0|      72|    182|
+-----------------+---------+-------+--------+-------+
|Available        |      280|    220|  106400|  53200|
+-----------------+---------+-------+--------+-------+
|Utilization (%)  |        0|      0|   ~0   |   ~0  |
+-----------------+---------+-------+--------+-------+

+ Detail: 
    * Instance: 
    N/A

    * DSP48: 
    N/A

    * Memory: 
    N/A

    * FIFO: 
    N/A

    * Expression: 
    +------------------+----------+-------+---+----+------------+------------+
    |   Variable Name  | Operation| DSP48E| FF| LUT| Bitwidth P0| Bitwidth P1|
    +------------------+----------+-------+---+----+------------+------------+
    |r_V_10_fu_278_p2  |     +    |      0|  0|  21|          15|          15|
    |r_V_12_fu_306_p2  |     +    |      0|  0|  15|          15|          15|
    |r_V_13_fu_322_p2  |     +    |      0|  0|  15|          15|          15|
    |r_V_2_fu_105_p2   |     +    |      0|  0|  17|          13|          13|
    |r_V_4_fu_159_p2   |     +    |      0|  0|  19|          14|          14|
    |r_V_5_fu_191_p2   |     +    |      0|  0|  13|          11|          11|
    |r_V_6_fu_201_p2   |     +    |      0|  0|  15|          14|          14|
    |r_V_8_fu_229_p2   |     +    |      0|  0|  15|          14|          14|
    |r_V_1_fu_91_p2    |     -    |      0|  0|  12|          12|          12|
    |r_V_3_fu_145_p2   |     -    |      0|  0|  12|          12|          12|
    |r_V_9_fu_261_p2   |     -    |      0|  0|  13|          11|          11|
    +------------------+----------+-------+---+----+------------+------------+
    |Total             |          |      0|  0| 167|         146|         146|
    +------------------+----------+-------+---+----+------------+------------+

    * Multiplexer: 
    +-----------+----+-----------+-----+-----------+
    |    Name   | LUT| Input Size| Bits| Total Bits|
    +-----------+----+-----------+-----+-----------+
    |ap_NS_fsm  |  15|          3|    1|          3|
    +-----------+----+-----------+-----+-----------+
    |Total      |  15|          3|    1|          3|
    +-----------+----+-----------+-----+-----------+

    * Register: 
    +---------------+----+----+-----+-----------+
    |      Name     | FF | LUT| Bits| Const Bits|
    +---------------+----+----+-----+-----------+
    |ap_CS_fsm      |   2|   0|    2|          0|
    |r_V_8_reg_333  |  14|   0|   14|          0|
    |shift_reg_V_0  |   8|   0|    8|          0|
    |shift_reg_V_1  |   8|   0|    8|          0|
    |shift_reg_V_2  |   8|   0|    8|          0|
    |shift_reg_V_3  |   8|   0|    8|          0|
    |shift_reg_V_4  |   8|   0|    8|          0|
    |shift_reg_V_5  |   8|   0|    8|          0|
    |shift_reg_V_6  |   8|   0|    8|          0|
    +---------------+----+----+-----+-----------+
    |Total          |  72|   0|   72|          0|
    +---------------+----+----+-----+-----------+



================================================================
== Interface
================================================================
* Summary: 
+------------+-----+-----+------------+--------------+--------------+
|  RTL Ports | Dir | Bits|  Protocol  | Source Object|    C Type    |
+------------+-----+-----+------------+--------------+--------------+
|ap_clk      |  in |    1| ap_ctrl_hs |      fir     | return value |
|ap_rst      |  in |    1| ap_ctrl_hs |      fir     | return value |
|ap_start    |  in |    1| ap_ctrl_hs |      fir     | return value |
|ap_done     | out |    1| ap_ctrl_hs |      fir     | return value |
|ap_idle     | out |    1| ap_ctrl_hs |      fir     | return value |
|ap_ready    | out |    1| ap_ctrl_hs |      fir     | return value |
|y_V         | out |   19|   ap_vld   |      y_V     |    pointer   |
|y_V_ap_vld  | out |    1|   ap_vld   |      y_V     |    pointer   |
|x_V         |  in |    8|   ap_none  |      x_V     |    scalar    |
+------------+-----+-----+------------+--------------+--------------+

