
*** Running vivado
    with args -log dvlsi2021_lab5_top.vdi -applog -m64 -product Vivado -messageDb vivado.pb -mode batch -source dvlsi2021_lab5_top.tcl -notrace


****** Vivado v2018.2 (64-bit)
  **** SW Build 2258646 on Thu Jun 14 20:03:12 MDT 2018
  **** IP Build 2256618 on Thu Jun 14 22:10:49 MDT 2018
    ** Copyright 1986-2018 Xilinx, Inc. All Rights Reserved.

source dvlsi2021_lab5_top.tcl -notrace
INFO: [IP_Flow 19-234] Refreshing IP repositories
INFO: [IP_Flow 19-1704] No user IP repositories specified
INFO: [IP_Flow 19-2313] Loaded Vivado IP repository 'C:/Xilinx/Vivado/2018.2/data/ip'.
add_files: Time (s): cpu = 00:00:10 ; elapsed = 00:00:15 . Memory (MB): peak = 291.324 ; gain = 60.559
Command: link_design -top dvlsi2021_lab5_top -part xc7z010clg400-1
Design is defaulting to srcset: sources_1
Design is defaulting to constrset: constrs_1
INFO: [Project 1-454] Reading design checkpoint 'c:/Users/Afroditi/Documents/8thSemester/dvlsi/Lab5/dvlsi2021_lab5/dvlsi2021_ask5_prj/dvlsi2021_ask5_prj.srcs/sources_1/ip/fifo_generator_0/fifo_generator_0.dcp' for cell 'ACCELERATOR/S_2_P/RAM_FIFO_0'
INFO: [Project 1-454] Reading design checkpoint 'c:/Users/Afroditi/Documents/8thSemester/dvlsi/Lab5/dvlsi2021_lab5/dvlsi2021_ask5_prj/dvlsi2021_ask5_prj.srcs/sources_1/bd/design_1/ip/design_1_PL2PS_DMA_0/design_1_PL2PS_DMA_0.dcp' for cell 'PROCESSING_SYSTEM_INSTANCE/design_1_i/PL2PS_DMA'
INFO: [Project 1-454] Reading design checkpoint 'c:/Users/Afroditi/Documents/8thSemester/dvlsi/Lab5/dvlsi2021_lab5/dvlsi2021_ask5_prj/dvlsi2021_ask5_prj.srcs/sources_1/bd/design_1/ip/design_1_PL_GEN_ARESETN_100_0/design_1_PL_GEN_ARESETN_100_0.dcp' for cell 'PROCESSING_SYSTEM_INSTANCE/design_1_i/PL_GEN_ARESETN_100'
INFO: [Project 1-454] Reading design checkpoint 'c:/Users/Afroditi/Documents/8thSemester/dvlsi/Lab5/dvlsi2021_lab5/dvlsi2021_ask5_prj/dvlsi2021_ask5_prj.srcs/sources_1/bd/design_1/ip/design_1_PL_GEN_ARESETN_50_0/design_1_PL_GEN_ARESETN_50_0.dcp' for cell 'PROCESSING_SYSTEM_INSTANCE/design_1_i/PL_GEN_ARESETN_50'
INFO: [Project 1-454] Reading design checkpoint 'c:/Users/Afroditi/Documents/8thSemester/dvlsi/Lab5/dvlsi2021_lab5/dvlsi2021_ask5_prj/dvlsi2021_ask5_prj.srcs/sources_1/bd/design_1/ip/design_1_PS2PL_DMA_0/design_1_PS2PL_DMA_0.dcp' for cell 'PROCESSING_SYSTEM_INSTANCE/design_1_i/PS2PL_DMA'
INFO: [Project 1-454] Reading design checkpoint 'c:/Users/Afroditi/Documents/8thSemester/dvlsi/Lab5/dvlsi2021_lab5/dvlsi2021_ask5_prj/dvlsi2021_ask5_prj.srcs/sources_1/bd/design_1/ip/design_1_PS_ARM_0/design_1_PS_ARM_0.dcp' for cell 'PROCESSING_SYSTEM_INSTANCE/design_1_i/PS_ARM'
INFO: [Project 1-454] Reading design checkpoint 'c:/Users/Afroditi/Documents/8thSemester/dvlsi/Lab5/dvlsi2021_lab5/dvlsi2021_ask5_prj/dvlsi2021_ask5_prj.srcs/sources_1/bd/design_1/ip/design_1_axi_smc_0/design_1_axi_smc_0.dcp' for cell 'PROCESSING_SYSTEM_INSTANCE/design_1_i/axi_smc'
INFO: [Project 1-454] Reading design checkpoint 'c:/Users/Afroditi/Documents/8thSemester/dvlsi/Lab5/dvlsi2021_lab5/dvlsi2021_ask5_prj/dvlsi2021_ask5_prj.srcs/sources_1/bd/design_1/ip/design_1_axi_smc_1_0/design_1_axi_smc_1_0.dcp' for cell 'PROCESSING_SYSTEM_INSTANCE/design_1_i/axi_smc_1'
INFO: [Project 1-454] Reading design checkpoint 'c:/Users/Afroditi/Documents/8thSemester/dvlsi/Lab5/dvlsi2021_lab5/dvlsi2021_ask5_prj/dvlsi2021_ask5_prj.srcs/sources_1/bd/design_1/ip/design_1_xbar_0/design_1_xbar_0.dcp' for cell 'PROCESSING_SYSTEM_INSTANCE/design_1_i/ps7_0_axi_periph/xbar'
INFO: [Project 1-454] Reading design checkpoint 'c:/Users/Afroditi/Documents/8thSemester/dvlsi/Lab5/dvlsi2021_lab5/dvlsi2021_ask5_prj/dvlsi2021_ask5_prj.srcs/sources_1/bd/design_1/ip/design_1_auto_pc_0/design_1_auto_pc_0.dcp' for cell 'PROCESSING_SYSTEM_INSTANCE/design_1_i/ps7_0_axi_periph/s00_couplers/auto_pc'
INFO: [Netlist 29-17] Analyzing 366 Unisim elements for replacement
INFO: [Netlist 29-28] Unisim Transformation completed in 1 CPU seconds
INFO: [Project 1-479] Netlist was created with Vivado 2018.2
INFO: [Device 21-403] Loading part xc7z010clg400-1
INFO: [Project 1-570] Preparing netlist for logic optimization
Parsing XDC File [c:/Users/Afroditi/Documents/8thSemester/dvlsi/Lab5/dvlsi2021_lab5/dvlsi2021_ask5_prj/dvlsi2021_ask5_prj.srcs/sources_1/bd/design_1/ip/design_1_PL2PS_DMA_0/design_1_PL2PS_DMA_0.xdc] for cell 'PROCESSING_SYSTEM_INSTANCE/design_1_i/PL2PS_DMA/U0'
Finished Parsing XDC File [c:/Users/Afroditi/Documents/8thSemester/dvlsi/Lab5/dvlsi2021_lab5/dvlsi2021_ask5_prj/dvlsi2021_ask5_prj.srcs/sources_1/bd/design_1/ip/design_1_PL2PS_DMA_0/design_1_PL2PS_DMA_0.xdc] for cell 'PROCESSING_SYSTEM_INSTANCE/design_1_i/PL2PS_DMA/U0'
Parsing XDC File [c:/Users/Afroditi/Documents/8thSemester/dvlsi/Lab5/dvlsi2021_lab5/dvlsi2021_ask5_prj/dvlsi2021_ask5_prj.srcs/sources_1/bd/design_1/ip/design_1_PL_GEN_ARESETN_50_0/design_1_PL_GEN_ARESETN_50_0_board.xdc] for cell 'PROCESSING_SYSTEM_INSTANCE/design_1_i/PL_GEN_ARESETN_50/U0'
Finished Parsing XDC File [c:/Users/Afroditi/Documents/8thSemester/dvlsi/Lab5/dvlsi2021_lab5/dvlsi2021_ask5_prj/dvlsi2021_ask5_prj.srcs/sources_1/bd/design_1/ip/design_1_PL_GEN_ARESETN_50_0/design_1_PL_GEN_ARESETN_50_0_board.xdc] for cell 'PROCESSING_SYSTEM_INSTANCE/design_1_i/PL_GEN_ARESETN_50/U0'
Parsing XDC File [c:/Users/Afroditi/Documents/8thSemester/dvlsi/Lab5/dvlsi2021_lab5/dvlsi2021_ask5_prj/dvlsi2021_ask5_prj.srcs/sources_1/bd/design_1/ip/design_1_PL_GEN_ARESETN_50_0/design_1_PL_GEN_ARESETN_50_0.xdc] for cell 'PROCESSING_SYSTEM_INSTANCE/design_1_i/PL_GEN_ARESETN_50/U0'
Finished Parsing XDC File [c:/Users/Afroditi/Documents/8thSemester/dvlsi/Lab5/dvlsi2021_lab5/dvlsi2021_ask5_prj/dvlsi2021_ask5_prj.srcs/sources_1/bd/design_1/ip/design_1_PL_GEN_ARESETN_50_0/design_1_PL_GEN_ARESETN_50_0.xdc] for cell 'PROCESSING_SYSTEM_INSTANCE/design_1_i/PL_GEN_ARESETN_50/U0'
Parsing XDC File [c:/Users/Afroditi/Documents/8thSemester/dvlsi/Lab5/dvlsi2021_lab5/dvlsi2021_ask5_prj/dvlsi2021_ask5_prj.srcs/sources_1/bd/design_1/ip/design_1_PL_GEN_ARESETN_100_0/design_1_PL_GEN_ARESETN_100_0_board.xdc] for cell 'PROCESSING_SYSTEM_INSTANCE/design_1_i/PL_GEN_ARESETN_100/U0'
Finished Parsing XDC File [c:/Users/Afroditi/Documents/8thSemester/dvlsi/Lab5/dvlsi2021_lab5/dvlsi2021_ask5_prj/dvlsi2021_ask5_prj.srcs/sources_1/bd/design_1/ip/design_1_PL_GEN_ARESETN_100_0/design_1_PL_GEN_ARESETN_100_0_board.xdc] for cell 'PROCESSING_SYSTEM_INSTANCE/design_1_i/PL_GEN_ARESETN_100/U0'
Parsing XDC File [c:/Users/Afroditi/Documents/8thSemester/dvlsi/Lab5/dvlsi2021_lab5/dvlsi2021_ask5_prj/dvlsi2021_ask5_prj.srcs/sources_1/bd/design_1/ip/design_1_PL_GEN_ARESETN_100_0/design_1_PL_GEN_ARESETN_100_0.xdc] for cell 'PROCESSING_SYSTEM_INSTANCE/design_1_i/PL_GEN_ARESETN_100/U0'
Finished Parsing XDC File [c:/Users/Afroditi/Documents/8thSemester/dvlsi/Lab5/dvlsi2021_lab5/dvlsi2021_ask5_prj/dvlsi2021_ask5_prj.srcs/sources_1/bd/design_1/ip/design_1_PL_GEN_ARESETN_100_0/design_1_PL_GEN_ARESETN_100_0.xdc] for cell 'PROCESSING_SYSTEM_INSTANCE/design_1_i/PL_GEN_ARESETN_100/U0'
Parsing XDC File [c:/Users/Afroditi/Documents/8thSemester/dvlsi/Lab5/dvlsi2021_lab5/dvlsi2021_ask5_prj/dvlsi2021_ask5_prj.srcs/sources_1/bd/design_1/ip/design_1_PS2PL_DMA_0/design_1_PS2PL_DMA_0.xdc] for cell 'PROCESSING_SYSTEM_INSTANCE/design_1_i/PS2PL_DMA/U0'
Finished Parsing XDC File [c:/Users/Afroditi/Documents/8thSemester/dvlsi/Lab5/dvlsi2021_lab5/dvlsi2021_ask5_prj/dvlsi2021_ask5_prj.srcs/sources_1/bd/design_1/ip/design_1_PS2PL_DMA_0/design_1_PS2PL_DMA_0.xdc] for cell 'PROCESSING_SYSTEM_INSTANCE/design_1_i/PS2PL_DMA/U0'
Parsing XDC File [c:/Users/Afroditi/Documents/8thSemester/dvlsi/Lab5/dvlsi2021_lab5/dvlsi2021_ask5_prj/dvlsi2021_ask5_prj.srcs/sources_1/bd/design_1/ip/design_1_PS_ARM_0/design_1_PS_ARM_0.xdc] for cell 'PROCESSING_SYSTEM_INSTANCE/design_1_i/PS_ARM/inst'
Finished Parsing XDC File [c:/Users/Afroditi/Documents/8thSemester/dvlsi/Lab5/dvlsi2021_lab5/dvlsi2021_ask5_prj/dvlsi2021_ask5_prj.srcs/sources_1/bd/design_1/ip/design_1_PS_ARM_0/design_1_PS_ARM_0.xdc] for cell 'PROCESSING_SYSTEM_INSTANCE/design_1_i/PS_ARM/inst'
Parsing XDC File [c:/Users/Afroditi/Documents/8thSemester/dvlsi/Lab5/dvlsi2021_lab5/dvlsi2021_ask5_prj/dvlsi2021_ask5_prj.srcs/sources_1/bd/design_1/ip/design_1_axi_smc_0/bd_0/ip/ip_1/bd_afc3_psr_aclk_0_board.xdc] for cell 'PROCESSING_SYSTEM_INSTANCE/design_1_i/axi_smc/inst/clk_map/psr_aclk/U0'
Finished Parsing XDC File [c:/Users/Afroditi/Documents/8thSemester/dvlsi/Lab5/dvlsi2021_lab5/dvlsi2021_ask5_prj/dvlsi2021_ask5_prj.srcs/sources_1/bd/design_1/ip/design_1_axi_smc_0/bd_0/ip/ip_1/bd_afc3_psr_aclk_0_board.xdc] for cell 'PROCESSING_SYSTEM_INSTANCE/design_1_i/axi_smc/inst/clk_map/psr_aclk/U0'
Parsing XDC File [c:/Users/Afroditi/Documents/8thSemester/dvlsi/Lab5/dvlsi2021_lab5/dvlsi2021_ask5_prj/dvlsi2021_ask5_prj.srcs/sources_1/bd/design_1/ip/design_1_axi_smc_0/bd_0/ip/ip_1/bd_afc3_psr_aclk_0.xdc] for cell 'PROCESSING_SYSTEM_INSTANCE/design_1_i/axi_smc/inst/clk_map/psr_aclk/U0'
Finished Parsing XDC File [c:/Users/Afroditi/Documents/8thSemester/dvlsi/Lab5/dvlsi2021_lab5/dvlsi2021_ask5_prj/dvlsi2021_ask5_prj.srcs/sources_1/bd/design_1/ip/design_1_axi_smc_0/bd_0/ip/ip_1/bd_afc3_psr_aclk_0.xdc] for cell 'PROCESSING_SYSTEM_INSTANCE/design_1_i/axi_smc/inst/clk_map/psr_aclk/U0'
Parsing XDC File [c:/Users/Afroditi/Documents/8thSemester/dvlsi/Lab5/dvlsi2021_lab5/dvlsi2021_ask5_prj/dvlsi2021_ask5_prj.srcs/sources_1/bd/design_1/ip/design_1_axi_smc_1_0/bd_0/ip/ip_1/bd_a878_psr_aclk_0_board.xdc] for cell 'PROCESSING_SYSTEM_INSTANCE/design_1_i/axi_smc_1/inst/clk_map/psr_aclk/U0'
Finished Parsing XDC File [c:/Users/Afroditi/Documents/8thSemester/dvlsi/Lab5/dvlsi2021_lab5/dvlsi2021_ask5_prj/dvlsi2021_ask5_prj.srcs/sources_1/bd/design_1/ip/design_1_axi_smc_1_0/bd_0/ip/ip_1/bd_a878_psr_aclk_0_board.xdc] for cell 'PROCESSING_SYSTEM_INSTANCE/design_1_i/axi_smc_1/inst/clk_map/psr_aclk/U0'
Parsing XDC File [c:/Users/Afroditi/Documents/8thSemester/dvlsi/Lab5/dvlsi2021_lab5/dvlsi2021_ask5_prj/dvlsi2021_ask5_prj.srcs/sources_1/bd/design_1/ip/design_1_axi_smc_1_0/bd_0/ip/ip_1/bd_a878_psr_aclk_0.xdc] for cell 'PROCESSING_SYSTEM_INSTANCE/design_1_i/axi_smc_1/inst/clk_map/psr_aclk/U0'
Finished Parsing XDC File [c:/Users/Afroditi/Documents/8thSemester/dvlsi/Lab5/dvlsi2021_lab5/dvlsi2021_ask5_prj/dvlsi2021_ask5_prj.srcs/sources_1/bd/design_1/ip/design_1_axi_smc_1_0/bd_0/ip/ip_1/bd_a878_psr_aclk_0.xdc] for cell 'PROCESSING_SYSTEM_INSTANCE/design_1_i/axi_smc_1/inst/clk_map/psr_aclk/U0'
Parsing XDC File [c:/Users/Afroditi/Documents/8thSemester/dvlsi/Lab5/dvlsi2021_lab5/dvlsi2021_ask5_prj/dvlsi2021_ask5_prj.srcs/sources_1/ip/fifo_generator_0/fifo_generator_0.xdc] for cell 'ACCELERATOR/S_2_P/RAM_FIFO_0/U0'
Finished Parsing XDC File [c:/Users/Afroditi/Documents/8thSemester/dvlsi/Lab5/dvlsi2021_lab5/dvlsi2021_ask5_prj/dvlsi2021_ask5_prj.srcs/sources_1/ip/fifo_generator_0/fifo_generator_0.xdc] for cell 'ACCELERATOR/S_2_P/RAM_FIFO_0/U0'
Parsing XDC File [c:/Users/Afroditi/Documents/8thSemester/dvlsi/Lab5/dvlsi2021_lab5/dvlsi2021_ask5_prj/dvlsi2021_ask5_prj.srcs/sources_1/ip/fifo_generator_0/fifo_generator_0.xdc] for cell 'ACCELERATOR/S_2_P/RAM_FIFO_1/U0'
Finished Parsing XDC File [c:/Users/Afroditi/Documents/8thSemester/dvlsi/Lab5/dvlsi2021_lab5/dvlsi2021_ask5_prj/dvlsi2021_ask5_prj.srcs/sources_1/ip/fifo_generator_0/fifo_generator_0.xdc] for cell 'ACCELERATOR/S_2_P/RAM_FIFO_1/U0'
Parsing XDC File [c:/Users/Afroditi/Documents/8thSemester/dvlsi/Lab5/dvlsi2021_lab5/dvlsi2021_ask5_prj/dvlsi2021_ask5_prj.srcs/sources_1/ip/fifo_generator_0/fifo_generator_0.xdc] for cell 'ACCELERATOR/S_2_P/RAM_FIFO_2/U0'
Finished Parsing XDC File [c:/Users/Afroditi/Documents/8thSemester/dvlsi/Lab5/dvlsi2021_lab5/dvlsi2021_ask5_prj/dvlsi2021_ask5_prj.srcs/sources_1/ip/fifo_generator_0/fifo_generator_0.xdc] for cell 'ACCELERATOR/S_2_P/RAM_FIFO_2/U0'
Parsing XDC File [c:/Users/Afroditi/Documents/8thSemester/dvlsi/Lab5/dvlsi2021_lab5/dvlsi2021_ask5_prj/dvlsi2021_ask5_prj.srcs/sources_1/bd/design_1/ip/design_1_PL2PS_DMA_0/design_1_PL2PS_DMA_0_clocks.xdc] for cell 'PROCESSING_SYSTEM_INSTANCE/design_1_i/PL2PS_DMA/U0'
Finished Parsing XDC File [c:/Users/Afroditi/Documents/8thSemester/dvlsi/Lab5/dvlsi2021_lab5/dvlsi2021_ask5_prj/dvlsi2021_ask5_prj.srcs/sources_1/bd/design_1/ip/design_1_PL2PS_DMA_0/design_1_PL2PS_DMA_0_clocks.xdc] for cell 'PROCESSING_SYSTEM_INSTANCE/design_1_i/PL2PS_DMA/U0'
Parsing XDC File [c:/Users/Afroditi/Documents/8thSemester/dvlsi/Lab5/dvlsi2021_lab5/dvlsi2021_ask5_prj/dvlsi2021_ask5_prj.srcs/sources_1/bd/design_1/ip/design_1_PS2PL_DMA_0/design_1_PS2PL_DMA_0_clocks.xdc] for cell 'PROCESSING_SYSTEM_INSTANCE/design_1_i/PS2PL_DMA/U0'
Finished Parsing XDC File [c:/Users/Afroditi/Documents/8thSemester/dvlsi/Lab5/dvlsi2021_lab5/dvlsi2021_ask5_prj/dvlsi2021_ask5_prj.srcs/sources_1/bd/design_1/ip/design_1_PS2PL_DMA_0/design_1_PS2PL_DMA_0_clocks.xdc] for cell 'PROCESSING_SYSTEM_INSTANCE/design_1_i/PS2PL_DMA/U0'
Sourcing Tcl File [C:/Xilinx/Vivado/2018.2/data/ip/xpm/xpm_cdc/tcl/xpm_cdc_gray.tcl] for cell 'PROCESSING_SYSTEM_INSTANCE/design_1_i/PL2PS_DMA/U0/I_PRMRY_DATAMOVER/GEN_S2MM_FULL.I_S2MM_FULL_WRAPPER/I_CMD_STATUS/GEN_INCLUDE_STATUS_FIFO.I_STS_FIFO/USE_ASYNC_FIFO.I_ASYNC_FIFO/I_ASYNC_FIFOGEN_FIFO/xpm_fifo_instance.xpm_fifo_async_inst/gnuram_async_fifo.xpm_fifo_base_inst/gen_cdc_pntr.rd_pntr_cdc_inst'
Finished Sourcing Tcl File [C:/Xilinx/Vivado/2018.2/data/ip/xpm/xpm_cdc/tcl/xpm_cdc_gray.tcl] for cell 'PROCESSING_SYSTEM_INSTANCE/design_1_i/PL2PS_DMA/U0/I_PRMRY_DATAMOVER/GEN_S2MM_FULL.I_S2MM_FULL_WRAPPER/I_CMD_STATUS/GEN_INCLUDE_STATUS_FIFO.I_STS_FIFO/USE_ASYNC_FIFO.I_ASYNC_FIFO/I_ASYNC_FIFOGEN_FIFO/xpm_fifo_instance.xpm_fifo_async_inst/gnuram_async_fifo.xpm_fifo_base_inst/gen_cdc_pntr.rd_pntr_cdc_inst'
Sourcing Tcl File [C:/Xilinx/Vivado/2018.2/data/ip/xpm/xpm_cdc/tcl/xpm_cdc_gray.tcl] for cell 'PROCESSING_SYSTEM_INSTANCE/design_1_i/PL2PS_DMA/U0/I_PRMRY_DATAMOVER/GEN_S2MM_FULL.I_S2MM_FULL_WRAPPER/I_CMD_STATUS/I_CMD_FIFO/USE_ASYNC_FIFO.I_ASYNC_FIFO/I_ASYNC_FIFOGEN_FIFO/xpm_fifo_instance.xpm_fifo_async_inst/gnuram_async_fifo.xpm_fifo_base_inst/gen_cdc_pntr.wr_pntr_cdc_inst'
Finished Sourcing Tcl File [C:/Xilinx/Vivado/2018.2/data/ip/xpm/xpm_cdc/tcl/xpm_cdc_gray.tcl] for cell 'PROCESSING_SYSTEM_INSTANCE/design_1_i/PL2PS_DMA/U0/I_PRMRY_DATAMOVER/GEN_S2MM_FULL.I_S2MM_FULL_WRAPPER/I_CMD_STATUS/I_CMD_FIFO/USE_ASYNC_FIFO.I_ASYNC_FIFO/I_ASYNC_FIFOGEN_FIFO/xpm_fifo_instance.xpm_fifo_async_inst/gnuram_async_fifo.xpm_fifo_base_inst/gen_cdc_pntr.wr_pntr_cdc_inst'
Sourcing Tcl File [C:/Xilinx/Vivado/2018.2/data/ip/xpm/xpm_cdc/tcl/xpm_cdc_gray.tcl] for cell 'PROCESSING_SYSTEM_INSTANCE/design_1_i/PL2PS_DMA/U0/I_PRMRY_DATAMOVER/GEN_S2MM_FULL.I_S2MM_FULL_WRAPPER/I_CMD_STATUS/I_CMD_FIFO/USE_ASYNC_FIFO.I_ASYNC_FIFO/I_ASYNC_FIFOGEN_FIFO/xpm_fifo_instance.xpm_fifo_async_inst/gnuram_async_fifo.xpm_fifo_base_inst/gen_cdc_pntr.rd_pntr_cdc_inst'
Finished Sourcing Tcl File [C:/Xilinx/Vivado/2018.2/data/ip/xpm/xpm_cdc/tcl/xpm_cdc_gray.tcl] for cell 'PROCESSING_SYSTEM_INSTANCE/design_1_i/PL2PS_DMA/U0/I_PRMRY_DATAMOVER/GEN_S2MM_FULL.I_S2MM_FULL_WRAPPER/I_CMD_STATUS/I_CMD_FIFO/USE_ASYNC_FIFO.I_ASYNC_FIFO/I_ASYNC_FIFOGEN_FIFO/xpm_fifo_instance.xpm_fifo_async_inst/gnuram_async_fifo.xpm_fifo_base_inst/gen_cdc_pntr.rd_pntr_cdc_inst'
Sourcing Tcl File [C:/Xilinx/Vivado/2018.2/data/ip/xpm/xpm_cdc/tcl/xpm_cdc_gray.tcl] for cell 'PROCESSING_SYSTEM_INSTANCE/design_1_i/PL2PS_DMA/U0/I_PRMRY_DATAMOVER/GEN_S2MM_FULL.I_S2MM_FULL_WRAPPER/I_CMD_STATUS/GEN_INCLUDE_STATUS_FIFO.I_STS_FIFO/USE_ASYNC_FIFO.I_ASYNC_FIFO/I_ASYNC_FIFOGEN_FIFO/xpm_fifo_instance.xpm_fifo_async_inst/gnuram_async_fifo.xpm_fifo_base_inst/gen_cdc_pntr.wr_pntr_cdc_inst'
Finished Sourcing Tcl File [C:/Xilinx/Vivado/2018.2/data/ip/xpm/xpm_cdc/tcl/xpm_cdc_gray.tcl] for cell 'PROCESSING_SYSTEM_INSTANCE/design_1_i/PL2PS_DMA/U0/I_PRMRY_DATAMOVER/GEN_S2MM_FULL.I_S2MM_FULL_WRAPPER/I_CMD_STATUS/GEN_INCLUDE_STATUS_FIFO.I_STS_FIFO/USE_ASYNC_FIFO.I_ASYNC_FIFO/I_ASYNC_FIFOGEN_FIFO/xpm_fifo_instance.xpm_fifo_async_inst/gnuram_async_fifo.xpm_fifo_base_inst/gen_cdc_pntr.wr_pntr_cdc_inst'
Sourcing Tcl File [C:/Xilinx/Vivado/2018.2/data/ip/xpm/xpm_cdc/tcl/xpm_cdc_gray.tcl] for cell 'PROCESSING_SYSTEM_INSTANCE/design_1_i/PL2PS_DMA/U0/I_PRMRY_DATAMOVER/GEN_S2MM_FULL.I_S2MM_FULL_WRAPPER/I_CMD_STATUS/GEN_INCLUDE_STATUS_FIFO.I_STS_FIFO/USE_ASYNC_FIFO.I_ASYNC_FIFO/I_ASYNC_FIFOGEN_FIFO/xpm_fifo_instance.xpm_fifo_async_inst/gnuram_async_fifo.xpm_fifo_base_inst/gen_cdc_pntr.wr_pntr_cdc_dc_inst'
Finished Sourcing Tcl File [C:/Xilinx/Vivado/2018.2/data/ip/xpm/xpm_cdc/tcl/xpm_cdc_gray.tcl] for cell 'PROCESSING_SYSTEM_INSTANCE/design_1_i/PL2PS_DMA/U0/I_PRMRY_DATAMOVER/GEN_S2MM_FULL.I_S2MM_FULL_WRAPPER/I_CMD_STATUS/GEN_INCLUDE_STATUS_FIFO.I_STS_FIFO/USE_ASYNC_FIFO.I_ASYNC_FIFO/I_ASYNC_FIFOGEN_FIFO/xpm_fifo_instance.xpm_fifo_async_inst/gnuram_async_fifo.xpm_fifo_base_inst/gen_cdc_pntr.wr_pntr_cdc_dc_inst'
Sourcing Tcl File [C:/Xilinx/Vivado/2018.2/data/ip/xpm/xpm_cdc/tcl/xpm_cdc_gray.tcl] for cell 'PROCESSING_SYSTEM_INSTANCE/design_1_i/PL2PS_DMA/U0/I_PRMRY_DATAMOVER/GEN_S2MM_FULL.I_S2MM_FULL_WRAPPER/I_CMD_STATUS/I_CMD_FIFO/USE_ASYNC_FIFO.I_ASYNC_FIFO/I_ASYNC_FIFOGEN_FIFO/xpm_fifo_instance.xpm_fifo_async_inst/gnuram_async_fifo.xpm_fifo_base_inst/gen_cdc_pntr.wr_pntr_cdc_dc_inst'
Finished Sourcing Tcl File [C:/Xilinx/Vivado/2018.2/data/ip/xpm/xpm_cdc/tcl/xpm_cdc_gray.tcl] for cell 'PROCESSING_SYSTEM_INSTANCE/design_1_i/PL2PS_DMA/U0/I_PRMRY_DATAMOVER/GEN_S2MM_FULL.I_S2MM_FULL_WRAPPER/I_CMD_STATUS/I_CMD_FIFO/USE_ASYNC_FIFO.I_ASYNC_FIFO/I_ASYNC_FIFOGEN_FIFO/xpm_fifo_instance.xpm_fifo_async_inst/gnuram_async_fifo.xpm_fifo_base_inst/gen_cdc_pntr.wr_pntr_cdc_dc_inst'
Sourcing Tcl File [C:/Xilinx/Vivado/2018.2/data/ip/xpm/xpm_cdc/tcl/xpm_cdc_gray.tcl] for cell 'PROCESSING_SYSTEM_INSTANCE/design_1_i/PL2PS_DMA/U0/I_PRMRY_DATAMOVER/GEN_S2MM_FULL.I_S2MM_FULL_WRAPPER/I_CMD_STATUS/GEN_INCLUDE_STATUS_FIFO.I_STS_FIFO/USE_ASYNC_FIFO.I_ASYNC_FIFO/I_ASYNC_FIFOGEN_FIFO/xpm_fifo_instance.xpm_fifo_async_inst/gnuram_async_fifo.xpm_fifo_base_inst/gen_cdc_pntr.rd_pntr_cdc_dc_inst'
Finished Sourcing Tcl File [C:/Xilinx/Vivado/2018.2/data/ip/xpm/xpm_cdc/tcl/xpm_cdc_gray.tcl] for cell 'PROCESSING_SYSTEM_INSTANCE/design_1_i/PL2PS_DMA/U0/I_PRMRY_DATAMOVER/GEN_S2MM_FULL.I_S2MM_FULL_WRAPPER/I_CMD_STATUS/GEN_INCLUDE_STATUS_FIFO.I_STS_FIFO/USE_ASYNC_FIFO.I_ASYNC_FIFO/I_ASYNC_FIFOGEN_FIFO/xpm_fifo_instance.xpm_fifo_async_inst/gnuram_async_fifo.xpm_fifo_base_inst/gen_cdc_pntr.rd_pntr_cdc_dc_inst'
Sourcing Tcl File [C:/Xilinx/Vivado/2018.2/data/ip/xpm/xpm_cdc/tcl/xpm_cdc_gray.tcl] for cell 'PROCESSING_SYSTEM_INSTANCE/design_1_i/PL2PS_DMA/U0/I_PRMRY_DATAMOVER/GEN_S2MM_FULL.I_S2MM_FULL_WRAPPER/I_CMD_STATUS/I_CMD_FIFO/USE_ASYNC_FIFO.I_ASYNC_FIFO/I_ASYNC_FIFOGEN_FIFO/xpm_fifo_instance.xpm_fifo_async_inst/gnuram_async_fifo.xpm_fifo_base_inst/gen_cdc_pntr.rd_pntr_cdc_dc_inst'
Finished Sourcing Tcl File [C:/Xilinx/Vivado/2018.2/data/ip/xpm/xpm_cdc/tcl/xpm_cdc_gray.tcl] for cell 'PROCESSING_SYSTEM_INSTANCE/design_1_i/PL2PS_DMA/U0/I_PRMRY_DATAMOVER/GEN_S2MM_FULL.I_S2MM_FULL_WRAPPER/I_CMD_STATUS/I_CMD_FIFO/USE_ASYNC_FIFO.I_ASYNC_FIFO/I_ASYNC_FIFOGEN_FIFO/xpm_fifo_instance.xpm_fifo_async_inst/gnuram_async_fifo.xpm_fifo_base_inst/gen_cdc_pntr.rd_pntr_cdc_dc_inst'
Sourcing Tcl File [C:/Xilinx/Vivado/2018.2/data/ip/xpm/xpm_cdc/tcl/xpm_cdc_gray.tcl] for cell 'PROCESSING_SYSTEM_INSTANCE/design_1_i/PS2PL_DMA/U0/I_PRMRY_DATAMOVER/GEN_MM2S_FULL.I_MM2S_FULL_WRAPPER/I_CMD_STATUS/GEN_INCLUDE_STATUS_FIFO.I_STS_FIFO/USE_ASYNC_FIFO.I_ASYNC_FIFO/I_ASYNC_FIFOGEN_FIFO/xpm_fifo_instance.xpm_fifo_async_inst/gnuram_async_fifo.xpm_fifo_base_inst/gen_cdc_pntr.rd_pntr_cdc_inst'
Finished Sourcing Tcl File [C:/Xilinx/Vivado/2018.2/data/ip/xpm/xpm_cdc/tcl/xpm_cdc_gray.tcl] for cell 'PROCESSING_SYSTEM_INSTANCE/design_1_i/PS2PL_DMA/U0/I_PRMRY_DATAMOVER/GEN_MM2S_FULL.I_MM2S_FULL_WRAPPER/I_CMD_STATUS/GEN_INCLUDE_STATUS_FIFO.I_STS_FIFO/USE_ASYNC_FIFO.I_ASYNC_FIFO/I_ASYNC_FIFOGEN_FIFO/xpm_fifo_instance.xpm_fifo_async_inst/gnuram_async_fifo.xpm_fifo_base_inst/gen_cdc_pntr.rd_pntr_cdc_inst'
Sourcing Tcl File [C:/Xilinx/Vivado/2018.2/data/ip/xpm/xpm_cdc/tcl/xpm_cdc_gray.tcl] for cell 'PROCESSING_SYSTEM_INSTANCE/design_1_i/PS2PL_DMA/U0/I_PRMRY_DATAMOVER/GEN_MM2S_FULL.I_MM2S_FULL_WRAPPER/I_CMD_STATUS/I_CMD_FIFO/USE_ASYNC_FIFO.I_ASYNC_FIFO/I_ASYNC_FIFOGEN_FIFO/xpm_fifo_instance.xpm_fifo_async_inst/gnuram_async_fifo.xpm_fifo_base_inst/gen_cdc_pntr.wr_pntr_cdc_inst'
Finished Sourcing Tcl File [C:/Xilinx/Vivado/2018.2/data/ip/xpm/xpm_cdc/tcl/xpm_cdc_gray.tcl] for cell 'PROCESSING_SYSTEM_INSTANCE/design_1_i/PS2PL_DMA/U0/I_PRMRY_DATAMOVER/GEN_MM2S_FULL.I_MM2S_FULL_WRAPPER/I_CMD_STATUS/I_CMD_FIFO/USE_ASYNC_FIFO.I_ASYNC_FIFO/I_ASYNC_FIFOGEN_FIFO/xpm_fifo_instance.xpm_fifo_async_inst/gnuram_async_fifo.xpm_fifo_base_inst/gen_cdc_pntr.wr_pntr_cdc_inst'
Sourcing Tcl File [C:/Xilinx/Vivado/2018.2/data/ip/xpm/xpm_cdc/tcl/xpm_cdc_gray.tcl] for cell 'PROCESSING_SYSTEM_INSTANCE/design_1_i/PS2PL_DMA/U0/I_PRMRY_DATAMOVER/GEN_MM2S_FULL.I_MM2S_FULL_WRAPPER/I_CMD_STATUS/I_CMD_FIFO/USE_ASYNC_FIFO.I_ASYNC_FIFO/I_ASYNC_FIFOGEN_FIFO/xpm_fifo_instance.xpm_fifo_async_inst/gnuram_async_fifo.xpm_fifo_base_inst/gen_cdc_pntr.rd_pntr_cdc_inst'
Finished Sourcing Tcl File [C:/Xilinx/Vivado/2018.2/data/ip/xpm/xpm_cdc/tcl/xpm_cdc_gray.tcl] for cell 'PROCESSING_SYSTEM_INSTANCE/design_1_i/PS2PL_DMA/U0/I_PRMRY_DATAMOVER/GEN_MM2S_FULL.I_MM2S_FULL_WRAPPER/I_CMD_STATUS/I_CMD_FIFO/USE_ASYNC_FIFO.I_ASYNC_FIFO/I_ASYNC_FIFOGEN_FIFO/xpm_fifo_instance.xpm_fifo_async_inst/gnuram_async_fifo.xpm_fifo_base_inst/gen_cdc_pntr.rd_pntr_cdc_inst'
Sourcing Tcl File [C:/Xilinx/Vivado/2018.2/data/ip/xpm/xpm_cdc/tcl/xpm_cdc_gray.tcl] for cell 'PROCESSING_SYSTEM_INSTANCE/design_1_i/PS2PL_DMA/U0/I_PRMRY_DATAMOVER/GEN_MM2S_FULL.I_MM2S_FULL_WRAPPER/I_CMD_STATUS/GEN_INCLUDE_STATUS_FIFO.I_STS_FIFO/USE_ASYNC_FIFO.I_ASYNC_FIFO/I_ASYNC_FIFOGEN_FIFO/xpm_fifo_instance.xpm_fifo_async_inst/gnuram_async_fifo.xpm_fifo_base_inst/gen_cdc_pntr.wr_pntr_cdc_inst'
Finished Sourcing Tcl File [C:/Xilinx/Vivado/2018.2/data/ip/xpm/xpm_cdc/tcl/xpm_cdc_gray.tcl] for cell 'PROCESSING_SYSTEM_INSTANCE/design_1_i/PS2PL_DMA/U0/I_PRMRY_DATAMOVER/GEN_MM2S_FULL.I_MM2S_FULL_WRAPPER/I_CMD_STATUS/GEN_INCLUDE_STATUS_FIFO.I_STS_FIFO/USE_ASYNC_FIFO.I_ASYNC_FIFO/I_ASYNC_FIFOGEN_FIFO/xpm_fifo_instance.xpm_fifo_async_inst/gnuram_async_fifo.xpm_fifo_base_inst/gen_cdc_pntr.wr_pntr_cdc_inst'
Sourcing Tcl File [C:/Xilinx/Vivado/2018.2/data/ip/xpm/xpm_cdc/tcl/xpm_cdc_gray.tcl] for cell 'PROCESSING_SYSTEM_INSTANCE/design_1_i/PS2PL_DMA/U0/I_PRMRY_DATAMOVER/GEN_MM2S_FULL.I_MM2S_FULL_WRAPPER/I_CMD_STATUS/GEN_INCLUDE_STATUS_FIFO.I_STS_FIFO/USE_ASYNC_FIFO.I_ASYNC_FIFO/I_ASYNC_FIFOGEN_FIFO/xpm_fifo_instance.xpm_fifo_async_inst/gnuram_async_fifo.xpm_fifo_base_inst/gen_cdc_pntr.wr_pntr_cdc_dc_inst'
Finished Sourcing Tcl File [C:/Xilinx/Vivado/2018.2/data/ip/xpm/xpm_cdc/tcl/xpm_cdc_gray.tcl] for cell 'PROCESSING_SYSTEM_INSTANCE/design_1_i/PS2PL_DMA/U0/I_PRMRY_DATAMOVER/GEN_MM2S_FULL.I_MM2S_FULL_WRAPPER/I_CMD_STATUS/GEN_INCLUDE_STATUS_FIFO.I_STS_FIFO/USE_ASYNC_FIFO.I_ASYNC_FIFO/I_ASYNC_FIFOGEN_FIFO/xpm_fifo_instance.xpm_fifo_async_inst/gnuram_async_fifo.xpm_fifo_base_inst/gen_cdc_pntr.wr_pntr_cdc_dc_inst'
Sourcing Tcl File [C:/Xilinx/Vivado/2018.2/data/ip/xpm/xpm_cdc/tcl/xpm_cdc_gray.tcl] for cell 'PROCESSING_SYSTEM_INSTANCE/design_1_i/PS2PL_DMA/U0/I_PRMRY_DATAMOVER/GEN_MM2S_FULL.I_MM2S_FULL_WRAPPER/I_CMD_STATUS/I_CMD_FIFO/USE_ASYNC_FIFO.I_ASYNC_FIFO/I_ASYNC_FIFOGEN_FIFO/xpm_fifo_instance.xpm_fifo_async_inst/gnuram_async_fifo.xpm_fifo_base_inst/gen_cdc_pntr.wr_pntr_cdc_dc_inst'
Finished Sourcing Tcl File [C:/Xilinx/Vivado/2018.2/data/ip/xpm/xpm_cdc/tcl/xpm_cdc_gray.tcl] for cell 'PROCESSING_SYSTEM_INSTANCE/design_1_i/PS2PL_DMA/U0/I_PRMRY_DATAMOVER/GEN_MM2S_FULL.I_MM2S_FULL_WRAPPER/I_CMD_STATUS/I_CMD_FIFO/USE_ASYNC_FIFO.I_ASYNC_FIFO/I_ASYNC_FIFOGEN_FIFO/xpm_fifo_instance.xpm_fifo_async_inst/gnuram_async_fifo.xpm_fifo_base_inst/gen_cdc_pntr.wr_pntr_cdc_dc_inst'
Sourcing Tcl File [C:/Xilinx/Vivado/2018.2/data/ip/xpm/xpm_cdc/tcl/xpm_cdc_gray.tcl] for cell 'PROCESSING_SYSTEM_INSTANCE/design_1_i/PS2PL_DMA/U0/I_PRMRY_DATAMOVER/GEN_MM2S_FULL.I_MM2S_FULL_WRAPPER/I_CMD_STATUS/GEN_INCLUDE_STATUS_FIFO.I_STS_FIFO/USE_ASYNC_FIFO.I_ASYNC_FIFO/I_ASYNC_FIFOGEN_FIFO/xpm_fifo_instance.xpm_fifo_async_inst/gnuram_async_fifo.xpm_fifo_base_inst/gen_cdc_pntr.rd_pntr_cdc_dc_inst'
Finished Sourcing Tcl File [C:/Xilinx/Vivado/2018.2/data/ip/xpm/xpm_cdc/tcl/xpm_cdc_gray.tcl] for cell 'PROCESSING_SYSTEM_INSTANCE/design_1_i/PS2PL_DMA/U0/I_PRMRY_DATAMOVER/GEN_MM2S_FULL.I_MM2S_FULL_WRAPPER/I_CMD_STATUS/GEN_INCLUDE_STATUS_FIFO.I_STS_FIFO/USE_ASYNC_FIFO.I_ASYNC_FIFO/I_ASYNC_FIFOGEN_FIFO/xpm_fifo_instance.xpm_fifo_async_inst/gnuram_async_fifo.xpm_fifo_base_inst/gen_cdc_pntr.rd_pntr_cdc_dc_inst'
Sourcing Tcl File [C:/Xilinx/Vivado/2018.2/data/ip/xpm/xpm_cdc/tcl/xpm_cdc_gray.tcl] for cell 'PROCESSING_SYSTEM_INSTANCE/design_1_i/PS2PL_DMA/U0/I_PRMRY_DATAMOVER/GEN_MM2S_FULL.I_MM2S_FULL_WRAPPER/I_CMD_STATUS/I_CMD_FIFO/USE_ASYNC_FIFO.I_ASYNC_FIFO/I_ASYNC_FIFOGEN_FIFO/xpm_fifo_instance.xpm_fifo_async_inst/gnuram_async_fifo.xpm_fifo_base_inst/gen_cdc_pntr.rd_pntr_cdc_dc_inst'
Finished Sourcing Tcl File [C:/Xilinx/Vivado/2018.2/data/ip/xpm/xpm_cdc/tcl/xpm_cdc_gray.tcl] for cell 'PROCESSING_SYSTEM_INSTANCE/design_1_i/PS2PL_DMA/U0/I_PRMRY_DATAMOVER/GEN_MM2S_FULL.I_MM2S_FULL_WRAPPER/I_CMD_STATUS/I_CMD_FIFO/USE_ASYNC_FIFO.I_ASYNC_FIFO/I_ASYNC_FIFOGEN_FIFO/xpm_fifo_instance.xpm_fifo_async_inst/gnuram_async_fifo.xpm_fifo_base_inst/gen_cdc_pntr.rd_pntr_cdc_dc_inst'
Sourcing Tcl File [C:/Xilinx/Vivado/2018.2/data/ip/xpm/xpm_cdc/tcl/xpm_cdc_sync_rst.tcl] for cell 'PROCESSING_SYSTEM_INSTANCE/design_1_i/PL2PS_DMA/U0/I_PRMRY_DATAMOVER/GEN_S2MM_FULL.I_S2MM_FULL_WRAPPER/I_CMD_STATUS/GEN_INCLUDE_STATUS_FIFO.I_STS_FIFO/USE_ASYNC_FIFO.I_ASYNC_FIFO/I_ASYNC_FIFOGEN_FIFO/xpm_fifo_instance.xpm_fifo_async_inst/gnuram_async_fifo.xpm_fifo_base_inst/xpm_fifo_rst_inst/gen_rst_ic.rrst_wr_inst'
Finished Sourcing Tcl File [C:/Xilinx/Vivado/2018.2/data/ip/xpm/xpm_cdc/tcl/xpm_cdc_sync_rst.tcl] for cell 'PROCESSING_SYSTEM_INSTANCE/design_1_i/PL2PS_DMA/U0/I_PRMRY_DATAMOVER/GEN_S2MM_FULL.I_S2MM_FULL_WRAPPER/I_CMD_STATUS/GEN_INCLUDE_STATUS_FIFO.I_STS_FIFO/USE_ASYNC_FIFO.I_ASYNC_FIFO/I_ASYNC_FIFOGEN_FIFO/xpm_fifo_instance.xpm_fifo_async_inst/gnuram_async_fifo.xpm_fifo_base_inst/xpm_fifo_rst_inst/gen_rst_ic.rrst_wr_inst'
Sourcing Tcl File [C:/Xilinx/Vivado/2018.2/data/ip/xpm/xpm_cdc/tcl/xpm_cdc_sync_rst.tcl] for cell 'PROCESSING_SYSTEM_INSTANCE/design_1_i/PL2PS_DMA/U0/I_PRMRY_DATAMOVER/GEN_S2MM_FULL.I_S2MM_FULL_WRAPPER/I_CMD_STATUS/I_CMD_FIFO/USE_ASYNC_FIFO.I_ASYNC_FIFO/I_ASYNC_FIFOGEN_FIFO/xpm_fifo_instance.xpm_fifo_async_inst/gnuram_async_fifo.xpm_fifo_base_inst/xpm_fifo_rst_inst/gen_rst_ic.wrst_rd_inst'
Finished Sourcing Tcl File [C:/Xilinx/Vivado/2018.2/data/ip/xpm/xpm_cdc/tcl/xpm_cdc_sync_rst.tcl] for cell 'PROCESSING_SYSTEM_INSTANCE/design_1_i/PL2PS_DMA/U0/I_PRMRY_DATAMOVER/GEN_S2MM_FULL.I_S2MM_FULL_WRAPPER/I_CMD_STATUS/I_CMD_FIFO/USE_ASYNC_FIFO.I_ASYNC_FIFO/I_ASYNC_FIFOGEN_FIFO/xpm_fifo_instance.xpm_fifo_async_inst/gnuram_async_fifo.xpm_fifo_base_inst/xpm_fifo_rst_inst/gen_rst_ic.wrst_rd_inst'
Sourcing Tcl File [C:/Xilinx/Vivado/2018.2/data/ip/xpm/xpm_cdc/tcl/xpm_cdc_sync_rst.tcl] for cell 'PROCESSING_SYSTEM_INSTANCE/design_1_i/PL2PS_DMA/U0/I_PRMRY_DATAMOVER/GEN_S2MM_FULL.I_S2MM_FULL_WRAPPER/I_CMD_STATUS/I_CMD_FIFO/USE_ASYNC_FIFO.I_ASYNC_FIFO/I_ASYNC_FIFOGEN_FIFO/xpm_fifo_instance.xpm_fifo_async_inst/gnuram_async_fifo.xpm_fifo_base_inst/xpm_fifo_rst_inst/gen_rst_ic.rrst_wr_inst'
Finished Sourcing Tcl File [C:/Xilinx/Vivado/2018.2/data/ip/xpm/xpm_cdc/tcl/xpm_cdc_sync_rst.tcl] for cell 'PROCESSING_SYSTEM_INSTANCE/design_1_i/PL2PS_DMA/U0/I_PRMRY_DATAMOVER/GEN_S2MM_FULL.I_S2MM_FULL_WRAPPER/I_CMD_STATUS/I_CMD_FIFO/USE_ASYNC_FIFO.I_ASYNC_FIFO/I_ASYNC_FIFOGEN_FIFO/xpm_fifo_instance.xpm_fifo_async_inst/gnuram_async_fifo.xpm_fifo_base_inst/xpm_fifo_rst_inst/gen_rst_ic.rrst_wr_inst'
Sourcing Tcl File [C:/Xilinx/Vivado/2018.2/data/ip/xpm/xpm_cdc/tcl/xpm_cdc_sync_rst.tcl] for cell 'PROCESSING_SYSTEM_INSTANCE/design_1_i/PL2PS_DMA/U0/I_PRMRY_DATAMOVER/GEN_S2MM_FULL.I_S2MM_FULL_WRAPPER/I_CMD_STATUS/GEN_INCLUDE_STATUS_FIFO.I_STS_FIFO/USE_ASYNC_FIFO.I_ASYNC_FIFO/I_ASYNC_FIFOGEN_FIFO/xpm_fifo_instance.xpm_fifo_async_inst/gnuram_async_fifo.xpm_fifo_base_inst/xpm_fifo_rst_inst/gen_rst_ic.wrst_rd_inst'
Finished Sourcing Tcl File [C:/Xilinx/Vivado/2018.2/data/ip/xpm/xpm_cdc/tcl/xpm_cdc_sync_rst.tcl] for cell 'PROCESSING_SYSTEM_INSTANCE/design_1_i/PL2PS_DMA/U0/I_PRMRY_DATAMOVER/GEN_S2MM_FULL.I_S2MM_FULL_WRAPPER/I_CMD_STATUS/GEN_INCLUDE_STATUS_FIFO.I_STS_FIFO/USE_ASYNC_FIFO.I_ASYNC_FIFO/I_ASYNC_FIFOGEN_FIFO/xpm_fifo_instance.xpm_fifo_async_inst/gnuram_async_fifo.xpm_fifo_base_inst/xpm_fifo_rst_inst/gen_rst_ic.wrst_rd_inst'
Sourcing Tcl File [C:/Xilinx/Vivado/2018.2/data/ip/xpm/xpm_cdc/tcl/xpm_cdc_sync_rst.tcl] for cell 'PROCESSING_SYSTEM_INSTANCE/design_1_i/PS2PL_DMA/U0/I_PRMRY_DATAMOVER/GEN_MM2S_FULL.I_MM2S_FULL_WRAPPER/I_CMD_STATUS/GEN_INCLUDE_STATUS_FIFO.I_STS_FIFO/USE_ASYNC_FIFO.I_ASYNC_FIFO/I_ASYNC_FIFOGEN_FIFO/xpm_fifo_instance.xpm_fifo_async_inst/gnuram_async_fifo.xpm_fifo_base_inst/xpm_fifo_rst_inst/gen_rst_ic.rrst_wr_inst'
Finished Sourcing Tcl File [C:/Xilinx/Vivado/2018.2/data/ip/xpm/xpm_cdc/tcl/xpm_cdc_sync_rst.tcl] for cell 'PROCESSING_SYSTEM_INSTANCE/design_1_i/PS2PL_DMA/U0/I_PRMRY_DATAMOVER/GEN_MM2S_FULL.I_MM2S_FULL_WRAPPER/I_CMD_STATUS/GEN_INCLUDE_STATUS_FIFO.I_STS_FIFO/USE_ASYNC_FIFO.I_ASYNC_FIFO/I_ASYNC_FIFOGEN_FIFO/xpm_fifo_instance.xpm_fifo_async_inst/gnuram_async_fifo.xpm_fifo_base_inst/xpm_fifo_rst_inst/gen_rst_ic.rrst_wr_inst'
Sourcing Tcl File [C:/Xilinx/Vivado/2018.2/data/ip/xpm/xpm_cdc/tcl/xpm_cdc_sync_rst.tcl] for cell 'PROCESSING_SYSTEM_INSTANCE/design_1_i/PS2PL_DMA/U0/I_PRMRY_DATAMOVER/GEN_MM2S_FULL.I_MM2S_FULL_WRAPPER/I_CMD_STATUS/I_CMD_FIFO/USE_ASYNC_FIFO.I_ASYNC_FIFO/I_ASYNC_FIFOGEN_FIFO/xpm_fifo_instance.xpm_fifo_async_inst/gnuram_async_fifo.xpm_fifo_base_inst/xpm_fifo_rst_inst/gen_rst_ic.wrst_rd_inst'
Finished Sourcing Tcl File [C:/Xilinx/Vivado/2018.2/data/ip/xpm/xpm_cdc/tcl/xpm_cdc_sync_rst.tcl] for cell 'PROCESSING_SYSTEM_INSTANCE/design_1_i/PS2PL_DMA/U0/I_PRMRY_DATAMOVER/GEN_MM2S_FULL.I_MM2S_FULL_WRAPPER/I_CMD_STATUS/I_CMD_FIFO/USE_ASYNC_FIFO.I_ASYNC_FIFO/I_ASYNC_FIFOGEN_FIFO/xpm_fifo_instance.xpm_fifo_async_inst/gnuram_async_fifo.xpm_fifo_base_inst/xpm_fifo_rst_inst/gen_rst_ic.wrst_rd_inst'
Sourcing Tcl File [C:/Xilinx/Vivado/2018.2/data/ip/xpm/xpm_cdc/tcl/xpm_cdc_sync_rst.tcl] for cell 'PROCESSING_SYSTEM_INSTANCE/design_1_i/PS2PL_DMA/U0/I_PRMRY_DATAMOVER/GEN_MM2S_FULL.I_MM2S_FULL_WRAPPER/I_CMD_STATUS/I_CMD_FIFO/USE_ASYNC_FIFO.I_ASYNC_FIFO/I_ASYNC_FIFOGEN_FIFO/xpm_fifo_instance.xpm_fifo_async_inst/gnuram_async_fifo.xpm_fifo_base_inst/xpm_fifo_rst_inst/gen_rst_ic.rrst_wr_inst'
Finished Sourcing Tcl File [C:/Xilinx/Vivado/2018.2/data/ip/xpm/xpm_cdc/tcl/xpm_cdc_sync_rst.tcl] for cell 'PROCESSING_SYSTEM_INSTANCE/design_1_i/PS2PL_DMA/U0/I_PRMRY_DATAMOVER/GEN_MM2S_FULL.I_MM2S_FULL_WRAPPER/I_CMD_STATUS/I_CMD_FIFO/USE_ASYNC_FIFO.I_ASYNC_FIFO/I_ASYNC_FIFOGEN_FIFO/xpm_fifo_instance.xpm_fifo_async_inst/gnuram_async_fifo.xpm_fifo_base_inst/xpm_fifo_rst_inst/gen_rst_ic.rrst_wr_inst'
Sourcing Tcl File [C:/Xilinx/Vivado/2018.2/data/ip/xpm/xpm_cdc/tcl/xpm_cdc_sync_rst.tcl] for cell 'PROCESSING_SYSTEM_INSTANCE/design_1_i/PS2PL_DMA/U0/I_PRMRY_DATAMOVER/GEN_MM2S_FULL.I_MM2S_FULL_WRAPPER/I_CMD_STATUS/GEN_INCLUDE_STATUS_FIFO.I_STS_FIFO/USE_ASYNC_FIFO.I_ASYNC_FIFO/I_ASYNC_FIFOGEN_FIFO/xpm_fifo_instance.xpm_fifo_async_inst/gnuram_async_fifo.xpm_fifo_base_inst/xpm_fifo_rst_inst/gen_rst_ic.wrst_rd_inst'
Finished Sourcing Tcl File [C:/Xilinx/Vivado/2018.2/data/ip/xpm/xpm_cdc/tcl/xpm_cdc_sync_rst.tcl] for cell 'PROCESSING_SYSTEM_INSTANCE/design_1_i/PS2PL_DMA/U0/I_PRMRY_DATAMOVER/GEN_MM2S_FULL.I_MM2S_FULL_WRAPPER/I_CMD_STATUS/GEN_INCLUDE_STATUS_FIFO.I_STS_FIFO/USE_ASYNC_FIFO.I_ASYNC_FIFO/I_ASYNC_FIFOGEN_FIFO/xpm_fifo_instance.xpm_fifo_async_inst/gnuram_async_fifo.xpm_fifo_base_inst/xpm_fifo_rst_inst/gen_rst_ic.wrst_rd_inst'
Sourcing Tcl File [C:/Xilinx/Vivado/2018.2/data/ip/xpm/xpm_fifo/tcl/xpm_fifo_rst.tcl] for cell 'PROCESSING_SYSTEM_INSTANCE/design_1_i/PL2PS_DMA/U0/I_PRMRY_DATAMOVER/GEN_S2MM_FULL.I_S2MM_FULL_WRAPPER/I_CMD_STATUS/I_CMD_FIFO/USE_ASYNC_FIFO.I_ASYNC_FIFO/I_ASYNC_FIFOGEN_FIFO/xpm_fifo_instance.xpm_fifo_async_inst/gnuram_async_fifo.xpm_fifo_base_inst'
Finished Sourcing Tcl File [C:/Xilinx/Vivado/2018.2/data/ip/xpm/xpm_fifo/tcl/xpm_fifo_rst.tcl] for cell 'PROCESSING_SYSTEM_INSTANCE/design_1_i/PL2PS_DMA/U0/I_PRMRY_DATAMOVER/GEN_S2MM_FULL.I_S2MM_FULL_WRAPPER/I_CMD_STATUS/I_CMD_FIFO/USE_ASYNC_FIFO.I_ASYNC_FIFO/I_ASYNC_FIFOGEN_FIFO/xpm_fifo_instance.xpm_fifo_async_inst/gnuram_async_fifo.xpm_fifo_base_inst'
Sourcing Tcl File [C:/Xilinx/Vivado/2018.2/data/ip/xpm/xpm_fifo/tcl/xpm_fifo_rst.tcl] for cell 'PROCESSING_SYSTEM_INSTANCE/design_1_i/PL2PS_DMA/U0/I_PRMRY_DATAMOVER/GEN_S2MM_FULL.I_S2MM_FULL_WRAPPER/I_CMD_STATUS/GEN_INCLUDE_STATUS_FIFO.I_STS_FIFO/USE_ASYNC_FIFO.I_ASYNC_FIFO/I_ASYNC_FIFOGEN_FIFO/xpm_fifo_instance.xpm_fifo_async_inst/gnuram_async_fifo.xpm_fifo_base_inst'
Finished Sourcing Tcl File [C:/Xilinx/Vivado/2018.2/data/ip/xpm/xpm_fifo/tcl/xpm_fifo_rst.tcl] for cell 'PROCESSING_SYSTEM_INSTANCE/design_1_i/PL2PS_DMA/U0/I_PRMRY_DATAMOVER/GEN_S2MM_FULL.I_S2MM_FULL_WRAPPER/I_CMD_STATUS/GEN_INCLUDE_STATUS_FIFO.I_STS_FIFO/USE_ASYNC_FIFO.I_ASYNC_FIFO/I_ASYNC_FIFOGEN_FIFO/xpm_fifo_instance.xpm_fifo_async_inst/gnuram_async_fifo.xpm_fifo_base_inst'
Sourcing Tcl File [C:/Xilinx/Vivado/2018.2/data/ip/xpm/xpm_fifo/tcl/xpm_fifo_rst.tcl] for cell 'PROCESSING_SYSTEM_INSTANCE/design_1_i/PL2PS_DMA/U0/I_PRMRY_DATAMOVER/GEN_S2MM_FULL.I_S2MM_FULL_WRAPPER/GEN_ENABLE_INDET_BTT_SF.I_INDET_BTT/I_XD_FIFO/NON_BLK_MEM.I_SYNC_FIFOGEN_FIFO/xpm_fifo_instance.xpm_fifo_sync_inst/xpm_fifo_base_inst'
Finished Sourcing Tcl File [C:/Xilinx/Vivado/2018.2/data/ip/xpm/xpm_fifo/tcl/xpm_fifo_rst.tcl] for cell 'PROCESSING_SYSTEM_INSTANCE/design_1_i/PL2PS_DMA/U0/I_PRMRY_DATAMOVER/GEN_S2MM_FULL.I_S2MM_FULL_WRAPPER/GEN_ENABLE_INDET_BTT_SF.I_INDET_BTT/I_XD_FIFO/NON_BLK_MEM.I_SYNC_FIFOGEN_FIFO/xpm_fifo_instance.xpm_fifo_sync_inst/xpm_fifo_base_inst'
Sourcing Tcl File [C:/Xilinx/Vivado/2018.2/data/ip/xpm/xpm_fifo/tcl/xpm_fifo_rst.tcl] for cell 'PROCESSING_SYSTEM_INSTANCE/design_1_i/PL2PS_DMA/U0/I_PRMRY_DATAMOVER/GEN_S2MM_FULL.I_S2MM_FULL_WRAPPER/GEN_ENABLE_INDET_BTT_SF.I_INDET_BTT/I_DATA_FIFO/BLK_MEM.I_SYNC_FIFOGEN_FIFO/xpm_fifo_instance.xpm_fifo_sync_inst/xpm_fifo_base_inst'
Finished Sourcing Tcl File [C:/Xilinx/Vivado/2018.2/data/ip/xpm/xpm_fifo/tcl/xpm_fifo_rst.tcl] for cell 'PROCESSING_SYSTEM_INSTANCE/design_1_i/PL2PS_DMA/U0/I_PRMRY_DATAMOVER/GEN_S2MM_FULL.I_S2MM_FULL_WRAPPER/GEN_ENABLE_INDET_BTT_SF.I_INDET_BTT/I_DATA_FIFO/BLK_MEM.I_SYNC_FIFOGEN_FIFO/xpm_fifo_instance.xpm_fifo_sync_inst/xpm_fifo_base_inst'
Sourcing Tcl File [C:/Xilinx/Vivado/2018.2/data/ip/xpm/xpm_fifo/tcl/xpm_fifo_rst.tcl] for cell 'PROCESSING_SYSTEM_INSTANCE/design_1_i/PS2PL_DMA/U0/I_PRMRY_DATAMOVER/GEN_MM2S_FULL.I_MM2S_FULL_WRAPPER/I_CMD_STATUS/I_CMD_FIFO/USE_ASYNC_FIFO.I_ASYNC_FIFO/I_ASYNC_FIFOGEN_FIFO/xpm_fifo_instance.xpm_fifo_async_inst/gnuram_async_fifo.xpm_fifo_base_inst'
Finished Sourcing Tcl File [C:/Xilinx/Vivado/2018.2/data/ip/xpm/xpm_fifo/tcl/xpm_fifo_rst.tcl] for cell 'PROCESSING_SYSTEM_INSTANCE/design_1_i/PS2PL_DMA/U0/I_PRMRY_DATAMOVER/GEN_MM2S_FULL.I_MM2S_FULL_WRAPPER/I_CMD_STATUS/I_CMD_FIFO/USE_ASYNC_FIFO.I_ASYNC_FIFO/I_ASYNC_FIFOGEN_FIFO/xpm_fifo_instance.xpm_fifo_async_inst/gnuram_async_fifo.xpm_fifo_base_inst'
Sourcing Tcl File [C:/Xilinx/Vivado/2018.2/data/ip/xpm/xpm_fifo/tcl/xpm_fifo_rst.tcl] for cell 'PROCESSING_SYSTEM_INSTANCE/design_1_i/PS2PL_DMA/U0/I_PRMRY_DATAMOVER/GEN_MM2S_FULL.I_MM2S_FULL_WRAPPER/I_CMD_STATUS/GEN_INCLUDE_STATUS_FIFO.I_STS_FIFO/USE_ASYNC_FIFO.I_ASYNC_FIFO/I_ASYNC_FIFOGEN_FIFO/xpm_fifo_instance.xpm_fifo_async_inst/gnuram_async_fifo.xpm_fifo_base_inst'
Finished Sourcing Tcl File [C:/Xilinx/Vivado/2018.2/data/ip/xpm/xpm_fifo/tcl/xpm_fifo_rst.tcl] for cell 'PROCESSING_SYSTEM_INSTANCE/design_1_i/PS2PL_DMA/U0/I_PRMRY_DATAMOVER/GEN_MM2S_FULL.I_MM2S_FULL_WRAPPER/I_CMD_STATUS/GEN_INCLUDE_STATUS_FIFO.I_STS_FIFO/USE_ASYNC_FIFO.I_ASYNC_FIFO/I_ASYNC_FIFOGEN_FIFO/xpm_fifo_instance.xpm_fifo_async_inst/gnuram_async_fifo.xpm_fifo_base_inst'
Sourcing Tcl File [C:/Xilinx/Vivado/2018.2/data/ip/xpm/xpm_fifo/tcl/xpm_fifo_rst.tcl] for cell 'PROCESSING_SYSTEM_INSTANCE/design_1_i/PS2PL_DMA/U0/I_PRMRY_DATAMOVER/GEN_MM2S_FULL.I_MM2S_FULL_WRAPPER/GEN_INCLUDE_MM2S_SF.I_RD_SF/I_DATA_FIFO/BLK_MEM.I_SYNC_FIFOGEN_FIFO/xpm_fifo_instance.xpm_fifo_sync_inst/xpm_fifo_base_inst'
Finished Sourcing Tcl File [C:/Xilinx/Vivado/2018.2/data/ip/xpm/xpm_fifo/tcl/xpm_fifo_rst.tcl] for cell 'PROCESSING_SYSTEM_INSTANCE/design_1_i/PS2PL_DMA/U0/I_PRMRY_DATAMOVER/GEN_MM2S_FULL.I_MM2S_FULL_WRAPPER/GEN_INCLUDE_MM2S_SF.I_RD_SF/I_DATA_FIFO/BLK_MEM.I_SYNC_FIFOGEN_FIFO/xpm_fifo_instance.xpm_fifo_sync_inst/xpm_fifo_base_inst'
Sourcing Tcl File [C:/Xilinx/Vivado/2018.2/data/ip/xpm/xpm_memory/tcl/xpm_memory_xdc.tcl] for cell 'PROCESSING_SYSTEM_INSTANCE/design_1_i/axi_smc/inst/s00_nodes/s00_ar_node/inst/inst_mi_handler/gen_normal_area.inst_fifo_node_payld/gen_xpm_memory_fifo.inst_fifo/gen_mem_rep[0].inst_xpm_memory'
Finished Sourcing Tcl File [C:/Xilinx/Vivado/2018.2/data/ip/xpm/xpm_memory/tcl/xpm_memory_xdc.tcl] for cell 'PROCESSING_SYSTEM_INSTANCE/design_1_i/axi_smc/inst/s00_nodes/s00_ar_node/inst/inst_mi_handler/gen_normal_area.inst_fifo_node_payld/gen_xpm_memory_fifo.inst_fifo/gen_mem_rep[0].inst_xpm_memory'
Sourcing Tcl File [C:/Xilinx/Vivado/2018.2/data/ip/xpm/xpm_memory/tcl/xpm_memory_xdc.tcl] for cell 'PROCESSING_SYSTEM_INSTANCE/design_1_i/axi_smc/inst/s00_nodes/s00_r_node/inst/inst_mi_handler/gen_normal_area.inst_fifo_node_payld/gen_xpm_memory_fifo.inst_fifo/gen_mem_rep[0].inst_xpm_memory'
Finished Sourcing Tcl File [C:/Xilinx/Vivado/2018.2/data/ip/xpm/xpm_memory/tcl/xpm_memory_xdc.tcl] for cell 'PROCESSING_SYSTEM_INSTANCE/design_1_i/axi_smc/inst/s00_nodes/s00_r_node/inst/inst_mi_handler/gen_normal_area.inst_fifo_node_payld/gen_xpm_memory_fifo.inst_fifo/gen_mem_rep[0].inst_xpm_memory'
Sourcing Tcl File [C:/Xilinx/Vivado/2018.2/data/ip/xpm/xpm_memory/tcl/xpm_memory_xdc.tcl] for cell 'PROCESSING_SYSTEM_INSTANCE/design_1_i/axi_smc_1/inst/s00_nodes/s00_aw_node/inst/inst_mi_handler/gen_normal_area.inst_fifo_node_payld/gen_xpm_memory_fifo.inst_fifo/gen_mem_rep[0].inst_xpm_memory'
Finished Sourcing Tcl File [C:/Xilinx/Vivado/2018.2/data/ip/xpm/xpm_memory/tcl/xpm_memory_xdc.tcl] for cell 'PROCESSING_SYSTEM_INSTANCE/design_1_i/axi_smc_1/inst/s00_nodes/s00_aw_node/inst/inst_mi_handler/gen_normal_area.inst_fifo_node_payld/gen_xpm_memory_fifo.inst_fifo/gen_mem_rep[0].inst_xpm_memory'
Sourcing Tcl File [C:/Xilinx/Vivado/2018.2/data/ip/xpm/xpm_memory/tcl/xpm_memory_xdc.tcl] for cell 'PROCESSING_SYSTEM_INSTANCE/design_1_i/axi_smc_1/inst/s00_nodes/s00_b_node/inst/inst_mi_handler/gen_normal_area.inst_fifo_node_payld/gen_xpm_memory_fifo.inst_fifo/gen_mem_rep[0].inst_xpm_memory'
Finished Sourcing Tcl File [C:/Xilinx/Vivado/2018.2/data/ip/xpm/xpm_memory/tcl/xpm_memory_xdc.tcl] for cell 'PROCESSING_SYSTEM_INSTANCE/design_1_i/axi_smc_1/inst/s00_nodes/s00_b_node/inst/inst_mi_handler/gen_normal_area.inst_fifo_node_payld/gen_xpm_memory_fifo.inst_fifo/gen_mem_rep[0].inst_xpm_memory'
Sourcing Tcl File [C:/Xilinx/Vivado/2018.2/data/ip/xpm/xpm_memory/tcl/xpm_memory_xdc.tcl] for cell 'PROCESSING_SYSTEM_INSTANCE/design_1_i/axi_smc_1/inst/s00_nodes/s00_w_node/inst/inst_mi_handler/gen_normal_area.inst_fifo_node_payld/gen_xpm_memory_fifo.inst_fifo/gen_mem_rep[0].inst_xpm_memory'
Finished Sourcing Tcl File [C:/Xilinx/Vivado/2018.2/data/ip/xpm/xpm_memory/tcl/xpm_memory_xdc.tcl] for cell 'PROCESSING_SYSTEM_INSTANCE/design_1_i/axi_smc_1/inst/s00_nodes/s00_w_node/inst/inst_mi_handler/gen_normal_area.inst_fifo_node_payld/gen_xpm_memory_fifo.inst_fifo/gen_mem_rep[0].inst_xpm_memory'
INFO: [Opt 31-138] Pushed 0 inverter(s) to 0 load pin(s).
INFO: [Project 1-111] Unisim Transformation Summary:
  A total of 106 instances were transformed.
  RAM32M => RAM32M (RAMD32, RAMD32, RAMD32, RAMD32, RAMD32, RAMD32, RAMS32, RAMS32): 106 instances

20 Infos, 0 Warnings, 0 Critical Warnings and 0 Errors encountered.
link_design completed successfully
link_design: Time (s): cpu = 00:00:50 ; elapsed = 00:01:03 . Memory (MB): peak = 1263.605 ; gain = 972.281
Command: opt_design
Attempting to get a license for feature 'Implementation' and/or device 'xc7z010'
INFO: [Common 17-349] Got license for feature 'Implementation' and/or device 'xc7z010'
Running DRC as a precondition to command opt_design

Starting DRC Task
INFO: [DRC 23-27] Running DRC with 2 threads
INFO: [Project 1-461] DRC finished with 0 Errors
INFO: [Project 1-462] Please refer to the DRC report (report_drc) for more information.

Time (s): cpu = 00:00:02 ; elapsed = 00:00:01 . Memory (MB): peak = 1263.605 ; gain = 0.000

Starting Cache Timing Information Task
INFO: [Timing 38-35] Done setting XDC timing constraints.
Ending Cache Timing Information Task | Checksum: 158f5e854

Time (s): cpu = 00:00:02 ; elapsed = 00:00:01 . Memory (MB): peak = 1263.605 ; gain = 0.000

Starting Logic Optimization Task

Phase 1 Retarget
INFO: [Opt 31-138] Pushed 10 inverter(s) to 46 load pin(s).
INFO: [Opt 31-49] Retargeted 0 cell(s).
Phase 1 Retarget | Checksum: 2298e8665

Time (s): cpu = 00:00:02 ; elapsed = 00:00:02 . Memory (MB): peak = 1263.605 ; gain = 0.000
INFO: [Opt 31-389] Phase Retarget created 0 cells and removed 0 cells

Phase 2 Constant propagation
INFO: [Opt 31-138] Pushed 0 inverter(s) to 0 load pin(s).
Phase 2 Constant propagation | Checksum: 24e393dda

Time (s): cpu = 00:00:03 ; elapsed = 00:00:02 . Memory (MB): peak = 1263.605 ; gain = 0.000
INFO: [Opt 31-389] Phase Constant propagation created 4 cells and removed 191 cells

Phase 3 Sweep
Phase 3 Sweep | Checksum: 24ec134d4

Time (s): cpu = 00:00:05 ; elapsed = 00:00:05 . Memory (MB): peak = 1263.605 ; gain = 0.000
INFO: [Opt 31-389] Phase Sweep created 0 cells and removed 2117 cells

Phase 4 BUFG optimization
Phase 4 BUFG optimization | Checksum: 24ec134d4

Time (s): cpu = 00:00:06 ; elapsed = 00:00:06 . Memory (MB): peak = 1263.605 ; gain = 0.000
INFO: [Opt 31-662] Phase BUFG optimization created 0 cells of which 0 are BUFGs and removed 0 cells.

Phase 5 Shift Register Optimization
Phase 5 Shift Register Optimization | Checksum: 1e99a30d2

Time (s): cpu = 00:00:07 ; elapsed = 00:00:07 . Memory (MB): peak = 1263.605 ; gain = 0.000
INFO: [Opt 31-389] Phase Shift Register Optimization created 0 cells and removed 0 cells

Phase 6 Post Processing Netlist
Phase 6 Post Processing Netlist | Checksum: 1e99a30d2

Time (s): cpu = 00:00:08 ; elapsed = 00:00:08 . Memory (MB): peak = 1263.605 ; gain = 0.000
INFO: [Opt 31-389] Phase Post Processing Netlist created 0 cells and removed 0 cells

Starting Connectivity Check Task

Time (s): cpu = 00:00:00 ; elapsed = 00:00:00.051 . Memory (MB): peak = 1263.605 ; gain = 0.000
Ending Logic Optimization Task | Checksum: 1e99a30d2

Time (s): cpu = 00:00:08 ; elapsed = 00:00:08 . Memory (MB): peak = 1263.605 ; gain = 0.000

Starting Power Optimization Task
INFO: [Pwropt 34-132] Skipping clock gating for clocks with a period < 2.00 ns.
INFO: [Timing 38-35] Done setting XDC timing constraints.
INFO: [Pwropt 34-9] Applying IDT optimizations ...
INFO: [Pwropt 34-10] Applying ODC optimizations ...
INFO: [Physopt 32-619] Estimated Timing Summary | WNS=2.217 | TNS=0.000 |
Running Vector-less Activity Propagation...

Finished Running Vector-less Activity Propagation


Starting PowerOpt Patch Enables Task
INFO: [Pwropt 34-162] WRITE_MODE attribute of 3 BRAM(s) out of a total of 17 has been updated to save power. Run report_power_opt to get a complete listing of the BRAMs updated.
INFO: [Pwropt 34-201] Structural ODC has moved 0 WE to EN ports
Number of BRAM Ports augmented: 14 newly gated: 0 Total Ports: 34
Ending PowerOpt Patch Enables Task | Checksum: 10e96a96a

Time (s): cpu = 00:00:00 ; elapsed = 00:00:00.163 . Memory (MB): peak = 1559.141 ; gain = 0.000
Ending Power Optimization Task | Checksum: 10e96a96a

Time (s): cpu = 00:00:16 ; elapsed = 00:00:09 . Memory (MB): peak = 1559.141 ; gain = 295.535

Starting Final Cleanup Task
Ending Final Cleanup Task | Checksum: 10e96a96a

Time (s): cpu = 00:00:00 ; elapsed = 00:00:00 . Memory (MB): peak = 1559.141 ; gain = 0.000
INFO: [Common 17-83] Releasing license: Implementation
42 Infos, 0 Warnings, 0 Critical Warnings and 0 Errors encountered.
opt_design completed successfully
opt_design: Time (s): cpu = 00:00:28 ; elapsed = 00:00:19 . Memory (MB): peak = 1559.141 ; gain = 295.535
INFO: [Timing 38-480] Writing timing data to binary archive.
Writing placer database...
Writing XDEF routing.
Writing XDEF routing logical nets.
Writing XDEF routing special nets.
Write XDEF Complete: Time (s): cpu = 00:00:01 ; elapsed = 00:00:00.251 . Memory (MB): peak = 1559.141 ; gain = 0.000
INFO: [Common 17-1381] The checkpoint 'C:/Users/Afroditi/Documents/8thSemester/dvlsi/Lab5/dvlsi2021_lab5/dvlsi2021_ask5_prj/dvlsi2021_ask5_prj.runs/impl_1/dvlsi2021_lab5_top_opt.dcp' has been generated.
INFO: [runtcl-4] Executing : report_drc -file dvlsi2021_lab5_top_drc_opted.rpt -pb dvlsi2021_lab5_top_drc_opted.pb -rpx dvlsi2021_lab5_top_drc_opted.rpx
Command: report_drc -file dvlsi2021_lab5_top_drc_opted.rpt -pb dvlsi2021_lab5_top_drc_opted.pb -rpx dvlsi2021_lab5_top_drc_opted.rpx
INFO: [DRC 23-27] Running DRC with 2 threads
INFO: [Coretcl 2-168] The results of DRC are in file C:/Users/Afroditi/Documents/8thSemester/dvlsi/Lab5/dvlsi2021_lab5/dvlsi2021_ask5_prj/dvlsi2021_ask5_prj.runs/impl_1/dvlsi2021_lab5_top_drc_opted.rpt.
report_drc completed successfully
Command: place_design
Attempting to get a license for feature 'Implementation' and/or device 'xc7z010'
INFO: [Common 17-349] Got license for feature 'Implementation' and/or device 'xc7z010'
INFO: [DRC 23-27] Running DRC with 2 threads
INFO: [Vivado_Tcl 4-198] DRC finished with 0 Errors
INFO: [Vivado_Tcl 4-199] Please refer to the DRC report (report_drc) for more information.
Running DRC as a precondition to command place_design
INFO: [DRC 23-27] Running DRC with 2 threads
WARNING: [DRC REQP-1840] RAMB18 async control check: The RAMB18E1 ACCELERATOR/S_2_P/RAM_FIFO_0/U0/inst_fifo_gen/gconvfifo.rf/grf.rf/gntv_or_sync_fifo.mem/gbm.gbmg.gbmgc.ngecc.bmg/inst_blk_mem_gen/gnbram.gnativebmg.native_blk_mem_gen/valid.cstr/ramloop[0].ram.r/prim_noinit.ram/DEVICE_7SERIES.NO_BMM_INFO.SDP.SIMPLE_PRIM18.ram has an input control pin ACCELERATOR/S_2_P/RAM_FIFO_0/U0/inst_fifo_gen/gconvfifo.rf/grf.rf/gntv_or_sync_fifo.mem/gbm.gbmg.gbmgc.ngecc.bmg/inst_blk_mem_gen/gnbram.gnativebmg.native_blk_mem_gen/valid.cstr/ramloop[0].ram.r/prim_noinit.ram/DEVICE_7SERIES.NO_BMM_INFO.SDP.SIMPLE_PRIM18.ram/ENBWREN (net: ACCELERATOR/S_2_P/RAM_FIFO_0/U0/inst_fifo_gen/gconvfifo.rf/grf.rf/gntv_or_sync_fifo.mem/gbm.gbmg.gbmgc.ngecc.bmg/inst_blk_mem_gen/gnbram.gnativebmg.native_blk_mem_gen/valid.cstr/ramloop[0].ram.r/prim_noinit.ram/tmp_ram_rd_en) which is driven by a register (ACCELERATOR/S_2_P/rd_en0_reg) that has an active asychronous set or reset. This may cause corruption of the memory contents and/or read values when the set/reset is asserted and is not analyzed by the default static timing analysis. It is suggested to eliminate the use of a set/reset to registers driving this RAMB pin or else use a synchronous reset in which the assertion of the reset is timed by default.
WARNING: [DRC REQP-1840] RAMB18 async control check: The RAMB18E1 ACCELERATOR/S_2_P/RAM_FIFO_1/U0/inst_fifo_gen/gconvfifo.rf/grf.rf/gntv_or_sync_fifo.mem/gbm.gbmg.gbmgc.ngecc.bmg/inst_blk_mem_gen/gnbram.gnativebmg.native_blk_mem_gen/valid.cstr/ramloop[0].ram.r/prim_noinit.ram/DEVICE_7SERIES.NO_BMM_INFO.SDP.SIMPLE_PRIM18.ram has an input control pin ACCELERATOR/S_2_P/RAM_FIFO_1/U0/inst_fifo_gen/gconvfifo.rf/grf.rf/gntv_or_sync_fifo.mem/gbm.gbmg.gbmgc.ngecc.bmg/inst_blk_mem_gen/gnbram.gnativebmg.native_blk_mem_gen/valid.cstr/ramloop[0].ram.r/prim_noinit.ram/DEVICE_7SERIES.NO_BMM_INFO.SDP.SIMPLE_PRIM18.ram/ENBWREN (net: ACCELERATOR/S_2_P/RAM_FIFO_1/U0/inst_fifo_gen/gconvfifo.rf/grf.rf/gntv_or_sync_fifo.mem/gbm.gbmg.gbmgc.ngecc.bmg/inst_blk_mem_gen/gnbram.gnativebmg.native_blk_mem_gen/valid.cstr/ramloop[0].ram.r/prim_noinit.ram/tmp_ram_rd_en) which is driven by a register (ACCELERATOR/S_2_P/rd_en0_reg) that has an active asychronous set or reset. This may cause corruption of the memory contents and/or read values when the set/reset is asserted and is not analyzed by the default static timing analysis. It is suggested to eliminate the use of a set/reset to registers driving this RAMB pin or else use a synchronous reset in which the assertion of the reset is timed by default.
WARNING: [DRC REQP-1840] RAMB18 async control check: The RAMB18E1 ACCELERATOR/S_2_P/RAM_FIFO_2/U0/inst_fifo_gen/gconvfifo.rf/grf.rf/gntv_or_sync_fifo.mem/gbm.gbmg.gbmgc.ngecc.bmg/inst_blk_mem_gen/gnbram.gnativebmg.native_blk_mem_gen/valid.cstr/ramloop[0].ram.r/prim_noinit.ram/DEVICE_7SERIES.NO_BMM_INFO.SDP.SIMPLE_PRIM18.ram has an input control pin ACCELERATOR/S_2_P/RAM_FIFO_2/U0/inst_fifo_gen/gconvfifo.rf/grf.rf/gntv_or_sync_fifo.mem/gbm.gbmg.gbmgc.ngecc.bmg/inst_blk_mem_gen/gnbram.gnativebmg.native_blk_mem_gen/valid.cstr/ramloop[0].ram.r/prim_noinit.ram/DEVICE_7SERIES.NO_BMM_INFO.SDP.SIMPLE_PRIM18.ram/ENBWREN (net: ACCELERATOR/S_2_P/RAM_FIFO_2/U0/inst_fifo_gen/gconvfifo.rf/grf.rf/gntv_or_sync_fifo.mem/gbm.gbmg.gbmgc.ngecc.bmg/inst_blk_mem_gen/gnbram.gnativebmg.native_blk_mem_gen/valid.cstr/ramloop[0].ram.r/prim_noinit.ram/tmp_ram_rd_en) which is driven by a register (ACCELERATOR/S_2_P/rd_en0_reg) that has an active asychronous set or reset. This may cause corruption of the memory contents and/or read values when the set/reset is asserted and is not analyzed by the default static timing analysis. It is suggested to eliminate the use of a set/reset to registers driving this RAMB pin or else use a synchronous reset in which the assertion of the reset is timed by default.
INFO: [Vivado_Tcl 4-198] DRC finished with 0 Errors, 3 Warnings
INFO: [Vivado_Tcl 4-199] Please refer to the DRC report (report_drc) for more information.

Starting Placer Task
INFO: [Place 30-611] Multithreading enabled for place_design using a maximum of 2 CPUs

Phase 1 Placer Initialization

Phase 1.1 Placer Initialization Netlist Sorting
Netlist sorting complete. Time (s): cpu = 00:00:00 ; elapsed = 00:00:00.103 . Memory (MB): peak = 1559.141 ; gain = 0.000
Phase 1.1 Placer Initialization Netlist Sorting | Checksum: e1aaa01e

Time (s): cpu = 00:00:00 ; elapsed = 00:00:00.145 . Memory (MB): peak = 1559.141 ; gain = 0.000
INFO: [Timing 38-35] Done setting XDC timing constraints.
INFO: [Opt 31-138] Pushed 0 inverter(s) to 0 load pin(s).
Netlist sorting complete. Time (s): cpu = 00:00:00 ; elapsed = 00:00:00.050 . Memory (MB): peak = 1559.141 ; gain = 0.000

Phase 1.2 IO Placement/ Clock Placement/ Build Placer Device
INFO: [Timing 38-35] Done setting XDC timing constraints.
Phase 1.2 IO Placement/ Clock Placement/ Build Placer Device | Checksum: 178ed5ba8

Time (s): cpu = 00:00:08 ; elapsed = 00:00:08 . Memory (MB): peak = 1559.141 ; gain = 0.000

Phase 1.3 Build Placer Netlist Model
Phase 1.3 Build Placer Netlist Model | Checksum: 1d3e1d068

Time (s): cpu = 00:00:15 ; elapsed = 00:00:13 . Memory (MB): peak = 1559.141 ; gain = 0.000

Phase 1.4 Constrain Clocks/Macros
Phase 1.4 Constrain Clocks/Macros | Checksum: 1d3e1d068

Time (s): cpu = 00:00:15 ; elapsed = 00:00:13 . Memory (MB): peak = 1559.141 ; gain = 0.000
Phase 1 Placer Initialization | Checksum: 1d3e1d068

Time (s): cpu = 00:00:15 ; elapsed = 00:00:13 . Memory (MB): peak = 1559.141 ; gain = 0.000

Phase 2 Global Placement

Phase 2.1 Floorplanning
Phase 2.1 Floorplanning | Checksum: 1a1137f22

Time (s): cpu = 00:00:17 ; elapsed = 00:00:14 . Memory (MB): peak = 1559.141 ; gain = 0.000

Phase 2.2 Physical Synthesis In Placer
INFO: [Physopt 32-65] No nets found for high-fanout optimization.
INFO: [Physopt 32-232] Optimized 0 net. Created 0 new instance.
INFO: [Physopt 32-775] End 1 Pass. Optimized 0 net or cell. Created 0 new cell, deleted 0 existing cell and moved 0 existing cell
Netlist sorting complete. Time (s): cpu = 00:00:00 ; elapsed = 00:00:00.075 . Memory (MB): peak = 1559.141 ; gain = 0.000

Summary of Physical Synthesis Optimizations
============================================


-----------------------------------------------------------------------------------------------------------------------------
|  Optimization       |  Added Cells  |  Removed Cells  |  Optimized Cells/Nets  |  Dont Touch  |  Iterations  |  Elapsed   |
-----------------------------------------------------------------------------------------------------------------------------
|  Very High Fanout   |            0  |              0  |                     0  |           0  |           1  |  00:00:00  |
|  Total              |            0  |              0  |                     0  |           0  |           1  |  00:00:00  |
-----------------------------------------------------------------------------------------------------------------------------


Phase 2.2 Physical Synthesis In Placer | Checksum: 1bbfa7507

Time (s): cpu = 00:00:39 ; elapsed = 00:00:30 . Memory (MB): peak = 1559.141 ; gain = 0.000
Phase 2 Global Placement | Checksum: 146f83eef

Time (s): cpu = 00:00:39 ; elapsed = 00:00:30 . Memory (MB): peak = 1559.141 ; gain = 0.000

Phase 3 Detail Placement

Phase 3.1 Commit Multi Column Macros
Phase 3.1 Commit Multi Column Macros | Checksum: 146f83eef

Time (s): cpu = 00:00:40 ; elapsed = 00:00:30 . Memory (MB): peak = 1559.141 ; gain = 0.000

Phase 3.2 Commit Most Macros & LUTRAMs
Phase 3.2 Commit Most Macros & LUTRAMs | Checksum: 16d270ef6

Time (s): cpu = 00:00:44 ; elapsed = 00:00:34 . Memory (MB): peak = 1559.141 ; gain = 0.000

Phase 3.3 Area Swap Optimization
Phase 3.3 Area Swap Optimization | Checksum: 18c010238

Time (s): cpu = 00:00:44 ; elapsed = 00:00:34 . Memory (MB): peak = 1559.141 ; gain = 0.000

Phase 3.4 Pipeline Register Optimization
Phase 3.4 Pipeline Register Optimization | Checksum: 115e977fe

Time (s): cpu = 00:00:44 ; elapsed = 00:00:34 . Memory (MB): peak = 1559.141 ; gain = 0.000

Phase 3.5 Small Shape Detail Placement
Phase 3.5 Small Shape Detail Placement | Checksum: a4a50102

Time (s): cpu = 00:00:50 ; elapsed = 00:00:40 . Memory (MB): peak = 1559.141 ; gain = 0.000

Phase 3.6 Re-assign LUT pins
Phase 3.6 Re-assign LUT pins | Checksum: 1512a058b

Time (s): cpu = 00:00:51 ; elapsed = 00:00:41 . Memory (MB): peak = 1559.141 ; gain = 0.000

Phase 3.7 Pipeline Register Optimization
Phase 3.7 Pipeline Register Optimization | Checksum: 1b33dd10f

Time (s): cpu = 00:00:51 ; elapsed = 00:00:41 . Memory (MB): peak = 1559.141 ; gain = 0.000
Phase 3 Detail Placement | Checksum: 1b33dd10f

Time (s): cpu = 00:00:51 ; elapsed = 00:00:41 . Memory (MB): peak = 1559.141 ; gain = 0.000

Phase 4 Post Placement Optimization and Clean-Up

Phase 4.1 Post Commit Optimization
INFO: [Timing 38-35] Done setting XDC timing constraints.

Phase 4.1.1 Post Placement Optimization
Post Placement Optimization Initialization | Checksum: 229f9ef1f

Phase 4.1.1.1 BUFG Insertion
INFO: [Place 46-31] BUFG insertion identified 0 candidate nets, 0 success, 0 skipped for placement/routing, 0 skipped for timing, 0 skipped for netlist change reason.
Phase 4.1.1.1 BUFG Insertion | Checksum: 229f9ef1f

Time (s): cpu = 00:00:56 ; elapsed = 00:00:46 . Memory (MB): peak = 1559.141 ; gain = 0.000
INFO: [Place 30-746] Post Placement Timing Summary WNS=0.949. For the most accurate timing information please run report_timing.
Phase 4.1.1 Post Placement Optimization | Checksum: 2468a6064

Time (s): cpu = 00:00:56 ; elapsed = 00:00:46 . Memory (MB): peak = 1559.141 ; gain = 0.000
Phase 4.1 Post Commit Optimization | Checksum: 2468a6064

Time (s): cpu = 00:00:56 ; elapsed = 00:00:46 . Memory (MB): peak = 1559.141 ; gain = 0.000

Phase 4.2 Post Placement Cleanup
Phase 4.2 Post Placement Cleanup | Checksum: 2468a6064

Time (s): cpu = 00:00:57 ; elapsed = 00:00:46 . Memory (MB): peak = 1559.141 ; gain = 0.000

Phase 4.3 Placer Reporting
Phase 4.3 Placer Reporting | Checksum: 2468a6064

Time (s): cpu = 00:00:57 ; elapsed = 00:00:46 . Memory (MB): peak = 1559.141 ; gain = 0.000

Phase 4.4 Final Placement Cleanup
Phase 4.4 Final Placement Cleanup | Checksum: 22974737d

Time (s): cpu = 00:00:57 ; elapsed = 00:00:46 . Memory (MB): peak = 1559.141 ; gain = 0.000
Phase 4 Post Placement Optimization and Clean-Up | Checksum: 22974737d

Time (s): cpu = 00:00:57 ; elapsed = 00:00:47 . Memory (MB): peak = 1559.141 ; gain = 0.000
Ending Placer Task | Checksum: 147c32ff9

Time (s): cpu = 00:00:57 ; elapsed = 00:00:47 . Memory (MB): peak = 1559.141 ; gain = 0.000
INFO: [Common 17-83] Releasing license: Implementation
65 Infos, 3 Warnings, 0 Critical Warnings and 0 Errors encountered.
place_design completed successfully
place_design: Time (s): cpu = 00:01:02 ; elapsed = 00:00:50 . Memory (MB): peak = 1559.141 ; gain = 0.000
INFO: [Timing 38-480] Writing timing data to binary archive.
Writing placer database...
Writing XDEF routing.
Writing XDEF routing logical nets.
Writing XDEF routing special nets.
Write XDEF Complete: Time (s): cpu = 00:00:06 ; elapsed = 00:00:02 . Memory (MB): peak = 1559.141 ; gain = 0.000
INFO: [Common 17-1381] The checkpoint 'C:/Users/Afroditi/Documents/8thSemester/dvlsi/Lab5/dvlsi2021_lab5/dvlsi2021_ask5_prj/dvlsi2021_ask5_prj.runs/impl_1/dvlsi2021_lab5_top_placed.dcp' has been generated.
write_checkpoint: Time (s): cpu = 00:00:09 ; elapsed = 00:00:05 . Memory (MB): peak = 1559.141 ; gain = 0.000
INFO: [runtcl-4] Executing : report_io -file dvlsi2021_lab5_top_io_placed.rpt
report_io: Time (s): cpu = 00:00:00 ; elapsed = 00:00:00.081 . Memory (MB): peak = 1559.141 ; gain = 0.000
INFO: [runtcl-4] Executing : report_utilization -file dvlsi2021_lab5_top_utilization_placed.rpt -pb dvlsi2021_lab5_top_utilization_placed.pb
report_utilization: Time (s): cpu = 00:00:00 ; elapsed = 00:00:00.262 . Memory (MB): peak = 1559.141 ; gain = 0.000
INFO: [runtcl-4] Executing : report_control_sets -verbose -file dvlsi2021_lab5_top_control_sets_placed.rpt
report_control_sets: Time (s): cpu = 00:00:00 ; elapsed = 00:00:00.114 . Memory (MB): peak = 1559.141 ; gain = 0.000
Command: route_design
Attempting to get a license for feature 'Implementation' and/or device 'xc7z010'
INFO: [Common 17-349] Got license for feature 'Implementation' and/or device 'xc7z010'
Running DRC as a precondition to command route_design
INFO: [DRC 23-27] Running DRC with 2 threads
INFO: [Vivado_Tcl 4-198] DRC finished with 0 Errors
INFO: [Vivado_Tcl 4-199] Please refer to the DRC report (report_drc) for more information.


Starting Routing Task
INFO: [Route 35-254] Multithreading enabled for route_design using a maximum of 2 CPUs
Checksum: PlaceDB: cdf59cf7 ConstDB: 0 ShapeSum: 79cd9302 RouteDB: 0

Phase 1 Build RT Design
Phase 1 Build RT Design | Checksum: 1434abf3f

Time (s): cpu = 00:00:23 ; elapsed = 00:00:20 . Memory (MB): peak = 1559.141 ; gain = 0.000
Post Restoration Checksum: NetGraph: eb82a684 NumContArr: 57c818bb Constraints: 0 Timing: 0

Phase 2 Router Initialization

Phase 2.1 Create Timer
Phase 2.1 Create Timer | Checksum: 1434abf3f

Time (s): cpu = 00:00:24 ; elapsed = 00:00:20 . Memory (MB): peak = 1559.141 ; gain = 0.000

Phase 2.2 Fix Topology Constraints
Phase 2.2 Fix Topology Constraints | Checksum: 1434abf3f

Time (s): cpu = 00:00:24 ; elapsed = 00:00:21 . Memory (MB): peak = 1559.141 ; gain = 0.000

Phase 2.3 Pre Route Cleanup
Phase 2.3 Pre Route Cleanup | Checksum: 1434abf3f

Time (s): cpu = 00:00:24 ; elapsed = 00:00:21 . Memory (MB): peak = 1559.141 ; gain = 0.000
 Number of Nodes with overlaps = 0

Phase 2.4 Update Timing
Phase 2.4 Update Timing | Checksum: 1a87c1108

Time (s): cpu = 00:00:29 ; elapsed = 00:00:24 . Memory (MB): peak = 1559.141 ; gain = 0.000
INFO: [Route 35-416] Intermediate Timing Summary | WNS=0.835  | TNS=0.000  | WHS=-2.631 | THS=-1037.152|


Phase 2.5 Update Timing for Bus Skew

Phase 2.5.1 Update Timing
Phase 2.5.1 Update Timing | Checksum: 15951858f

Time (s): cpu = 00:00:32 ; elapsed = 00:00:26 . Memory (MB): peak = 1559.141 ; gain = 0.000
INFO: [Route 35-416] Intermediate Timing Summary | WNS=0.835  | TNS=0.000  | WHS=N/A    | THS=N/A    |

Phase 2.5 Update Timing for Bus Skew | Checksum: 1d8d29824

Time (s): cpu = 00:00:32 ; elapsed = 00:00:26 . Memory (MB): peak = 1559.141 ; gain = 0.000
Phase 2 Router Initialization | Checksum: 1c0d40f7e

Time (s): cpu = 00:00:32 ; elapsed = 00:00:26 . Memory (MB): peak = 1559.141 ; gain = 0.000

Phase 3 Initial Routing
Phase 3 Initial Routing | Checksum: 633322b5

Time (s): cpu = 00:00:37 ; elapsed = 00:00:29 . Memory (MB): peak = 1559.141 ; gain = 0.000

Phase 4 Rip-up And Reroute

Phase 4.1 Global Iteration 0
 Number of Nodes with overlaps = 839
 Number of Nodes with overlaps = 102
 Number of Nodes with overlaps = 21
 Number of Nodes with overlaps = 5
 Number of Nodes with overlaps = 1
 Number of Nodes with overlaps = 0
INFO: [Route 35-416] Intermediate Timing Summary | WNS=-1.342 | TNS=-1.342 | WHS=N/A    | THS=N/A    |

Phase 4.1 Global Iteration 0 | Checksum: 1a2a743da

Time (s): cpu = 00:00:48 ; elapsed = 00:00:36 . Memory (MB): peak = 1559.141 ; gain = 0.000

Phase 4.2 Global Iteration 1
 Number of Nodes with overlaps = 29
 Number of Nodes with overlaps = 15
 Number of Nodes with overlaps = 3
 Number of Nodes with overlaps = 1
 Number of Nodes with overlaps = 0
INFO: [Route 35-416] Intermediate Timing Summary | WNS=1.053  | TNS=0.000  | WHS=N/A    | THS=N/A    |

Phase 4.2 Global Iteration 1 | Checksum: 1ff104e98

Time (s): cpu = 00:00:50 ; elapsed = 00:00:37 . Memory (MB): peak = 1559.141 ; gain = 0.000
Phase 4 Rip-up And Reroute | Checksum: 1ff104e98

Time (s): cpu = 00:00:50 ; elapsed = 00:00:38 . Memory (MB): peak = 1559.141 ; gain = 0.000

Phase 5 Delay and Skew Optimization

Phase 5.1 Delay CleanUp

Phase 5.1.1 Update Timing
Phase 5.1.1 Update Timing | Checksum: 14bb3fbdd

Time (s): cpu = 00:00:51 ; elapsed = 00:00:38 . Memory (MB): peak = 1559.141 ; gain = 0.000
INFO: [Route 35-416] Intermediate Timing Summary | WNS=1.053  | TNS=0.000  | WHS=N/A    | THS=N/A    |

Phase 5.1 Delay CleanUp | Checksum: 1d46207f7

Time (s): cpu = 00:00:51 ; elapsed = 00:00:38 . Memory (MB): peak = 1559.141 ; gain = 0.000

Phase 5.2 Clock Skew Optimization
Phase 5.2 Clock Skew Optimization | Checksum: 1d46207f7

Time (s): cpu = 00:00:51 ; elapsed = 00:00:38 . Memory (MB): peak = 1559.141 ; gain = 0.000
Phase 5 Delay and Skew Optimization | Checksum: 1d46207f7

Time (s): cpu = 00:00:51 ; elapsed = 00:00:38 . Memory (MB): peak = 1559.141 ; gain = 0.000

Phase 6 Post Hold Fix

Phase 6.1 Hold Fix Iter

Phase 6.1.1 Update Timing
Phase 6.1.1 Update Timing | Checksum: 1de885e50

Time (s): cpu = 00:00:52 ; elapsed = 00:00:39 . Memory (MB): peak = 1559.141 ; gain = 0.000
INFO: [Route 35-416] Intermediate Timing Summary | WNS=1.053  | TNS=0.000  | WHS=-0.029 | THS=-0.029 |

Phase 6.1 Hold Fix Iter | Checksum: 1e9cdabd9

Time (s): cpu = 00:00:52 ; elapsed = 00:00:39 . Memory (MB): peak = 1559.141 ; gain = 0.000
Phase 6 Post Hold Fix | Checksum: 210e1094e

Time (s): cpu = 00:00:52 ; elapsed = 00:00:39 . Memory (MB): peak = 1559.141 ; gain = 0.000

Phase 7 Route finalize

Router Utilization Summary
  Global Vertical Routing Utilization    = 4.10529 %
  Global Horizontal Routing Utilization  = 5.75207 %
  Routable Net Status*
  *Does not include unroutable nets such as driverless and loadless.
  Run report_route_status for detailed report.
  Number of Failed Nets               = 0
  Number of Unrouted Nets             = 0
  Number of Partially Routed Nets     = 0
  Number of Node Overlaps             = 0

Phase 7 Route finalize | Checksum: 19870d8ab

Time (s): cpu = 00:00:53 ; elapsed = 00:00:39 . Memory (MB): peak = 1559.141 ; gain = 0.000

Phase 8 Verifying routed nets

 Verification completed successfully
Phase 8 Verifying routed nets | Checksum: 19870d8ab

Time (s): cpu = 00:00:53 ; elapsed = 00:00:39 . Memory (MB): peak = 1559.141 ; gain = 0.000

Phase 9 Depositing Routes
Phase 9 Depositing Routes | Checksum: 115fe3cb6

Time (s): cpu = 00:00:54 ; elapsed = 00:00:40 . Memory (MB): peak = 1559.141 ; gain = 0.000

Phase 10 Post Router Timing

Phase 10.1 Update Timing
Phase 10.1 Update Timing | Checksum: 1caa9efad

Time (s): cpu = 00:00:55 ; elapsed = 00:00:41 . Memory (MB): peak = 1559.141 ; gain = 0.000
INFO: [Route 35-57] Estimated Timing Summary | WNS=1.053  | TNS=0.000  | WHS=0.050  | THS=0.000  |

INFO: [Route 35-327] The final timing numbers are based on the router estimated timing analysis. For a complete and accurate timing signoff, please run report_timing_summary.
Phase 10 Post Router Timing | Checksum: 1caa9efad

Time (s): cpu = 00:00:55 ; elapsed = 00:00:41 . Memory (MB): peak = 1559.141 ; gain = 0.000
INFO: [Route 35-16] Router Completed Successfully

Time (s): cpu = 00:00:55 ; elapsed = 00:00:41 . Memory (MB): peak = 1559.141 ; gain = 0.000

Routing Is Done.
INFO: [Common 17-83] Releasing license: Implementation
85 Infos, 3 Warnings, 0 Critical Warnings and 0 Errors encountered.
route_design completed successfully
route_design: Time (s): cpu = 00:01:01 ; elapsed = 00:00:44 . Memory (MB): peak = 1559.141 ; gain = 0.000
INFO: [Timing 38-480] Writing timing data to binary archive.
Writing placer database...
Writing XDEF routing.
Writing XDEF routing logical nets.
Writing XDEF routing special nets.
Write XDEF Complete: Time (s): cpu = 00:00:06 ; elapsed = 00:00:02 . Memory (MB): peak = 1559.141 ; gain = 0.000
INFO: [Common 17-1381] The checkpoint 'C:/Users/Afroditi/Documents/8thSemester/dvlsi/Lab5/dvlsi2021_lab5/dvlsi2021_ask5_prj/dvlsi2021_ask5_prj.runs/impl_1/dvlsi2021_lab5_top_routed.dcp' has been generated.
INFO: [runtcl-4] Executing : report_drc -file dvlsi2021_lab5_top_drc_routed.rpt -pb dvlsi2021_lab5_top_drc_routed.pb -rpx dvlsi2021_lab5_top_drc_routed.rpx
Command: report_drc -file dvlsi2021_lab5_top_drc_routed.rpt -pb dvlsi2021_lab5_top_drc_routed.pb -rpx dvlsi2021_lab5_top_drc_routed.rpx
INFO: [DRC 23-27] Running DRC with 2 threads
INFO: [Coretcl 2-168] The results of DRC are in file C:/Users/Afroditi/Documents/8thSemester/dvlsi/Lab5/dvlsi2021_lab5/dvlsi2021_ask5_prj/dvlsi2021_ask5_prj.runs/impl_1/dvlsi2021_lab5_top_drc_routed.rpt.
report_drc completed successfully
INFO: [runtcl-4] Executing : report_methodology -file dvlsi2021_lab5_top_methodology_drc_routed.rpt -pb dvlsi2021_lab5_top_methodology_drc_routed.pb -rpx dvlsi2021_lab5_top_methodology_drc_routed.rpx
Command: report_methodology -file dvlsi2021_lab5_top_methodology_drc_routed.rpt -pb dvlsi2021_lab5_top_methodology_drc_routed.pb -rpx dvlsi2021_lab5_top_methodology_drc_routed.rpx
INFO: [Timing 38-35] Done setting XDC timing constraints.
INFO: [Timing 38-35] Done setting XDC timing constraints.
INFO: [DRC 23-133] Running Methodology with 2 threads
INFO: [Coretcl 2-1520] The results of Report Methodology are in file C:/Users/Afroditi/Documents/8thSemester/dvlsi/Lab5/dvlsi2021_lab5/dvlsi2021_ask5_prj/dvlsi2021_ask5_prj.runs/impl_1/dvlsi2021_lab5_top_methodology_drc_routed.rpt.
report_methodology completed successfully
report_methodology: Time (s): cpu = 00:00:11 ; elapsed = 00:00:06 . Memory (MB): peak = 1559.141 ; gain = 0.000
INFO: [runtcl-4] Executing : report_power -file dvlsi2021_lab5_top_power_routed.rpt -pb dvlsi2021_lab5_top_power_summary_routed.pb -rpx dvlsi2021_lab5_top_power_routed.rpx
Command: report_power -file dvlsi2021_lab5_top_power_routed.rpt -pb dvlsi2021_lab5_top_power_summary_routed.pb -rpx dvlsi2021_lab5_top_power_routed.rpx
INFO: [Timing 38-35] Done setting XDC timing constraints.
Running Vector-less Activity Propagation...

Finished Running Vector-less Activity Propagation
WARNING: [Power 33-332] Found switching activity that implies high-fanout reset nets being asserted for excessive periods of time which may result in inaccurate power analysis.
Resolution: To review and fix problems, please run Power Constraints Advisor in the GUI from Tools > Power Constraints Advisor or run report_power with the -advisory option to generate a text report.
97 Infos, 4 Warnings, 0 Critical Warnings and 0 Errors encountered.
report_power completed successfully
INFO: [runtcl-4] Executing : report_route_status -file dvlsi2021_lab5_top_route_status.rpt -pb dvlsi2021_lab5_top_route_status.pb
INFO: [runtcl-4] Executing : report_timing_summary -max_paths 10 -file dvlsi2021_lab5_top_timing_summary_routed.rpt -pb dvlsi2021_lab5_top_timing_summary_routed.pb -rpx dvlsi2021_lab5_top_timing_summary_routed.rpx -warn_on_violation 
INFO: [Timing 38-91] UpdateTimingParams: Speed grade: -1, Delay Type: min_max, Timing Stage: Requireds.
INFO: [Timing 38-191] Multithreading enabled for timing update using a maximum of 2 CPUs
WARNING: [Timing 38-436] There are set_bus_skew constraint(s) in this design. Please run report_bus_skew to ensure that bus skew requirements are met.
INFO: [runtcl-4] Executing : report_incremental_reuse -file dvlsi2021_lab5_top_incremental_reuse_routed.rpt
INFO: [Vivado_Tcl 4-545] No incremental reuse to report, no incremental placement and routing data was found.
INFO: [runtcl-4] Executing : report_clock_utilization -file dvlsi2021_lab5_top_clock_utilization_routed.rpt
INFO: [runtcl-4] Executing : report_bus_skew -warn_on_violation -file dvlsi2021_lab5_top_bus_skew_routed.rpt -pb dvlsi2021_lab5_top_bus_skew_routed.pb -rpx dvlsi2021_lab5_top_bus_skew_routed.rpx
INFO: [Timing 38-91] UpdateTimingParams: Speed grade: -1, Delay Type: min_max, Timing Stage: Requireds.
INFO: [Timing 38-191] Multithreading enabled for timing update using a maximum of 2 CPUs
INFO: [Memdata 28-167] Found XPM memory block PROCESSING_SYSTEM_INSTANCE/design_1_i/axi_smc_1/inst/s00_nodes/s00_w_node/inst/inst_mi_handler/gen_normal_area.inst_fifo_node_payld/gen_xpm_memory_fifo.inst_fifo/gen_mem_rep[0].inst_xpm_memory/xpm_memory_base_inst with a P_MEMORY_PRIMITIVE property set to distributed. A value of block is required. You will not be able to use the updatemem program to update the bitstream with new data for the PROCESSING_SYSTEM_INSTANCE/design_1_i/axi_smc_1/inst/s00_nodes/s00_w_node/inst/inst_mi_handler/gen_normal_area.inst_fifo_node_payld/gen_xpm_memory_fifo.inst_fifo/gen_mem_rep[0].inst_xpm_memory/xpm_memory_base_inst block.
INFO: [Memdata 28-167] Found XPM memory block PROCESSING_SYSTEM_INSTANCE/design_1_i/axi_smc_1/inst/s00_nodes/s00_b_node/inst/inst_mi_handler/gen_normal_area.inst_fifo_node_payld/gen_xpm_memory_fifo.inst_fifo/gen_mem_rep[0].inst_xpm_memory/xpm_memory_base_inst with a P_MEMORY_PRIMITIVE property set to distributed. A value of block is required. You will not be able to use the updatemem program to update the bitstream with new data for the PROCESSING_SYSTEM_INSTANCE/design_1_i/axi_smc_1/inst/s00_nodes/s00_b_node/inst/inst_mi_handler/gen_normal_area.inst_fifo_node_payld/gen_xpm_memory_fifo.inst_fifo/gen_mem_rep[0].inst_xpm_memory/xpm_memory_base_inst block.
INFO: [Memdata 28-167] Found XPM memory block PROCESSING_SYSTEM_INSTANCE/design_1_i/axi_smc_1/inst/s00_nodes/s00_aw_node/inst/inst_mi_handler/gen_normal_area.inst_fifo_node_payld/gen_xpm_memory_fifo.inst_fifo/gen_mem_rep[0].inst_xpm_memory/xpm_memory_base_inst with a P_MEMORY_PRIMITIVE property set to distributed. A value of block is required. You will not be able to use the updatemem program to update the bitstream with new data for the PROCESSING_SYSTEM_INSTANCE/design_1_i/axi_smc_1/inst/s00_nodes/s00_aw_node/inst/inst_mi_handler/gen_normal_area.inst_fifo_node_payld/gen_xpm_memory_fifo.inst_fifo/gen_mem_rep[0].inst_xpm_memory/xpm_memory_base_inst block.
INFO: [Memdata 28-167] Found XPM memory block PROCESSING_SYSTEM_INSTANCE/design_1_i/axi_smc/inst/s00_nodes/s00_r_node/inst/inst_mi_handler/gen_normal_area.inst_fifo_node_payld/gen_xpm_memory_fifo.inst_fifo/gen_mem_rep[0].inst_xpm_memory/xpm_memory_base_inst with a P_MEMORY_PRIMITIVE property set to distributed. A value of block is required. You will not be able to use the updatemem program to update the bitstream with new data for the PROCESSING_SYSTEM_INSTANCE/design_1_i/axi_smc/inst/s00_nodes/s00_r_node/inst/inst_mi_handler/gen_normal_area.inst_fifo_node_payld/gen_xpm_memory_fifo.inst_fifo/gen_mem_rep[0].inst_xpm_memory/xpm_memory_base_inst block.
INFO: [Memdata 28-167] Found XPM memory block PROCESSING_SYSTEM_INSTANCE/design_1_i/axi_smc/inst/s00_nodes/s00_ar_node/inst/inst_mi_handler/gen_normal_area.inst_fifo_node_payld/gen_xpm_memory_fifo.inst_fifo/gen_mem_rep[0].inst_xpm_memory/xpm_memory_base_inst with a P_MEMORY_PRIMITIVE property set to distributed. A value of block is required. You will not be able to use the updatemem program to update the bitstream with new data for the PROCESSING_SYSTEM_INSTANCE/design_1_i/axi_smc/inst/s00_nodes/s00_ar_node/inst/inst_mi_handler/gen_normal_area.inst_fifo_node_payld/gen_xpm_memory_fifo.inst_fifo/gen_mem_rep[0].inst_xpm_memory/xpm_memory_base_inst block.
INFO: [Memdata 28-208] The XPM instance: <PROCESSING_SYSTEM_INSTANCE/design_1_i/PS2PL_DMA/U0/I_PRMRY_DATAMOVER/GEN_MM2S_FULL.I_MM2S_FULL_WRAPPER/I_CMD_STATUS/I_CMD_FIFO/USE_ASYNC_FIFO.I_ASYNC_FIFO/I_ASYNC_FIFOGEN_FIFO/xpm_fifo_instance.xpm_fifo_async_inst/gnuram_async_fifo.xpm_fifo_base_inst/gen_sdpram.xpm_memory_base_inst> is part of IP: <PROCESSING_SYSTEM_INSTANCE/design_1_i/PS2PL_DMA>. This XPM instance will be excluded from the .mmi because updatemem is prohibited from making changes to an XPM that is part of an IP.
INFO: [Memdata 28-208] The XPM instance: <PROCESSING_SYSTEM_INSTANCE/design_1_i/PS2PL_DMA/U0/I_PRMRY_DATAMOVER/GEN_MM2S_FULL.I_MM2S_FULL_WRAPPER/I_CMD_STATUS/GEN_INCLUDE_STATUS_FIFO.I_STS_FIFO/USE_ASYNC_FIFO.I_ASYNC_FIFO/I_ASYNC_FIFOGEN_FIFO/xpm_fifo_instance.xpm_fifo_async_inst/gnuram_async_fifo.xpm_fifo_base_inst/gen_sdpram.xpm_memory_base_inst> is part of IP: <PROCESSING_SYSTEM_INSTANCE/design_1_i/PS2PL_DMA>. This XPM instance will be excluded from the .mmi because updatemem is prohibited from making changes to an XPM that is part of an IP.
INFO: [Memdata 28-208] The XPM instance: <PROCESSING_SYSTEM_INSTANCE/design_1_i/PS2PL_DMA/U0/I_PRMRY_DATAMOVER/GEN_MM2S_FULL.I_MM2S_FULL_WRAPPER/GEN_INCLUDE_MM2S_SF.I_RD_SF/I_DATA_FIFO/BLK_MEM.I_SYNC_FIFOGEN_FIFO/xpm_fifo_instance.xpm_fifo_sync_inst/xpm_fifo_base_inst/gen_sdpram.xpm_memory_base_inst> is part of IP: <PROCESSING_SYSTEM_INSTANCE/design_1_i/PS2PL_DMA>. This XPM instance will be excluded from the .mmi because updatemem is prohibited from making changes to an XPM that is part of an IP.
INFO: [Memdata 28-208] The XPM instance: <PROCESSING_SYSTEM_INSTANCE/design_1_i/PL2PS_DMA/U0/I_PRMRY_DATAMOVER/GEN_S2MM_FULL.I_S2MM_FULL_WRAPPER/I_CMD_STATUS/I_CMD_FIFO/USE_ASYNC_FIFO.I_ASYNC_FIFO/I_ASYNC_FIFOGEN_FIFO/xpm_fifo_instance.xpm_fifo_async_inst/gnuram_async_fifo.xpm_fifo_base_inst/gen_sdpram.xpm_memory_base_inst> is part of IP: <PROCESSING_SYSTEM_INSTANCE/design_1_i/PL2PS_DMA>. This XPM instance will be excluded from the .mmi because updatemem is prohibited from making changes to an XPM that is part of an IP.
INFO: [Memdata 28-208] The XPM instance: <PROCESSING_SYSTEM_INSTANCE/design_1_i/PL2PS_DMA/U0/I_PRMRY_DATAMOVER/GEN_S2MM_FULL.I_S2MM_FULL_WRAPPER/I_CMD_STATUS/GEN_INCLUDE_STATUS_FIFO.I_STS_FIFO/USE_ASYNC_FIFO.I_ASYNC_FIFO/I_ASYNC_FIFOGEN_FIFO/xpm_fifo_instance.xpm_fifo_async_inst/gnuram_async_fifo.xpm_fifo_base_inst/gen_sdpram.xpm_memory_base_inst> is part of IP: <PROCESSING_SYSTEM_INSTANCE/design_1_i/PL2PS_DMA>. This XPM instance will be excluded from the .mmi because updatemem is prohibited from making changes to an XPM that is part of an IP.
INFO: [Memdata 28-167] Found XPM memory block PROCESSING_SYSTEM_INSTANCE/design_1_i/PL2PS_DMA/U0/I_PRMRY_DATAMOVER/GEN_S2MM_FULL.I_S2MM_FULL_WRAPPER/GEN_ENABLE_INDET_BTT_SF.I_INDET_BTT/I_XD_FIFO/NON_BLK_MEM.I_SYNC_FIFOGEN_FIFO/xpm_fifo_instance.xpm_fifo_sync_inst/xpm_fifo_base_inst/gen_sdpram.xpm_memory_base_inst with a P_MEMORY_PRIMITIVE property set to auto. A value of block is required. You will not be able to use the updatemem program to update the bitstream with new data for the PROCESSING_SYSTEM_INSTANCE/design_1_i/PL2PS_DMA/U0/I_PRMRY_DATAMOVER/GEN_S2MM_FULL.I_S2MM_FULL_WRAPPER/GEN_ENABLE_INDET_BTT_SF.I_INDET_BTT/I_XD_FIFO/NON_BLK_MEM.I_SYNC_FIFOGEN_FIFO/xpm_fifo_instance.xpm_fifo_sync_inst/xpm_fifo_base_inst/gen_sdpram.xpm_memory_base_inst block.
INFO: [Memdata 28-208] The XPM instance: <PROCESSING_SYSTEM_INSTANCE/design_1_i/PL2PS_DMA/U0/I_PRMRY_DATAMOVER/GEN_S2MM_FULL.I_S2MM_FULL_WRAPPER/GEN_ENABLE_INDET_BTT_SF.I_INDET_BTT/I_DATA_FIFO/BLK_MEM.I_SYNC_FIFOGEN_FIFO/xpm_fifo_instance.xpm_fifo_sync_inst/xpm_fifo_base_inst/gen_sdpram.xpm_memory_base_inst> is part of IP: <PROCESSING_SYSTEM_INSTANCE/design_1_i/PL2PS_DMA>. This XPM instance will be excluded from the .mmi because updatemem is prohibited from making changes to an XPM that is part of an IP.
Command: write_bitstream -force dvlsi2021_lab5_top.bit
Attempting to get a license for feature 'Implementation' and/or device 'xc7z010'
INFO: [Common 17-349] Got license for feature 'Implementation' and/or device 'xc7z010'
Running DRC as a precondition to command write_bitstream
INFO: [DRC 23-27] Running DRC with 2 threads
WARNING: [DRC PDRC-153] Gated clock check: Net PROCESSING_SYSTEM_INSTANCE/valid_out_reg[0] is a gated clock net sourced by a combinational pin PROCESSING_SYSTEM_INSTANCE/counter_reg[20]_i_1__0/O, cell PROCESSING_SYSTEM_INSTANCE/counter_reg[20]_i_1__0. This is not good design practice and will likely impact performance. For SLICE registers, for example, use the CE pin to control the loading of data.
WARNING: [DRC REQP-1840] RAMB18 async control check: The RAMB18E1 ACCELERATOR/S_2_P/RAM_FIFO_0/U0/inst_fifo_gen/gconvfifo.rf/grf.rf/gntv_or_sync_fifo.mem/gbm.gbmg.gbmgc.ngecc.bmg/inst_blk_mem_gen/gnbram.gnativebmg.native_blk_mem_gen/valid.cstr/ramloop[0].ram.r/prim_noinit.ram/DEVICE_7SERIES.NO_BMM_INFO.SDP.SIMPLE_PRIM18.ram has an input control pin ACCELERATOR/S_2_P/RAM_FIFO_0/U0/inst_fifo_gen/gconvfifo.rf/grf.rf/gntv_or_sync_fifo.mem/gbm.gbmg.gbmgc.ngecc.bmg/inst_blk_mem_gen/gnbram.gnativebmg.native_blk_mem_gen/valid.cstr/ramloop[0].ram.r/prim_noinit.ram/DEVICE_7SERIES.NO_BMM_INFO.SDP.SIMPLE_PRIM18.ram/ENBWREN (net: ACCELERATOR/S_2_P/RAM_FIFO_0/U0/inst_fifo_gen/gconvfifo.rf/grf.rf/gntv_or_sync_fifo.mem/gbm.gbmg.gbmgc.ngecc.bmg/inst_blk_mem_gen/gnbram.gnativebmg.native_blk_mem_gen/valid.cstr/ramloop[0].ram.r/prim_noinit.ram/tmp_ram_rd_en) which is driven by a register (ACCELERATOR/S_2_P/rd_en0_reg) that has an active asychronous set or reset. This may cause corruption of the memory contents and/or read values when the set/reset is asserted and is not analyzed by the default static timing analysis. It is suggested to eliminate the use of a set/reset to registers driving this RAMB pin or else use a synchronous reset in which the assertion of the reset is timed by default.
WARNING: [DRC REQP-1840] RAMB18 async control check: The RAMB18E1 ACCELERATOR/S_2_P/RAM_FIFO_1/U0/inst_fifo_gen/gconvfifo.rf/grf.rf/gntv_or_sync_fifo.mem/gbm.gbmg.gbmgc.ngecc.bmg/inst_blk_mem_gen/gnbram.gnativebmg.native_blk_mem_gen/valid.cstr/ramloop[0].ram.r/prim_noinit.ram/DEVICE_7SERIES.NO_BMM_INFO.SDP.SIMPLE_PRIM18.ram has an input control pin ACCELERATOR/S_2_P/RAM_FIFO_1/U0/inst_fifo_gen/gconvfifo.rf/grf.rf/gntv_or_sync_fifo.mem/gbm.gbmg.gbmgc.ngecc.bmg/inst_blk_mem_gen/gnbram.gnativebmg.native_blk_mem_gen/valid.cstr/ramloop[0].ram.r/prim_noinit.ram/DEVICE_7SERIES.NO_BMM_INFO.SDP.SIMPLE_PRIM18.ram/ENBWREN (net: ACCELERATOR/S_2_P/RAM_FIFO_1/U0/inst_fifo_gen/gconvfifo.rf/grf.rf/gntv_or_sync_fifo.mem/gbm.gbmg.gbmgc.ngecc.bmg/inst_blk_mem_gen/gnbram.gnativebmg.native_blk_mem_gen/valid.cstr/ramloop[0].ram.r/prim_noinit.ram/tmp_ram_rd_en) which is driven by a register (ACCELERATOR/S_2_P/rd_en0_reg) that has an active asychronous set or reset. This may cause corruption of the memory contents and/or read values when the set/reset is asserted and is not analyzed by the default static timing analysis. It is suggested to eliminate the use of a set/reset to registers driving this RAMB pin or else use a synchronous reset in which the assertion of the reset is timed by default.
WARNING: [DRC REQP-1840] RAMB18 async control check: The RAMB18E1 ACCELERATOR/S_2_P/RAM_FIFO_2/U0/inst_fifo_gen/gconvfifo.rf/grf.rf/gntv_or_sync_fifo.mem/gbm.gbmg.gbmgc.ngecc.bmg/inst_blk_mem_gen/gnbram.gnativebmg.native_blk_mem_gen/valid.cstr/ramloop[0].ram.r/prim_noinit.ram/DEVICE_7SERIES.NO_BMM_INFO.SDP.SIMPLE_PRIM18.ram has an input control pin ACCELERATOR/S_2_P/RAM_FIFO_2/U0/inst_fifo_gen/gconvfifo.rf/grf.rf/gntv_or_sync_fifo.mem/gbm.gbmg.gbmgc.ngecc.bmg/inst_blk_mem_gen/gnbram.gnativebmg.native_blk_mem_gen/valid.cstr/ramloop[0].ram.r/prim_noinit.ram/DEVICE_7SERIES.NO_BMM_INFO.SDP.SIMPLE_PRIM18.ram/ENBWREN (net: ACCELERATOR/S_2_P/RAM_FIFO_2/U0/inst_fifo_gen/gconvfifo.rf/grf.rf/gntv_or_sync_fifo.mem/gbm.gbmg.gbmgc.ngecc.bmg/inst_blk_mem_gen/gnbram.gnativebmg.native_blk_mem_gen/valid.cstr/ramloop[0].ram.r/prim_noinit.ram/tmp_ram_rd_en) which is driven by a register (ACCELERATOR/S_2_P/rd_en0_reg) that has an active asychronous set or reset. This may cause corruption of the memory contents and/or read values when the set/reset is asserted and is not analyzed by the default static timing analysis. It is suggested to eliminate the use of a set/reset to registers driving this RAMB pin or else use a synchronous reset in which the assertion of the reset is timed by default.
WARNING: [DRC RTSTAT-10] No routable loads: 9 net(s) have no routable loads. The problem bus(es) and/or net(s) are ACCELERATOR/S_2_P/RAM_FIFO_0/U0/inst_fifo_gen/gconvfifo.rf/grf.rf/gntv_or_sync_fifo.gl0.wr/gwss.wsts/ram_afull_fb, ACCELERATOR/S_2_P/RAM_FIFO_1/U0/inst_fifo_gen/gconvfifo.rf/grf.rf/gntv_or_sync_fifo.gl0.wr/gwss.wsts/ram_afull_fb, ACCELERATOR/S_2_P/RAM_FIFO_2/U0/inst_fifo_gen/gconvfifo.rf/grf.rf/gntv_or_sync_fifo.gl0.wr/gwss.wsts/ram_afull_fb, ACCELERATOR/S_2_P/RAM_FIFO_0/U0/inst_fifo_gen/gconvfifo.rf/grf.rf/gntv_or_sync_fifo.gl0.wr/gwss.wsts/ram_afull_i, ACCELERATOR/S_2_P/RAM_FIFO_1/U0/inst_fifo_gen/gconvfifo.rf/grf.rf/gntv_or_sync_fifo.gl0.wr/gwss.wsts/ram_afull_i, ACCELERATOR/S_2_P/RAM_FIFO_2/U0/inst_fifo_gen/gconvfifo.rf/grf.rf/gntv_or_sync_fifo.gl0.wr/gwss.wsts/ram_afull_i, ACCELERATOR/S_2_P/RAM_FIFO_0/U0/inst_fifo_gen/gconvfifo.rf/grf.rf/gntv_or_sync_fifo.gl0.wr/gwss.wsts/ram_full_i, ACCELERATOR/S_2_P/RAM_FIFO_1/U0/inst_fifo_gen/gconvfifo.rf/grf.rf/gntv_or_sync_fifo.gl0.wr/gwss.wsts/ram_full_i, and ACCELERATOR/S_2_P/RAM_FIFO_2/U0/inst_fifo_gen/gconvfifo.rf/grf.rf/gntv_or_sync_fifo.gl0.wr/gwss.wsts/ram_full_i.
INFO: [Vivado 12-3199] DRC finished with 0 Errors, 5 Warnings
INFO: [Vivado 12-3200] Please refer to the DRC report (report_drc) for more information.
INFO: [Designutils 20-2272] Running write_bitstream with 2 threads.
Loading data files...
Loading site data...
Loading route data...
Processing options...
Creating bitmap...
Creating bitstream...
Writing bitstream ./dvlsi2021_lab5_top.bit...
INFO: [Vivado 12-1842] Bitgen Completed Successfully.
INFO: [Project 1-120] WebTalk data collection is mandatory when using a WebPACK part without a full Vivado license. To see the specific WebTalk data collected for your design, open the usage_statistics_webtalk.html or usage_statistics_webtalk.xml file in the implementation directory.
INFO: [Common 17-83] Releasing license: Implementation
127 Infos, 10 Warnings, 0 Critical Warnings and 0 Errors encountered.
write_bitstream completed successfully
write_bitstream: Time (s): cpu = 00:00:32 ; elapsed = 00:00:28 . Memory (MB): peak = 1910.410 ; gain = 351.270
INFO: [Common 17-206] Exiting Vivado at Fri Jun  4 09:54:24 2021...
